2026-02-05 21:51:15 - INFO - Setting outdir /home/hurra/Projects/survey-ops/experiment_results/bc-radec-with-nightly-per-bin-completion-hist
2026-02-05 21:51:15 - INFO - Saving results in /home/hurra/Projects/survey-ops/experiment_results/bc-radec-with-nightly-per-bin-completion-hist
2026-02-05 21:51:15 - INFO - Loading raw data...
2026-02-05 21:51:15 - INFO - Loaded data from json
2026-02-05 21:51:15 - INFO - Processing raw data into OfflineDataset()...
2026-02-05 21:52:04 - INFO - Finished constructing train_dataset
2026-02-05 21:52:05 - INFO - Plotting S x A (state x action) space cornerplot (this will take some time...)
2026-02-05 21:52:15 - INFO - Corner plot saved
2026-02-05 21:52:16 - INFO - Initializing agent...
2026-02-05 21:52:16 - DEBUG - lr_scheduler is <torch.optim.lr_scheduler.CosineAnnealingLR object at 0x7effc0a84f90>
2026-02-05 21:52:16 - INFO - Starting training...
2026-02-05 21:52:16 - INFO - Total number of training steps: 8000
2026-02-05 21:52:16 - INFO - Steps per epoch: 10
2026-02-05 21:52:16 - DEBUG - Total number of lr scheduler steps: 200
2026-02-05 21:52:16 - DEBUG - Number of transitions in dataset: 10494
2026-02-05 21:52:20 - INFO - Validation check at train step 0 
 val_loss = 7.079 |  logp_expert_action = -7.079 |  action_margin = -4.486 |  entropy = 5.147 |  ang_sep = 0.492 |  unique_bins = 0.001 |  accuracy = 0.005 | 
val_loss (train batch) = 6.243 |  logp_expert_action (train batch) = -6.243 |  action_margin (train batch) = -3.653 |  entropy (train batch) = 5.139 |  ang_sep (train batch) = 0.488 |  unique_bins (train batch) = 0.001 |  accuracy (train batch) = 0.016 | 
2026-02-05 21:52:20 - INFO - Improved model at step 0. New best val loss is 7.079 Saving weights.
2026-02-05 21:52:21 - INFO - Validation check at train step 10 
 val_loss = 5.747 |  logp_expert_action = -5.747 |  action_margin = -1.727 |  entropy = 5.498 |  ang_sep = 0.300 |  unique_bins = 0.004 |  accuracy = 0.000 | 
val_loss (train batch) = 5.348 |  logp_expert_action (train batch) = -5.348 |  action_margin (train batch) = -1.416 |  entropy (train batch) = 5.396 |  ang_sep (train batch) = 0.270 |  unique_bins (train batch) = 0.004 |  accuracy (train batch) = 0.020 | 
2026-02-05 21:52:21 - INFO - Improved model at step 10. New best val loss is 5.747 Saving weights.
2026-02-05 21:52:22 - INFO - Validation check at train step 20 
 val_loss = 5.329 |  logp_expert_action = -5.329 |  action_margin = -1.512 |  entropy = 5.185 |  ang_sep = 0.191 |  unique_bins = 0.006 |  accuracy = 0.013 | 
val_loss (train batch) = 5.132 |  logp_expert_action (train batch) = -5.132 |  action_margin (train batch) = -1.319 |  entropy (train batch) = 5.172 |  ang_sep (train batch) = 0.188 |  unique_bins (train batch) = 0.006 |  accuracy (train batch) = 0.018 | 
2026-02-05 21:52:22 - INFO - Improved model at step 20. New best val loss is 5.329 Saving weights.
2026-02-05 21:52:22 - INFO - Validation check at train step 30 
 val_loss = 5.359 |  logp_expert_action = -5.359 |  action_margin = -1.606 |  entropy = 5.175 |  ang_sep = 0.300 |  unique_bins = 0.005 |  accuracy = 0.014 | 
val_loss (train batch) = 5.065 |  logp_expert_action (train batch) = -5.065 |  action_margin (train batch) = -1.381 |  entropy (train batch) = 5.080 |  ang_sep (train batch) = 0.226 |  unique_bins (train batch) = 0.006 |  accuracy (train batch) = 0.030 | 
2026-02-05 21:52:22 - DEBUG - Patience left: 49
2026-02-05 21:52:24 - INFO - Validation check at train step 40 
 val_loss = 5.218 |  logp_expert_action = -5.218 |  action_margin = -1.572 |  entropy = 5.017 |  ang_sep = 0.200 |  unique_bins = 0.008 |  accuracy = 0.015 | 
val_loss (train batch) = 5.024 |  logp_expert_action (train batch) = -5.024 |  action_margin (train batch) = -1.368 |  entropy (train batch) = 5.007 |  ang_sep (train batch) = 0.207 |  unique_bins (train batch) = 0.008 |  accuracy (train batch) = 0.030 | 
2026-02-05 21:52:24 - INFO - Improved model at step 40. New best val loss is 5.218 Saving weights.
2026-02-05 21:52:24 - INFO - Validation check at train step 50 
 val_loss = 5.229 |  logp_expert_action = -5.229 |  action_margin = -1.615 |  entropy = 5.062 |  ang_sep = 0.220 |  unique_bins = 0.006 |  accuracy = 0.028 | 
val_loss (train batch) = 4.948 |  logp_expert_action (train batch) = -4.948 |  action_margin (train batch) = -1.418 |  entropy (train batch) = 4.954 |  ang_sep (train batch) = 0.206 |  unique_bins (train batch) = 0.008 |  accuracy (train batch) = 0.035 | 
2026-02-05 21:52:24 - DEBUG - Patience left: 49
2026-02-05 21:52:26 - INFO - Validation check at train step 60 
 val_loss = 5.152 |  logp_expert_action = -5.152 |  action_margin = -1.517 |  entropy = 4.980 |  ang_sep = 0.232 |  unique_bins = 0.010 |  accuracy = 0.028 | 
val_loss (train batch) = 4.898 |  logp_expert_action (train batch) = -4.898 |  action_margin (train batch) = -1.268 |  entropy (train batch) = 4.951 |  ang_sep (train batch) = 0.232 |  unique_bins (train batch) = 0.010 |  accuracy (train batch) = 0.046 | 
2026-02-05 21:52:26 - INFO - Improved model at step 60. New best val loss is 5.152 Saving weights.
2026-02-05 21:52:26 - INFO - Validation check at train step 70 
 val_loss = 5.205 |  logp_expert_action = -5.205 |  action_margin = -1.481 |  entropy = 5.082 |  ang_sep = 0.235 |  unique_bins = 0.007 |  accuracy = 0.028 | 
val_loss (train batch) = 4.910 |  logp_expert_action (train batch) = -4.910 |  action_margin (train batch) = -1.292 |  entropy (train batch) = 4.950 |  ang_sep (train batch) = 0.213 |  unique_bins (train batch) = 0.008 |  accuracy (train batch) = 0.036 | 
2026-02-05 21:52:26 - DEBUG - Patience left: 49
2026-02-05 21:52:27 - INFO - Validation check at train step 80 
 val_loss = 5.134 |  logp_expert_action = -5.134 |  action_margin = -1.582 |  entropy = 4.912 |  ang_sep = 0.229 |  unique_bins = 0.010 |  accuracy = 0.029 | 
val_loss (train batch) = 4.879 |  logp_expert_action (train batch) = -4.879 |  action_margin (train batch) = -1.310 |  entropy (train batch) = 4.927 |  ang_sep (train batch) = 0.219 |  unique_bins (train batch) = 0.010 |  accuracy (train batch) = 0.031 | 
2026-02-05 21:52:27 - INFO - Improved model at step 80. New best val loss is 5.134 Saving weights.
2026-02-05 21:52:28 - INFO - Validation check at train step 90 
 val_loss = 5.183 |  logp_expert_action = -5.183 |  action_margin = -1.746 |  entropy = 4.949 |  ang_sep = 0.292 |  unique_bins = 0.009 |  accuracy = 0.028 | 
val_loss (train batch) = 4.793 |  logp_expert_action (train batch) = -4.793 |  action_margin (train batch) = -1.425 |  entropy (train batch) = 4.834 |  ang_sep (train batch) = 0.235 |  unique_bins (train batch) = 0.013 |  accuracy (train batch) = 0.043 | 
2026-02-05 21:52:28 - DEBUG - Patience left: 49
2026-02-05 21:52:29 - INFO - Validation check at train step 100 
 val_loss = 5.044 |  logp_expert_action = -5.044 |  action_margin = -1.701 |  entropy = 4.839 |  ang_sep = 0.222 |  unique_bins = 0.011 |  accuracy = 0.024 | 
val_loss (train batch) = 4.806 |  logp_expert_action (train batch) = -4.806 |  action_margin (train batch) = -1.463 |  entropy (train batch) = 4.837 |  ang_sep (train batch) = 0.219 |  unique_bins (train batch) = 0.010 |  accuracy (train batch) = 0.040 | 
2026-02-05 21:52:29 - INFO - Improved model at step 100. New best val loss is 5.044 Saving weights.
2026-02-05 21:52:29 - INFO - Validation check at train step 110 
 val_loss = 5.088 |  logp_expert_action = -5.088 |  action_margin = -1.535 |  entropy = 4.963 |  ang_sep = 0.235 |  unique_bins = 0.011 |  accuracy = 0.007 | 
val_loss (train batch) = 4.784 |  logp_expert_action (train batch) = -4.784 |  action_margin (train batch) = -1.351 |  entropy (train batch) = 4.845 |  ang_sep (train batch) = 0.212 |  unique_bins (train batch) = 0.014 |  accuracy (train batch) = 0.044 | 
2026-02-05 21:52:29 - DEBUG - Patience left: 49
2026-02-05 21:52:31 - INFO - Validation check at train step 120 
 val_loss = 5.052 |  logp_expert_action = -5.052 |  action_margin = -1.882 |  entropy = 4.762 |  ang_sep = 0.259 |  unique_bins = 0.014 |  accuracy = 0.021 | 
val_loss (train batch) = 4.742 |  logp_expert_action (train batch) = -4.742 |  action_margin (train batch) = -1.572 |  entropy (train batch) = 4.765 |  ang_sep (train batch) = 0.246 |  unique_bins (train batch) = 0.014 |  accuracy (train batch) = 0.051 | 
2026-02-05 21:52:31 - DEBUG - Patience left: 48
2026-02-05 21:52:31 - INFO - Validation check at train step 130 
 val_loss = 5.117 |  logp_expert_action = -5.117 |  action_margin = -1.700 |  entropy = 4.870 |  ang_sep = 0.221 |  unique_bins = 0.011 |  accuracy = 0.014 | 
val_loss (train batch) = 4.740 |  logp_expert_action (train batch) = -4.740 |  action_margin (train batch) = -1.415 |  entropy (train batch) = 4.765 |  ang_sep (train batch) = 0.208 |  unique_bins (train batch) = 0.016 |  accuracy (train batch) = 0.043 | 
2026-02-05 21:52:31 - DEBUG - Patience left: 47
2026-02-05 21:52:32 - INFO - Validation check at train step 140 
 val_loss = 4.973 |  logp_expert_action = -4.973 |  action_margin = -1.632 |  entropy = 4.765 |  ang_sep = 0.217 |  unique_bins = 0.018 |  accuracy = 0.032 | 
val_loss (train batch) = 4.674 |  logp_expert_action (train batch) = -4.674 |  action_margin (train batch) = -1.349 |  entropy (train batch) = 4.745 |  ang_sep (train batch) = 0.221 |  unique_bins (train batch) = 0.018 |  accuracy (train batch) = 0.040 | 
2026-02-05 21:52:32 - INFO - Improved model at step 140. New best val loss is 4.973 Saving weights.
2026-02-05 21:52:33 - INFO - Validation check at train step 150 
 val_loss = 4.961 |  logp_expert_action = -4.961 |  action_margin = -1.620 |  entropy = 4.836 |  ang_sep = 0.192 |  unique_bins = 0.015 |  accuracy = 0.035 | 
val_loss (train batch) = 4.527 |  logp_expert_action (train batch) = -4.527 |  action_margin (train batch) = -1.298 |  entropy (train batch) = 4.669 |  ang_sep (train batch) = 0.183 |  unique_bins (train batch) = 0.020 |  accuracy (train batch) = 0.052 | 
2026-02-05 21:52:33 - INFO - Improved model at step 150. New best val loss is 4.961 Saving weights.
2026-02-05 21:52:34 - INFO - Validation check at train step 160 
 val_loss = 4.925 |  logp_expert_action = -4.925 |  action_margin = -1.619 |  entropy = 4.755 |  ang_sep = 0.187 |  unique_bins = 0.020 |  accuracy = 0.033 | 
val_loss (train batch) = 4.646 |  logp_expert_action (train batch) = -4.646 |  action_margin (train batch) = -1.329 |  entropy (train batch) = 4.755 |  ang_sep (train batch) = 0.204 |  unique_bins (train batch) = 0.020 |  accuracy (train batch) = 0.043 | 
2026-02-05 21:52:34 - INFO - Improved model at step 160. New best val loss is 4.925 Saving weights.
2026-02-05 21:52:35 - INFO - Validation check at train step 170 
 val_loss = 4.963 |  logp_expert_action = -4.963 |  action_margin = -1.709 |  entropy = 4.769 |  ang_sep = 0.204 |  unique_bins = 0.013 |  accuracy = 0.028 | 
val_loss (train batch) = 4.523 |  logp_expert_action (train batch) = -4.523 |  action_margin (train batch) = -1.324 |  entropy (train batch) = 4.663 |  ang_sep (train batch) = 0.192 |  unique_bins (train batch) = 0.021 |  accuracy (train batch) = 0.053 | 
2026-02-05 21:52:35 - DEBUG - Patience left: 49
2026-02-05 21:52:36 - INFO - Validation check at train step 180 
 val_loss = 4.925 |  logp_expert_action = -4.925 |  action_margin = -1.912 |  entropy = 4.494 |  ang_sep = 0.213 |  unique_bins = 0.021 |  accuracy = 0.028 | 
val_loss (train batch) = 4.684 |  logp_expert_action (train batch) = -4.684 |  action_margin (train batch) = -1.653 |  entropy (train batch) = 4.495 |  ang_sep (train batch) = 0.231 |  unique_bins (train batch) = 0.021 |  accuracy (train batch) = 0.041 | 
2026-02-05 21:52:36 - DEBUG - Patience left: 48
2026-02-05 21:52:36 - INFO - Validation check at train step 190 
 val_loss = 4.879 |  logp_expert_action = -4.879 |  action_margin = -1.767 |  entropy = 4.679 |  ang_sep = 0.201 |  unique_bins = 0.014 |  accuracy = 0.028 | 
val_loss (train batch) = 4.443 |  logp_expert_action (train batch) = -4.443 |  action_margin (train batch) = -1.379 |  entropy (train batch) = 4.553 |  ang_sep (train batch) = 0.180 |  unique_bins (train batch) = 0.023 |  accuracy (train batch) = 0.065 | 
2026-02-05 21:52:36 - INFO - Improved model at step 190. New best val loss is 4.879 Saving weights.
2026-02-05 21:52:38 - INFO - Validation check at train step 200 
 val_loss = 4.770 |  logp_expert_action = -4.770 |  action_margin = -1.750 |  entropy = 4.489 |  ang_sep = 0.151 |  unique_bins = 0.025 |  accuracy = 0.048 | 
val_loss (train batch) = 4.442 |  logp_expert_action (train batch) = -4.442 |  action_margin (train batch) = -1.407 |  entropy (train batch) = 4.484 |  ang_sep (train batch) = 0.166 |  unique_bins (train batch) = 0.024 |  accuracy (train batch) = 0.048 | 
2026-02-05 21:52:38 - INFO - Improved model at step 200. New best val loss is 4.770 Saving weights.
2026-02-05 21:52:38 - INFO - Validation check at train step 210 
 val_loss = 4.889 |  logp_expert_action = -4.889 |  action_margin = -1.766 |  entropy = 4.639 |  ang_sep = 0.180 |  unique_bins = 0.016 |  accuracy = 0.028 | 
val_loss (train batch) = 4.438 |  logp_expert_action (train batch) = -4.438 |  action_margin (train batch) = -1.357 |  entropy (train batch) = 4.544 |  ang_sep (train batch) = 0.170 |  unique_bins (train batch) = 0.028 |  accuracy (train batch) = 0.045 | 
2026-02-05 21:52:38 - DEBUG - Patience left: 49
2026-02-05 21:52:40 - INFO - Validation check at train step 220 
 val_loss = 4.767 |  logp_expert_action = -4.767 |  action_margin = -1.828 |  entropy = 4.423 |  ang_sep = 0.180 |  unique_bins = 0.028 |  accuracy = 0.043 | 
val_loss (train batch) = 4.369 |  logp_expert_action (train batch) = -4.369 |  action_margin (train batch) = -1.420 |  entropy (train batch) = 4.410 |  ang_sep (train batch) = 0.190 |  unique_bins (train batch) = 0.028 |  accuracy (train batch) = 0.066 | 
2026-02-05 21:52:40 - INFO - Improved model at step 220. New best val loss is 4.767 Saving weights.
2026-02-05 21:52:40 - INFO - Validation check at train step 230 
 val_loss = 4.837 |  logp_expert_action = -4.837 |  action_margin = -1.797 |  entropy = 4.531 |  ang_sep = 0.203 |  unique_bins = 0.019 |  accuracy = 0.014 | 
val_loss (train batch) = 4.348 |  logp_expert_action (train batch) = -4.348 |  action_margin (train batch) = -1.422 |  entropy (train batch) = 4.401 |  ang_sep (train batch) = 0.157 |  unique_bins (train batch) = 0.031 |  accuracy (train batch) = 0.067 | 
2026-02-05 21:52:40 - DEBUG - Patience left: 49
2026-02-05 21:52:41 - INFO - Validation check at train step 240 
 val_loss = 4.688 |  logp_expert_action = -4.688 |  action_margin = -1.797 |  entropy = 4.384 |  ang_sep = 0.143 |  unique_bins = 0.029 |  accuracy = 0.047 | 
val_loss (train batch) = 4.252 |  logp_expert_action (train batch) = -4.252 |  action_margin (train batch) = -1.343 |  entropy (train batch) = 4.379 |  ang_sep (train batch) = 0.151 |  unique_bins (train batch) = 0.030 |  accuracy (train batch) = 0.065 | 
2026-02-05 21:52:41 - INFO - Improved model at step 240. New best val loss is 4.688 Saving weights.
2026-02-05 21:52:42 - INFO - Validation check at train step 250 
 val_loss = 4.761 |  logp_expert_action = -4.761 |  action_margin = -1.767 |  entropy = 4.513 |  ang_sep = 0.189 |  unique_bins = 0.018 |  accuracy = 0.042 | 
val_loss (train batch) = 4.312 |  logp_expert_action (train batch) = -4.312 |  action_margin (train batch) = -1.348 |  entropy (train batch) = 4.423 |  ang_sep (train batch) = 0.154 |  unique_bins (train batch) = 0.033 |  accuracy (train batch) = 0.080 | 
2026-02-05 21:52:42 - DEBUG - Patience left: 49
2026-02-05 21:52:43 - INFO - Validation check at train step 260 
 val_loss = 4.625 |  logp_expert_action = -4.625 |  action_margin = -1.720 |  entropy = 4.369 |  ang_sep = 0.144 |  unique_bins = 0.033 |  accuracy = 0.047 | 
val_loss (train batch) = 4.195 |  logp_expert_action (train batch) = -4.195 |  action_margin (train batch) = -1.278 |  entropy (train batch) = 4.384 |  ang_sep (train batch) = 0.142 |  unique_bins (train batch) = 0.033 |  accuracy (train batch) = 0.066 | 
2026-02-05 21:52:43 - INFO - Improved model at step 260. New best val loss is 4.625 Saving weights.
2026-02-05 21:52:43 - INFO - Validation check at train step 270 
 val_loss = 4.611 |  logp_expert_action = -4.611 |  action_margin = -1.653 |  entropy = 4.459 |  ang_sep = 0.161 |  unique_bins = 0.021 |  accuracy = 0.049 | 
val_loss (train batch) = 4.119 |  logp_expert_action (train batch) = -4.119 |  action_margin (train batch) = -1.224 |  entropy (train batch) = 4.338 |  ang_sep (train batch) = 0.141 |  unique_bins (train batch) = 0.038 |  accuracy (train batch) = 0.080 | 
2026-02-05 21:52:43 - INFO - Improved model at step 270. New best val loss is 4.611 Saving weights.
2026-02-05 21:52:45 - INFO - Validation check at train step 280 
 val_loss = 4.616 |  logp_expert_action = -4.616 |  action_margin = -1.819 |  entropy = 4.266 |  ang_sep = 0.144 |  unique_bins = 0.037 |  accuracy = 0.046 | 
val_loss (train batch) = 4.184 |  logp_expert_action (train batch) = -4.184 |  action_margin (train batch) = -1.356 |  entropy (train batch) = 4.279 |  ang_sep (train batch) = 0.146 |  unique_bins (train batch) = 0.037 |  accuracy (train batch) = 0.098 | 
2026-02-05 21:52:45 - DEBUG - Patience left: 49
2026-02-05 21:52:45 - INFO - Validation check at train step 290 
 val_loss = 4.637 |  logp_expert_action = -4.637 |  action_margin = -1.701 |  entropy = 4.423 |  ang_sep = 0.156 |  unique_bins = 0.024 |  accuracy = 0.028 | 
val_loss (train batch) = 4.151 |  logp_expert_action (train batch) = -4.151 |  action_margin (train batch) = -1.306 |  entropy (train batch) = 4.302 |  ang_sep (train batch) = 0.135 |  unique_bins (train batch) = 0.039 |  accuracy (train batch) = 0.068 | 
2026-02-05 21:52:45 - DEBUG - Patience left: 48
2026-02-05 21:52:46 - INFO - Validation check at train step 300 
 val_loss = 4.599 |  logp_expert_action = -4.599 |  action_margin = -1.857 |  entropy = 4.204 |  ang_sep = 0.136 |  unique_bins = 0.039 |  accuracy = 0.046 | 
val_loss (train batch) = 4.071 |  logp_expert_action (train batch) = -4.071 |  action_margin (train batch) = -1.339 |  entropy (train batch) = 4.192 |  ang_sep (train batch) = 0.138 |  unique_bins (train batch) = 0.038 |  accuracy (train batch) = 0.080 | 
2026-02-05 21:52:46 - INFO - Improved model at step 300. New best val loss is 4.599 Saving weights.
2026-02-05 21:52:47 - INFO - Validation check at train step 310 
 val_loss = 4.541 |  logp_expert_action = -4.541 |  action_margin = -1.756 |  entropy = 4.274 |  ang_sep = 0.158 |  unique_bins = 0.024 |  accuracy = 0.070 | 
val_loss (train batch) = 4.054 |  logp_expert_action (train batch) = -4.054 |  action_margin (train batch) = -1.359 |  entropy (train batch) = 4.154 |  ang_sep (train batch) = 0.137 |  unique_bins (train batch) = 0.041 |  accuracy (train batch) = 0.081 | 
2026-02-05 21:52:47 - INFO - Improved model at step 310. New best val loss is 4.541 Saving weights.
2026-02-05 21:52:48 - INFO - Validation check at train step 320 
 val_loss = 4.504 |  logp_expert_action = -4.504 |  action_margin = -1.791 |  entropy = 4.179 |  ang_sep = 0.134 |  unique_bins = 0.043 |  accuracy = 0.063 | 
val_loss (train batch) = 3.997 |  logp_expert_action (train batch) = -3.997 |  action_margin (train batch) = -1.302 |  entropy (train batch) = 4.149 |  ang_sep (train batch) = 0.132 |  unique_bins (train batch) = 0.043 |  accuracy (train batch) = 0.085 | 
2026-02-05 21:52:48 - INFO - Improved model at step 320. New best val loss is 4.504 Saving weights.
2026-02-05 21:52:49 - INFO - Validation check at train step 330 
 val_loss = 4.527 |  logp_expert_action = -4.527 |  action_margin = -1.751 |  entropy = 4.248 |  ang_sep = 0.124 |  unique_bins = 0.026 |  accuracy = 0.049 | 
val_loss (train batch) = 3.921 |  logp_expert_action (train batch) = -3.921 |  action_margin (train batch) = -1.212 |  entropy (train batch) = 4.142 |  ang_sep (train batch) = 0.114 |  unique_bins (train batch) = 0.046 |  accuracy (train batch) = 0.106 | 
2026-02-05 21:52:49 - DEBUG - Patience left: 49
2026-02-05 21:52:50 - INFO - Validation check at train step 340 
 val_loss = 4.528 |  logp_expert_action = -4.528 |  action_margin = -1.863 |  entropy = 4.133 |  ang_sep = 0.135 |  unique_bins = 0.044 |  accuracy = 0.053 | 
val_loss (train batch) = 4.006 |  logp_expert_action (train batch) = -4.006 |  action_margin (train batch) = -1.329 |  entropy (train batch) = 4.128 |  ang_sep (train batch) = 0.127 |  unique_bins (train batch) = 0.046 |  accuracy (train batch) = 0.073 | 
2026-02-05 21:52:50 - DEBUG - Patience left: 48
2026-02-05 21:52:50 - INFO - Validation check at train step 350 
 val_loss = 4.407 |  logp_expert_action = -4.407 |  action_margin = -1.703 |  entropy = 4.205 |  ang_sep = 0.159 |  unique_bins = 0.023 |  accuracy = 0.056 | 
val_loss (train batch) = 4.006 |  logp_expert_action (train batch) = -4.006 |  action_margin (train batch) = -1.414 |  entropy (train batch) = 4.060 |  ang_sep (train batch) = 0.133 |  unique_bins (train batch) = 0.041 |  accuracy (train batch) = 0.070 | 
2026-02-05 21:52:50 - INFO - Improved model at step 350. New best val loss is 4.407 Saving weights.
2026-02-05 21:52:52 - INFO - Validation check at train step 360 
 val_loss = 4.438 |  logp_expert_action = -4.438 |  action_margin = -1.810 |  entropy = 4.113 |  ang_sep = 0.123 |  unique_bins = 0.049 |  accuracy = 0.064 | 
val_loss (train batch) = 3.898 |  logp_expert_action (train batch) = -3.898 |  action_margin (train batch) = -1.261 |  entropy (train batch) = 4.120 |  ang_sep (train batch) = 0.125 |  unique_bins (train batch) = 0.046 |  accuracy (train batch) = 0.104 | 
2026-02-05 21:52:52 - DEBUG - Patience left: 49
2026-02-05 21:52:52 - INFO - Validation check at train step 370 
 val_loss = 4.391 |  logp_expert_action = -4.391 |  action_margin = -1.758 |  entropy = 4.141 |  ang_sep = 0.131 |  unique_bins = 0.024 |  accuracy = 0.063 | 
val_loss (train batch) = 3.783 |  logp_expert_action (train batch) = -3.783 |  action_margin (train batch) = -1.198 |  entropy (train batch) = 4.027 |  ang_sep (train batch) = 0.109 |  unique_bins (train batch) = 0.049 |  accuracy (train batch) = 0.107 | 
2026-02-05 21:52:52 - INFO - Improved model at step 370. New best val loss is 4.391 Saving weights.
2026-02-05 21:52:53 - INFO - Validation check at train step 380 
 val_loss = 4.382 |  logp_expert_action = -4.382 |  action_margin = -1.760 |  entropy = 4.071 |  ang_sep = 0.120 |  unique_bins = 0.047 |  accuracy = 0.061 | 
val_loss (train batch) = 3.799 |  logp_expert_action (train batch) = -3.799 |  action_margin (train batch) = -1.213 |  entropy (train batch) = 4.026 |  ang_sep (train batch) = 0.114 |  unique_bins (train batch) = 0.047 |  accuracy (train batch) = 0.098 | 
2026-02-05 21:52:53 - INFO - Improved model at step 380. New best val loss is 4.382 Saving weights.
2026-02-05 21:52:54 - INFO - Validation check at train step 390 
 val_loss = 4.416 |  logp_expert_action = -4.416 |  action_margin = -1.813 |  entropy = 4.089 |  ang_sep = 0.121 |  unique_bins = 0.023 |  accuracy = 0.063 | 
val_loss (train batch) = 3.912 |  logp_expert_action (train batch) = -3.912 |  action_margin (train batch) = -1.370 |  entropy (train batch) = 4.019 |  ang_sep (train batch) = 0.122 |  unique_bins (train batch) = 0.044 |  accuracy (train batch) = 0.091 | 
2026-02-05 21:52:54 - DEBUG - Patience left: 49
2026-02-05 21:52:55 - INFO - Validation check at train step 400 
 val_loss = 4.498 |  logp_expert_action = -4.498 |  action_margin = -2.100 |  entropy = 3.875 |  ang_sep = 0.137 |  unique_bins = 0.047 |  accuracy = 0.055 | 
val_loss (train batch) = 3.870 |  logp_expert_action (train batch) = -3.870 |  action_margin (train batch) = -1.449 |  entropy (train batch) = 3.894 |  ang_sep (train batch) = 0.137 |  unique_bins (train batch) = 0.049 |  accuracy (train batch) = 0.098 | 
2026-02-05 21:52:55 - DEBUG - Patience left: 48
2026-02-05 21:52:55 - INFO - Validation check at train step 410 
 val_loss = 4.271 |  logp_expert_action = -4.271 |  action_margin = -1.654 |  entropy = 4.078 |  ang_sep = 0.136 |  unique_bins = 0.027 |  accuracy = 0.077 | 
val_loss (train batch) = 3.655 |  logp_expert_action (train batch) = -3.655 |  action_margin (train batch) = -1.134 |  entropy (train batch) = 3.969 |  ang_sep (train batch) = 0.115 |  unique_bins (train batch) = 0.053 |  accuracy (train batch) = 0.123 | 
2026-02-05 21:52:55 - INFO - Improved model at step 410. New best val loss is 4.271 Saving weights.
2026-02-05 21:52:57 - INFO - Validation check at train step 420 
 val_loss = 4.410 |  logp_expert_action = -4.410 |  action_margin = -2.021 |  entropy = 3.829 |  ang_sep = 0.120 |  unique_bins = 0.052 |  accuracy = 0.071 | 
val_loss (train batch) = 3.770 |  logp_expert_action (train batch) = -3.770 |  action_margin (train batch) = -1.357 |  entropy (train batch) = 3.846 |  ang_sep (train batch) = 0.126 |  unique_bins (train batch) = 0.052 |  accuracy (train batch) = 0.109 | 
2026-02-05 21:52:57 - DEBUG - Patience left: 49
2026-02-05 21:52:57 - INFO - Validation check at train step 430 
 val_loss = 4.230 |  logp_expert_action = -4.230 |  action_margin = -1.727 |  entropy = 4.001 |  ang_sep = 0.141 |  unique_bins = 0.026 |  accuracy = 0.077 | 
val_loss (train batch) = 3.665 |  logp_expert_action (train batch) = -3.665 |  action_margin (train batch) = -1.215 |  entropy (train batch) = 3.902 |  ang_sep (train batch) = 0.116 |  unique_bins (train batch) = 0.052 |  accuracy (train batch) = 0.117 | 
2026-02-05 21:52:57 - INFO - Improved model at step 430. New best val loss is 4.230 Saving weights.
2026-02-05 21:52:58 - INFO - Validation check at train step 440 
 val_loss = 4.382 |  logp_expert_action = -4.382 |  action_margin = -2.012 |  entropy = 3.814 |  ang_sep = 0.123 |  unique_bins = 0.055 |  accuracy = 0.061 | 
val_loss (train batch) = 3.664 |  logp_expert_action (train batch) = -3.664 |  action_margin (train batch) = -1.292 |  entropy (train batch) = 3.789 |  ang_sep (train batch) = 0.115 |  unique_bins (train batch) = 0.054 |  accuracy (train batch) = 0.112 | 
2026-02-05 21:52:58 - DEBUG - Patience left: 49
2026-02-05 21:52:59 - INFO - Validation check at train step 450 
 val_loss = 4.497 |  logp_expert_action = -4.497 |  action_margin = -2.066 |  entropy = 3.933 |  ang_sep = 0.120 |  unique_bins = 0.024 |  accuracy = 0.070 | 
val_loss (train batch) = 4.056 |  logp_expert_action (train batch) = -4.056 |  action_margin (train batch) = -1.634 |  entropy (train batch) = 3.873 |  ang_sep (train batch) = 0.115 |  unique_bins (train batch) = 0.044 |  accuracy (train batch) = 0.074 | 
2026-02-05 21:52:59 - DEBUG - Patience left: 48
2026-02-05 21:53:00 - INFO - Validation check at train step 460 
 val_loss = 4.305 |  logp_expert_action = -4.305 |  action_margin = -1.860 |  entropy = 3.902 |  ang_sep = 0.113 |  unique_bins = 0.063 |  accuracy = 0.082 | 
val_loss (train batch) = 3.617 |  logp_expert_action (train batch) = -3.617 |  action_margin (train batch) = -1.154 |  entropy (train batch) = 3.901 |  ang_sep (train batch) = 0.103 |  unique_bins (train batch) = 0.063 |  accuracy (train batch) = 0.133 | 
2026-02-05 21:53:00 - DEBUG - Patience left: 47
2026-02-05 21:53:00 - INFO - Validation check at train step 470 
 val_loss = 4.142 |  logp_expert_action = -4.142 |  action_margin = -1.766 |  entropy = 3.880 |  ang_sep = 0.113 |  unique_bins = 0.027 |  accuracy = 0.106 | 
val_loss (train batch) = 3.533 |  logp_expert_action (train batch) = -3.533 |  action_margin (train batch) = -1.154 |  entropy (train batch) = 3.799 |  ang_sep (train batch) = 0.099 |  unique_bins (train batch) = 0.059 |  accuracy (train batch) = 0.145 | 
2026-02-05 21:53:00 - INFO - Improved model at step 470. New best val loss is 4.142 Saving weights.
2026-02-05 21:53:02 - INFO - Validation check at train step 480 
 val_loss = 4.213 |  logp_expert_action = -4.213 |  action_margin = -1.852 |  entropy = 3.795 |  ang_sep = 0.109 |  unique_bins = 0.063 |  accuracy = 0.088 | 
val_loss (train batch) = 3.551 |  logp_expert_action (train batch) = -3.551 |  action_margin (train batch) = -1.186 |  entropy (train batch) = 3.771 |  ang_sep (train batch) = 0.106 |  unique_bins (train batch) = 0.064 |  accuracy (train batch) = 0.144 | 
2026-02-05 21:53:02 - DEBUG - Patience left: 49
2026-02-05 21:53:02 - INFO - Validation check at train step 490 
 val_loss = 4.097 |  logp_expert_action = -4.097 |  action_margin = -1.772 |  entropy = 3.778 |  ang_sep = 0.116 |  unique_bins = 0.030 |  accuracy = 0.070 | 
val_loss (train batch) = 3.433 |  logp_expert_action (train batch) = -3.433 |  action_margin (train batch) = -1.151 |  entropy (train batch) = 3.684 |  ang_sep (train batch) = 0.103 |  unique_bins (train batch) = 0.064 |  accuracy (train batch) = 0.142 | 
2026-02-05 21:53:02 - INFO - Improved model at step 490. New best val loss is 4.097 Saving weights.
2026-02-05 21:53:03 - INFO - Validation check at train step 500 
 val_loss = 4.365 |  logp_expert_action = -4.365 |  action_margin = -2.203 |  entropy = 3.619 |  ang_sep = 0.124 |  unique_bins = 0.056 |  accuracy = 0.063 | 
val_loss (train batch) = 3.573 |  logp_expert_action (train batch) = -3.573 |  action_margin (train batch) = -1.417 |  entropy (train batch) = 3.567 |  ang_sep (train batch) = 0.113 |  unique_bins (train batch) = 0.054 |  accuracy (train batch) = 0.133 | 
2026-02-05 21:53:03 - DEBUG - Patience left: 49
2026-02-05 21:53:03 - INFO - Validation check at train step 510 
 val_loss = 3.944 |  logp_expert_action = -3.944 |  action_margin = -1.578 |  entropy = 3.801 |  ang_sep = 0.099 |  unique_bins = 0.032 |  accuracy = 0.113 | 
val_loss (train batch) = 3.318 |  logp_expert_action (train batch) = -3.318 |  action_margin (train batch) = -0.983 |  entropy (train batch) = 3.705 |  ang_sep (train batch) = 0.093 |  unique_bins (train batch) = 0.072 |  accuracy (train batch) = 0.185 | 
2026-02-05 21:53:03 - INFO - Improved model at step 510. New best val loss is 3.944 Saving weights.
2026-02-05 21:53:05 - INFO - Validation check at train step 520 
 val_loss = 4.105 |  logp_expert_action = -4.105 |  action_margin = -1.887 |  entropy = 3.648 |  ang_sep = 0.103 |  unique_bins = 0.066 |  accuracy = 0.104 | 
val_loss (train batch) = 3.316 |  logp_expert_action (train batch) = -3.316 |  action_margin (train batch) = -1.067 |  entropy (train batch) = 3.624 |  ang_sep (train batch) = 0.092 |  unique_bins (train batch) = 0.064 |  accuracy (train batch) = 0.181 | 
2026-02-05 21:53:05 - DEBUG - Patience left: 49
2026-02-05 21:53:05 - INFO - Validation check at train step 530 
 val_loss = 3.859 |  logp_expert_action = -3.859 |  action_margin = -1.584 |  entropy = 3.713 |  ang_sep = 0.110 |  unique_bins = 0.029 |  accuracy = 0.120 | 
val_loss (train batch) = 3.340 |  logp_expert_action (train batch) = -3.340 |  action_margin (train batch) = -1.083 |  entropy (train batch) = 3.637 |  ang_sep (train batch) = 0.098 |  unique_bins (train batch) = 0.066 |  accuracy (train batch) = 0.162 | 
2026-02-05 21:53:05 - INFO - Improved model at step 530. New best val loss is 3.859 Saving weights.
2026-02-05 21:53:06 - INFO - Validation check at train step 540 
 val_loss = 4.133 |  logp_expert_action = -4.133 |  action_margin = -1.974 |  entropy = 3.551 |  ang_sep = 0.108 |  unique_bins = 0.072 |  accuracy = 0.092 | 
val_loss (train batch) = 3.315 |  logp_expert_action (train batch) = -3.315 |  action_margin (train batch) = -1.168 |  entropy (train batch) = 3.514 |  ang_sep (train batch) = 0.095 |  unique_bins (train batch) = 0.072 |  accuracy (train batch) = 0.141 | 
2026-02-05 21:53:06 - DEBUG - Patience left: 49
2026-02-05 21:53:07 - INFO - Validation check at train step 550 
 val_loss = 4.042 |  logp_expert_action = -4.042 |  action_margin = -1.790 |  entropy = 3.690 |  ang_sep = 0.107 |  unique_bins = 0.030 |  accuracy = 0.113 | 
val_loss (train batch) = 3.427 |  logp_expert_action (train batch) = -3.427 |  action_margin (train batch) = -1.198 |  entropy (train batch) = 3.621 |  ang_sep (train batch) = 0.090 |  unique_bins (train batch) = 0.066 |  accuracy (train batch) = 0.156 | 
2026-02-05 21:53:07 - DEBUG - Patience left: 48
2026-02-05 21:53:08 - INFO - Validation check at train step 560 
 val_loss = 4.278 |  logp_expert_action = -4.278 |  action_margin = -2.142 |  entropy = 3.529 |  ang_sep = 0.119 |  unique_bins = 0.072 |  accuracy = 0.069 | 
val_loss (train batch) = 3.452 |  logp_expert_action (train batch) = -3.452 |  action_margin (train batch) = -1.307 |  entropy (train batch) = 3.492 |  ang_sep (train batch) = 0.099 |  unique_bins (train batch) = 0.067 |  accuracy (train batch) = 0.137 | 
2026-02-05 21:53:08 - DEBUG - Patience left: 47
2026-02-05 21:53:08 - INFO - Validation check at train step 570 
 val_loss = 3.905 |  logp_expert_action = -3.905 |  action_margin = -1.707 |  entropy = 3.642 |  ang_sep = 0.091 |  unique_bins = 0.030 |  accuracy = 0.162 | 
val_loss (train batch) = 3.272 |  logp_expert_action (train batch) = -3.272 |  action_margin (train batch) = -1.067 |  entropy (train batch) = 3.591 |  ang_sep (train batch) = 0.094 |  unique_bins (train batch) = 0.074 |  accuracy (train batch) = 0.178 | 
2026-02-05 21:53:08 - DEBUG - Patience left: 46
2026-02-05 21:53:10 - INFO - Validation check at train step 580 
 val_loss = 4.175 |  logp_expert_action = -4.175 |  action_margin = -2.085 |  entropy = 3.481 |  ang_sep = 0.113 |  unique_bins = 0.075 |  accuracy = 0.093 | 
val_loss (train batch) = 3.357 |  logp_expert_action (train batch) = -3.357 |  action_margin (train batch) = -1.266 |  entropy (train batch) = 3.452 |  ang_sep (train batch) = 0.102 |  unique_bins (train batch) = 0.072 |  accuracy (train batch) = 0.134 | 
2026-02-05 21:53:10 - DEBUG - Patience left: 45
2026-02-05 21:53:10 - INFO - Validation check at train step 590 
 val_loss = 3.981 |  logp_expert_action = -3.981 |  action_margin = -1.868 |  entropy = 3.486 |  ang_sep = 0.115 |  unique_bins = 0.031 |  accuracy = 0.092 | 
val_loss (train batch) = 3.288 |  logp_expert_action (train batch) = -3.288 |  action_margin (train batch) = -1.237 |  entropy (train batch) = 3.396 |  ang_sep (train batch) = 0.097 |  unique_bins (train batch) = 0.076 |  accuracy (train batch) = 0.150 | 
2026-02-05 21:53:10 - DEBUG - Patience left: 44
2026-02-05 21:53:11 - INFO - Validation check at train step 600 
 val_loss = 4.061 |  logp_expert_action = -4.061 |  action_margin = -1.913 |  entropy = 3.555 |  ang_sep = 0.090 |  unique_bins = 0.072 |  accuracy = 0.113 | 
val_loss (train batch) = 3.177 |  logp_expert_action (train batch) = -3.177 |  action_margin (train batch) = -1.022 |  entropy (train batch) = 3.506 |  ang_sep (train batch) = 0.084 |  unique_bins (train batch) = 0.073 |  accuracy (train batch) = 0.192 | 
2026-02-05 21:53:11 - DEBUG - Patience left: 43
2026-02-05 21:53:11 - INFO - Validation check at train step 610 
 val_loss = 3.763 |  logp_expert_action = -3.763 |  action_margin = -1.644 |  entropy = 3.500 |  ang_sep = 0.097 |  unique_bins = 0.030 |  accuracy = 0.162 | 
val_loss (train batch) = 3.119 |  logp_expert_action (train batch) = -3.119 |  action_margin (train batch) = -1.046 |  entropy (train batch) = 3.408 |  ang_sep (train batch) = 0.090 |  unique_bins (train batch) = 0.076 |  accuracy (train batch) = 0.205 | 
2026-02-05 21:53:11 - INFO - Improved model at step 610. New best val loss is 3.763 Saving weights.
2026-02-05 21:53:13 - INFO - Validation check at train step 620 
 val_loss = 3.983 |  logp_expert_action = -3.983 |  action_margin = -1.928 |  entropy = 3.442 |  ang_sep = 0.093 |  unique_bins = 0.074 |  accuracy = 0.119 | 
val_loss (train batch) = 3.119 |  logp_expert_action (train batch) = -3.119 |  action_margin (train batch) = -1.022 |  entropy (train batch) = 3.432 |  ang_sep (train batch) = 0.080 |  unique_bins (train batch) = 0.077 |  accuracy (train batch) = 0.211 | 
2026-02-05 21:53:13 - DEBUG - Patience left: 49
2026-02-05 21:53:13 - INFO - Validation check at train step 630 
 val_loss = 3.812 |  logp_expert_action = -3.812 |  action_margin = -1.721 |  entropy = 3.439 |  ang_sep = 0.111 |  unique_bins = 0.033 |  accuracy = 0.134 | 
val_loss (train batch) = 3.137 |  logp_expert_action (train batch) = -3.137 |  action_margin (train batch) = -1.094 |  entropy (train batch) = 3.342 |  ang_sep (train batch) = 0.091 |  unique_bins (train batch) = 0.077 |  accuracy (train batch) = 0.195 | 
2026-02-05 21:53:13 - DEBUG - Patience left: 48
2026-02-05 21:53:14 - INFO - Validation check at train step 640 
 val_loss = 4.077 |  logp_expert_action = -4.077 |  action_margin = -2.116 |  entropy = 3.316 |  ang_sep = 0.100 |  unique_bins = 0.079 |  accuracy = 0.094 | 
val_loss (train batch) = 3.204 |  logp_expert_action (train batch) = -3.204 |  action_margin (train batch) = -1.229 |  entropy (train batch) = 3.279 |  ang_sep (train batch) = 0.091 |  unique_bins (train batch) = 0.079 |  accuracy (train batch) = 0.179 | 
2026-02-05 21:53:14 - DEBUG - Patience left: 47
2026-02-05 21:53:15 - INFO - Validation check at train step 650 
 val_loss = 3.929 |  logp_expert_action = -3.929 |  action_margin = -1.978 |  entropy = 3.386 |  ang_sep = 0.094 |  unique_bins = 0.029 |  accuracy = 0.113 | 
val_loss (train batch) = 3.213 |  logp_expert_action (train batch) = -3.213 |  action_margin (train batch) = -1.177 |  entropy (train batch) = 3.347 |  ang_sep (train batch) = 0.087 |  unique_bins (train batch) = 0.074 |  accuracy (train batch) = 0.177 | 
2026-02-05 21:53:15 - DEBUG - Patience left: 46
2026-02-05 21:53:16 - INFO - Validation check at train step 660 
 val_loss = 3.940 |  logp_expert_action = -3.940 |  action_margin = -1.966 |  entropy = 3.326 |  ang_sep = 0.091 |  unique_bins = 0.078 |  accuracy = 0.127 | 
val_loss (train batch) = 3.004 |  logp_expert_action (train batch) = -3.004 |  action_margin (train batch) = -1.007 |  entropy (train batch) = 3.271 |  ang_sep (train batch) = 0.081 |  unique_bins (train batch) = 0.077 |  accuracy (train batch) = 0.221 | 
2026-02-05 21:53:16 - DEBUG - Patience left: 45
2026-02-05 21:53:16 - INFO - Validation check at train step 670 
 val_loss = 3.667 |  logp_expert_action = -3.667 |  action_margin = -1.640 |  entropy = 3.343 |  ang_sep = 0.093 |  unique_bins = 0.033 |  accuracy = 0.190 | 
val_loss (train batch) = 2.917 |  logp_expert_action (train batch) = -2.917 |  action_margin (train batch) = -0.937 |  entropy (train batch) = 3.233 |  ang_sep (train batch) = 0.082 |  unique_bins (train batch) = 0.081 |  accuracy (train batch) = 0.229 | 
2026-02-05 21:53:16 - INFO - Improved model at step 670. New best val loss is 3.667 Saving weights.
2026-02-05 21:53:18 - INFO - Validation check at train step 680 
 val_loss = 4.080 |  logp_expert_action = -4.080 |  action_margin = -2.172 |  entropy = 3.231 |  ang_sep = 0.098 |  unique_bins = 0.079 |  accuracy = 0.097 | 
val_loss (train batch) = 3.053 |  logp_expert_action (train batch) = -3.053 |  action_margin (train batch) = -1.125 |  entropy (train batch) = 3.196 |  ang_sep (train batch) = 0.085 |  unique_bins (train batch) = 0.081 |  accuracy (train batch) = 0.188 | 
2026-02-05 21:53:18 - DEBUG - Patience left: 49
2026-02-05 21:53:18 - INFO - Validation check at train step 690 
 val_loss = 3.723 |  logp_expert_action = -3.723 |  action_margin = -1.731 |  entropy = 3.355 |  ang_sep = 0.083 |  unique_bins = 0.034 |  accuracy = 0.183 | 
val_loss (train batch) = 2.998 |  logp_expert_action (train batch) = -2.998 |  action_margin (train batch) = -1.005 |  entropy (train batch) = 3.273 |  ang_sep (train batch) = 0.081 |  unique_bins (train batch) = 0.082 |  accuracy (train batch) = 0.218 | 
2026-02-05 21:53:18 - DEBUG - Patience left: 48
2026-02-05 21:53:19 - INFO - Validation check at train step 700 
 val_loss = 3.912 |  logp_expert_action = -3.912 |  action_margin = -1.964 |  entropy = 3.277 |  ang_sep = 0.083 |  unique_bins = 0.080 |  accuracy = 0.139 | 
val_loss (train batch) = 2.875 |  logp_expert_action (train batch) = -2.875 |  action_margin (train batch) = -0.879 |  entropy (train batch) = 3.263 |  ang_sep (train batch) = 0.068 |  unique_bins (train batch) = 0.081 |  accuracy (train batch) = 0.221 | 
2026-02-05 21:53:19 - DEBUG - Patience left: 47
2026-02-05 21:53:19 - INFO - Validation check at train step 710 
 val_loss = 3.709 |  logp_expert_action = -3.709 |  action_margin = -1.792 |  entropy = 3.291 |  ang_sep = 0.084 |  unique_bins = 0.033 |  accuracy = 0.176 | 
val_loss (train batch) = 2.857 |  logp_expert_action (train batch) = -2.857 |  action_margin (train batch) = -0.905 |  entropy (train batch) = 3.221 |  ang_sep (train batch) = 0.074 |  unique_bins (train batch) = 0.081 |  accuracy (train batch) = 0.239 | 
2026-02-05 21:53:19 - DEBUG - Patience left: 46
2026-02-05 21:53:21 - INFO - Validation check at train step 720 
 val_loss = 3.845 |  logp_expert_action = -3.845 |  action_margin = -1.948 |  entropy = 3.237 |  ang_sep = 0.080 |  unique_bins = 0.084 |  accuracy = 0.157 | 
val_loss (train batch) = 2.915 |  logp_expert_action (train batch) = -2.915 |  action_margin (train batch) = -0.976 |  entropy (train batch) = 3.194 |  ang_sep (train batch) = 0.072 |  unique_bins (train batch) = 0.082 |  accuracy (train batch) = 0.245 | 
2026-02-05 21:53:21 - DEBUG - Patience left: 45
2026-02-05 21:53:21 - INFO - Validation check at train step 730 
 val_loss = 3.699 |  logp_expert_action = -3.699 |  action_margin = -1.801 |  entropy = 3.227 |  ang_sep = 0.084 |  unique_bins = 0.034 |  accuracy = 0.155 | 
val_loss (train batch) = 2.858 |  logp_expert_action (train batch) = -2.858 |  action_margin (train batch) = -0.951 |  entropy (train batch) = 3.160 |  ang_sep (train batch) = 0.074 |  unique_bins (train batch) = 0.083 |  accuracy (train batch) = 0.244 | 
2026-02-05 21:53:21 - DEBUG - Patience left: 44
2026-02-05 21:53:22 - INFO - Validation check at train step 740 
 val_loss = 3.861 |  logp_expert_action = -3.861 |  action_margin = -1.984 |  entropy = 3.200 |  ang_sep = 0.082 |  unique_bins = 0.088 |  accuracy = 0.152 | 
val_loss (train batch) = 2.819 |  logp_expert_action (train batch) = -2.819 |  action_margin (train batch) = -0.882 |  entropy (train batch) = 3.172 |  ang_sep (train batch) = 0.071 |  unique_bins (train batch) = 0.086 |  accuracy (train batch) = 0.273 | 
2026-02-05 21:53:22 - DEBUG - Patience left: 43
2026-02-05 21:53:23 - INFO - Validation check at train step 750 
 val_loss = 3.680 |  logp_expert_action = -3.680 |  action_margin = -1.769 |  entropy = 3.218 |  ang_sep = 0.105 |  unique_bins = 0.035 |  accuracy = 0.148 | 
val_loss (train batch) = 2.731 |  logp_expert_action (train batch) = -2.731 |  action_margin (train batch) = -0.831 |  entropy (train batch) = 3.101 |  ang_sep (train batch) = 0.068 |  unique_bins (train batch) = 0.086 |  accuracy (train batch) = 0.290 | 
2026-02-05 21:53:23 - DEBUG - Patience left: 42
2026-02-05 21:53:24 - INFO - Validation check at train step 760 
 val_loss = 3.865 |  logp_expert_action = -3.865 |  action_margin = -2.012 |  entropy = 3.139 |  ang_sep = 0.081 |  unique_bins = 0.084 |  accuracy = 0.159 | 
val_loss (train batch) = 2.787 |  logp_expert_action (train batch) = -2.787 |  action_margin (train batch) = -0.889 |  entropy (train batch) = 3.089 |  ang_sep (train batch) = 0.071 |  unique_bins (train batch) = 0.083 |  accuracy (train batch) = 0.270 | 
2026-02-05 21:53:24 - DEBUG - Patience left: 41
2026-02-05 21:53:24 - INFO - Validation check at train step 770 
 val_loss = 3.578 |  logp_expert_action = -3.578 |  action_margin = -1.703 |  entropy = 3.182 |  ang_sep = 0.082 |  unique_bins = 0.035 |  accuracy = 0.204 | 
val_loss (train batch) = 2.702 |  logp_expert_action (train batch) = -2.702 |  action_margin (train batch) = -0.794 |  entropy (train batch) = 3.104 |  ang_sep (train batch) = 0.067 |  unique_bins (train batch) = 0.086 |  accuracy (train batch) = 0.281 | 
2026-02-05 21:53:24 - INFO - Improved model at step 770. New best val loss is 3.578 Saving weights.
2026-02-05 21:53:26 - INFO - Validation check at train step 780 
 val_loss = 3.851 |  logp_expert_action = -3.851 |  action_margin = -2.045 |  entropy = 3.081 |  ang_sep = 0.078 |  unique_bins = 0.086 |  accuracy = 0.166 | 
val_loss (train batch) = 2.779 |  logp_expert_action (train batch) = -2.779 |  action_margin (train batch) = -0.901 |  entropy (train batch) = 3.060 |  ang_sep (train batch) = 0.065 |  unique_bins (train batch) = 0.088 |  accuracy (train batch) = 0.257 | 
2026-02-05 21:53:26 - DEBUG - Patience left: 49
2026-02-05 21:53:26 - INFO - Validation check at train step 790 
 val_loss = 3.726 |  logp_expert_action = -3.726 |  action_margin = -1.947 |  entropy = 3.109 |  ang_sep = 0.092 |  unique_bins = 0.032 |  accuracy = 0.141 | 
val_loss (train batch) = 2.751 |  logp_expert_action (train batch) = -2.751 |  action_margin (train batch) = -0.891 |  entropy (train batch) = 3.031 |  ang_sep (train batch) = 0.070 |  unique_bins (train batch) = 0.085 |  accuracy (train batch) = 0.275 | 
2026-02-05 21:53:26 - DEBUG - Patience left: 48
2026-02-05 21:53:28 - INFO - Validation check at train step 800 
 val_loss = 3.926 |  logp_expert_action = -3.926 |  action_margin = -2.165 |  entropy = 3.024 |  ang_sep = 0.086 |  unique_bins = 0.087 |  accuracy = 0.134 | 
val_loss (train batch) = 2.741 |  logp_expert_action (train batch) = -2.741 |  action_margin (train batch) = -0.934 |  entropy (train batch) = 2.974 |  ang_sep (train batch) = 0.075 |  unique_bins (train batch) = 0.084 |  accuracy (train batch) = 0.250 | 
2026-02-05 21:53:28 - DEBUG - Patience left: 47
2026-02-05 21:53:28 - INFO - Validation check at train step 810 
 val_loss = 3.536 |  logp_expert_action = -3.536 |  action_margin = -1.710 |  entropy = 3.062 |  ang_sep = 0.081 |  unique_bins = 0.032 |  accuracy = 0.190 | 
val_loss (train batch) = 2.634 |  logp_expert_action (train batch) = -2.634 |  action_margin (train batch) = -0.801 |  entropy (train batch) = 3.004 |  ang_sep (train batch) = 0.063 |  unique_bins (train batch) = 0.090 |  accuracy (train batch) = 0.296 | 
2026-02-05 21:53:28 - INFO - Improved model at step 810. New best val loss is 3.536 Saving weights.
2026-02-05 21:53:29 - INFO - Validation check at train step 820 
 val_loss = 4.110 |  logp_expert_action = -4.110 |  action_margin = -2.338 |  entropy = 3.048 |  ang_sep = 0.100 |  unique_bins = 0.083 |  accuracy = 0.120 | 
val_loss (train batch) = 2.911 |  logp_expert_action (train batch) = -2.911 |  action_margin (train batch) = -1.109 |  entropy (train batch) = 3.008 |  ang_sep (train batch) = 0.088 |  unique_bins (train batch) = 0.083 |  accuracy (train batch) = 0.220 | 
2026-02-05 21:53:29 - DEBUG - Patience left: 49
2026-02-05 21:53:30 - INFO - Validation check at train step 830 
 val_loss = 3.716 |  logp_expert_action = -3.716 |  action_margin = -1.902 |  entropy = 3.123 |  ang_sep = 0.087 |  unique_bins = 0.035 |  accuracy = 0.148 | 
val_loss (train batch) = 2.697 |  logp_expert_action (train batch) = -2.697 |  action_margin (train batch) = -0.838 |  entropy (train batch) = 3.021 |  ang_sep (train batch) = 0.075 |  unique_bins (train batch) = 0.090 |  accuracy (train batch) = 0.273 | 
2026-02-05 21:53:30 - DEBUG - Patience left: 48
2026-02-05 21:53:31 - INFO - Validation check at train step 840 
 val_loss = 3.948 |  logp_expert_action = -3.948 |  action_margin = -2.216 |  entropy = 3.016 |  ang_sep = 0.088 |  unique_bins = 0.089 |  accuracy = 0.151 | 
val_loss (train batch) = 2.657 |  logp_expert_action (train batch) = -2.657 |  action_margin (train batch) = -0.869 |  entropy (train batch) = 2.970 |  ang_sep (train batch) = 0.072 |  unique_bins (train batch) = 0.090 |  accuracy (train batch) = 0.283 | 
2026-02-05 21:53:31 - DEBUG - Patience left: 47
2026-02-05 21:53:31 - INFO - Validation check at train step 850 
 val_loss = 3.629 |  logp_expert_action = -3.629 |  action_margin = -1.884 |  entropy = 3.000 |  ang_sep = 0.084 |  unique_bins = 0.034 |  accuracy = 0.155 | 
val_loss (train batch) = 2.662 |  logp_expert_action (train batch) = -2.662 |  action_margin (train batch) = -0.871 |  entropy (train batch) = 2.925 |  ang_sep (train batch) = 0.070 |  unique_bins (train batch) = 0.091 |  accuracy (train batch) = 0.282 | 
2026-02-05 21:53:31 - DEBUG - Patience left: 46
2026-02-05 21:53:33 - INFO - Validation check at train step 860 
 val_loss = 3.884 |  logp_expert_action = -3.884 |  action_margin = -2.172 |  entropy = 2.973 |  ang_sep = 0.076 |  unique_bins = 0.090 |  accuracy = 0.155 | 
val_loss (train batch) = 2.626 |  logp_expert_action (train batch) = -2.626 |  action_margin (train batch) = -0.830 |  entropy (train batch) = 2.919 |  ang_sep (train batch) = 0.062 |  unique_bins (train batch) = 0.089 |  accuracy (train batch) = 0.308 | 
2026-02-05 21:53:33 - DEBUG - Patience left: 45
2026-02-05 21:53:33 - INFO - Validation check at train step 870 
 val_loss = 3.616 |  logp_expert_action = -3.616 |  action_margin = -1.882 |  entropy = 2.968 |  ang_sep = 0.083 |  unique_bins = 0.035 |  accuracy = 0.176 | 
val_loss (train batch) = 2.521 |  logp_expert_action (train batch) = -2.521 |  action_margin (train batch) = -0.756 |  entropy (train batch) = 2.902 |  ang_sep (train batch) = 0.059 |  unique_bins (train batch) = 0.089 |  accuracy (train batch) = 0.296 | 
2026-02-05 21:53:33 - DEBUG - Patience left: 44
2026-02-05 21:53:34 - INFO - Validation check at train step 880 
 val_loss = 3.884 |  logp_expert_action = -3.884 |  action_margin = -2.180 |  entropy = 2.935 |  ang_sep = 0.074 |  unique_bins = 0.092 |  accuracy = 0.164 | 
val_loss (train batch) = 2.592 |  logp_expert_action (train batch) = -2.592 |  action_margin (train batch) = -0.801 |  entropy (train batch) = 2.899 |  ang_sep (train batch) = 0.068 |  unique_bins (train batch) = 0.093 |  accuracy (train batch) = 0.318 | 
2026-02-05 21:53:34 - DEBUG - Patience left: 43
2026-02-05 21:53:35 - INFO - Validation check at train step 890 
 val_loss = 3.563 |  logp_expert_action = -3.563 |  action_margin = -1.827 |  entropy = 2.951 |  ang_sep = 0.073 |  unique_bins = 0.035 |  accuracy = 0.190 | 
val_loss (train batch) = 2.538 |  logp_expert_action (train batch) = -2.538 |  action_margin (train batch) = -0.739 |  entropy (train batch) = 2.903 |  ang_sep (train batch) = 0.062 |  unique_bins (train batch) = 0.091 |  accuracy (train batch) = 0.324 | 
2026-02-05 21:53:35 - DEBUG - Patience left: 42
2026-02-05 21:53:37 - INFO - Validation check at train step 900 
 val_loss = 3.890 |  logp_expert_action = -3.890 |  action_margin = -2.175 |  entropy = 2.950 |  ang_sep = 0.080 |  unique_bins = 0.094 |  accuracy = 0.163 | 
val_loss (train batch) = 2.594 |  logp_expert_action (train batch) = -2.594 |  action_margin (train batch) = -0.816 |  entropy (train batch) = 2.893 |  ang_sep (train batch) = 0.067 |  unique_bins (train batch) = 0.092 |  accuracy (train batch) = 0.304 | 
2026-02-05 21:53:37 - DEBUG - Patience left: 41
2026-02-05 21:53:37 - INFO - Validation check at train step 910 
 val_loss = 3.535 |  logp_expert_action = -3.535 |  action_margin = -1.846 |  entropy = 2.916 |  ang_sep = 0.074 |  unique_bins = 0.036 |  accuracy = 0.204 | 
val_loss (train batch) = 2.456 |  logp_expert_action (train batch) = -2.456 |  action_margin (train batch) = -0.679 |  entropy (train batch) = 2.836 |  ang_sep (train batch) = 0.061 |  unique_bins (train batch) = 0.090 |  accuracy (train batch) = 0.357 | 
2026-02-05 21:53:37 - INFO - Improved model at step 910. New best val loss is 3.535 Saving weights.
2026-02-05 21:53:38 - INFO - Validation check at train step 920 
 val_loss = 3.849 |  logp_expert_action = -3.849 |  action_margin = -2.169 |  entropy = 2.869 |  ang_sep = 0.074 |  unique_bins = 0.096 |  accuracy = 0.189 | 
val_loss (train batch) = 2.567 |  logp_expert_action (train batch) = -2.567 |  action_margin (train batch) = -0.830 |  entropy (train batch) = 2.820 |  ang_sep (train batch) = 0.063 |  unique_bins (train batch) = 0.097 |  accuracy (train batch) = 0.312 | 
2026-02-05 21:53:38 - DEBUG - Patience left: 49
2026-02-05 21:53:38 - INFO - Validation check at train step 930 
 val_loss = 3.521 |  logp_expert_action = -3.521 |  action_margin = -1.771 |  entropy = 2.899 |  ang_sep = 0.085 |  unique_bins = 0.037 |  accuracy = 0.204 | 
val_loss (train batch) = 2.554 |  logp_expert_action (train batch) = -2.554 |  action_margin (train batch) = -0.815 |  entropy (train batch) = 2.831 |  ang_sep (train batch) = 0.061 |  unique_bins (train batch) = 0.094 |  accuracy (train batch) = 0.300 | 
2026-02-05 21:53:38 - INFO - Improved model at step 930. New best val loss is 3.521 Saving weights.
2026-02-05 21:53:40 - INFO - Validation check at train step 940 
 val_loss = 3.894 |  logp_expert_action = -3.894 |  action_margin = -2.243 |  entropy = 2.843 |  ang_sep = 0.075 |  unique_bins = 0.093 |  accuracy = 0.168 | 
val_loss (train batch) = 2.456 |  logp_expert_action (train batch) = -2.456 |  action_margin (train batch) = -0.702 |  entropy (train batch) = 2.822 |  ang_sep (train batch) = 0.062 |  unique_bins (train batch) = 0.096 |  accuracy (train batch) = 0.301 | 
2026-02-05 21:53:40 - DEBUG - Patience left: 49
2026-02-05 21:53:40 - INFO - Validation check at train step 950 
 val_loss = 3.477 |  logp_expert_action = -3.477 |  action_margin = -1.805 |  entropy = 2.850 |  ang_sep = 0.073 |  unique_bins = 0.033 |  accuracy = 0.232 | 
val_loss (train batch) = 2.513 |  logp_expert_action (train batch) = -2.513 |  action_margin (train batch) = -0.767 |  entropy (train batch) = 2.784 |  ang_sep (train batch) = 0.063 |  unique_bins (train batch) = 0.092 |  accuracy (train batch) = 0.311 | 
2026-02-05 21:53:40 - INFO - Improved model at step 950. New best val loss is 3.477 Saving weights.
2026-02-05 21:53:41 - INFO - Validation check at train step 960 
 val_loss = 3.819 |  logp_expert_action = -3.819 |  action_margin = -2.161 |  entropy = 2.836 |  ang_sep = 0.070 |  unique_bins = 0.099 |  accuracy = 0.179 | 
val_loss (train batch) = 2.415 |  logp_expert_action (train batch) = -2.415 |  action_margin (train batch) = -0.671 |  entropy (train batch) = 2.778 |  ang_sep (train batch) = 0.061 |  unique_bins (train batch) = 0.100 |  accuracy (train batch) = 0.356 | 
2026-02-05 21:53:41 - DEBUG - Patience left: 49
2026-02-05 21:53:42 - INFO - Validation check at train step 970 
 val_loss = 3.516 |  logp_expert_action = -3.516 |  action_margin = -1.885 |  entropy = 2.825 |  ang_sep = 0.076 |  unique_bins = 0.037 |  accuracy = 0.197 | 
val_loss (train batch) = 2.424 |  logp_expert_action (train batch) = -2.424 |  action_margin (train batch) = -0.676 |  entropy (train batch) = 2.780 |  ang_sep (train batch) = 0.062 |  unique_bins (train batch) = 0.096 |  accuracy (train batch) = 0.342 | 
2026-02-05 21:53:42 - DEBUG - Patience left: 48
2026-02-05 21:53:43 - INFO - Validation check at train step 980 
 val_loss = 3.881 |  logp_expert_action = -3.881 |  action_margin = -2.246 |  entropy = 2.824 |  ang_sep = 0.074 |  unique_bins = 0.096 |  accuracy = 0.170 | 
val_loss (train batch) = 2.395 |  logp_expert_action (train batch) = -2.395 |  action_margin (train batch) = -0.684 |  entropy (train batch) = 2.748 |  ang_sep (train batch) = 0.055 |  unique_bins (train batch) = 0.096 |  accuracy (train batch) = 0.341 | 
2026-02-05 21:53:43 - DEBUG - Patience left: 47
2026-02-05 21:53:43 - INFO - Validation check at train step 990 
 val_loss = 3.432 |  logp_expert_action = -3.432 |  action_margin = -1.744 |  entropy = 2.800 |  ang_sep = 0.070 |  unique_bins = 0.036 |  accuracy = 0.296 | 
val_loss (train batch) = 2.352 |  logp_expert_action (train batch) = -2.352 |  action_margin (train batch) = -0.599 |  entropy (train batch) = 2.755 |  ang_sep (train batch) = 0.056 |  unique_bins (train batch) = 0.099 |  accuracy (train batch) = 0.353 | 
2026-02-05 21:53:43 - INFO - Improved model at step 990. New best val loss is 3.432 Saving weights.
2026-02-05 21:53:44 - INFO - Validation check at train step 1000 
 val_loss = 3.831 |  logp_expert_action = -3.831 |  action_margin = -2.204 |  entropy = 2.783 |  ang_sep = 0.074 |  unique_bins = 0.095 |  accuracy = 0.185 | 
val_loss (train batch) = 2.292 |  logp_expert_action (train batch) = -2.292 |  action_margin (train batch) = -0.562 |  entropy (train batch) = 2.724 |  ang_sep (train batch) = 0.055 |  unique_bins (train batch) = 0.098 |  accuracy (train batch) = 0.361 | 
2026-02-05 21:53:44 - DEBUG - Patience left: 49
2026-02-05 21:53:45 - INFO - Validation check at train step 1010 
 val_loss = 3.472 |  logp_expert_action = -3.472 |  action_margin = -1.802 |  entropy = 2.812 |  ang_sep = 0.073 |  unique_bins = 0.035 |  accuracy = 0.225 | 
val_loss (train batch) = 2.340 |  logp_expert_action (train batch) = -2.340 |  action_margin (train batch) = -0.636 |  entropy (train batch) = 2.715 |  ang_sep (train batch) = 0.057 |  unique_bins (train batch) = 0.101 |  accuracy (train batch) = 0.361 | 
2026-02-05 21:53:45 - DEBUG - Patience left: 48
2026-02-05 21:53:46 - INFO - Validation check at train step 1020 
 val_loss = 3.876 |  logp_expert_action = -3.876 |  action_margin = -2.289 |  entropy = 2.738 |  ang_sep = 0.074 |  unique_bins = 0.095 |  accuracy = 0.178 | 
val_loss (train batch) = 2.375 |  logp_expert_action (train batch) = -2.375 |  action_margin (train batch) = -0.667 |  entropy (train batch) = 2.694 |  ang_sep (train batch) = 0.057 |  unique_bins (train batch) = 0.096 |  accuracy (train batch) = 0.355 | 
2026-02-05 21:53:46 - DEBUG - Patience left: 47
2026-02-05 21:53:46 - INFO - Validation check at train step 1030 
 val_loss = 3.498 |  logp_expert_action = -3.498 |  action_margin = -1.843 |  entropy = 2.741 |  ang_sep = 0.076 |  unique_bins = 0.037 |  accuracy = 0.261 | 
val_loss (train batch) = 2.252 |  logp_expert_action (train batch) = -2.252 |  action_margin (train batch) = -0.545 |  entropy (train batch) = 2.680 |  ang_sep (train batch) = 0.053 |  unique_bins (train batch) = 0.099 |  accuracy (train batch) = 0.354 | 
2026-02-05 21:53:46 - DEBUG - Patience left: 46
2026-02-05 21:53:48 - INFO - Validation check at train step 1040 
 val_loss = 3.881 |  logp_expert_action = -3.881 |  action_margin = -2.285 |  entropy = 2.737 |  ang_sep = 0.073 |  unique_bins = 0.098 |  accuracy = 0.199 | 
val_loss (train batch) = 2.351 |  logp_expert_action (train batch) = -2.351 |  action_margin (train batch) = -0.650 |  entropy (train batch) = 2.692 |  ang_sep (train batch) = 0.059 |  unique_bins (train batch) = 0.099 |  accuracy (train batch) = 0.335 | 
2026-02-05 21:53:48 - DEBUG - Patience left: 45
2026-02-05 21:53:48 - INFO - Validation check at train step 1050 
 val_loss = 3.583 |  logp_expert_action = -3.583 |  action_margin = -1.975 |  entropy = 2.721 |  ang_sep = 0.083 |  unique_bins = 0.035 |  accuracy = 0.204 | 
val_loss (train batch) = 2.364 |  logp_expert_action (train batch) = -2.364 |  action_margin (train batch) = -0.689 |  entropy (train batch) = 2.632 |  ang_sep (train batch) = 0.059 |  unique_bins (train batch) = 0.095 |  accuracy (train batch) = 0.337 | 
2026-02-05 21:53:48 - DEBUG - Patience left: 44
2026-02-05 21:53:49 - INFO - Validation check at train step 1060 
 val_loss = 3.862 |  logp_expert_action = -3.862 |  action_margin = -2.290 |  entropy = 2.704 |  ang_sep = 0.074 |  unique_bins = 0.096 |  accuracy = 0.188 | 
val_loss (train batch) = 2.265 |  logp_expert_action (train batch) = -2.265 |  action_margin (train batch) = -0.577 |  entropy (train batch) = 2.644 |  ang_sep (train batch) = 0.057 |  unique_bins (train batch) = 0.099 |  accuracy (train batch) = 0.364 | 
2026-02-05 21:53:49 - DEBUG - Patience left: 43
2026-02-05 21:53:49 - INFO - Validation check at train step 1070 
 val_loss = 3.538 |  logp_expert_action = -3.538 |  action_margin = -1.958 |  entropy = 2.697 |  ang_sep = 0.081 |  unique_bins = 0.035 |  accuracy = 0.246 | 
val_loss (train batch) = 2.333 |  logp_expert_action (train batch) = -2.333 |  action_margin (train batch) = -0.627 |  entropy (train batch) = 2.659 |  ang_sep (train batch) = 0.060 |  unique_bins (train batch) = 0.100 |  accuracy (train batch) = 0.358 | 
2026-02-05 21:53:49 - DEBUG - Patience left: 42
2026-02-05 21:53:51 - INFO - Validation check at train step 1080 
 val_loss = 3.837 |  logp_expert_action = -3.837 |  action_margin = -2.262 |  entropy = 2.677 |  ang_sep = 0.074 |  unique_bins = 0.100 |  accuracy = 0.206 | 
val_loss (train batch) = 2.252 |  logp_expert_action (train batch) = -2.252 |  action_margin (train batch) = -0.572 |  entropy (train batch) = 2.625 |  ang_sep (train batch) = 0.059 |  unique_bins (train batch) = 0.101 |  accuracy (train batch) = 0.372 | 
2026-02-05 21:53:51 - DEBUG - Patience left: 41
2026-02-05 21:53:51 - INFO - Validation check at train step 1090 
 val_loss = 3.461 |  logp_expert_action = -3.461 |  action_margin = -1.885 |  entropy = 2.622 |  ang_sep = 0.073 |  unique_bins = 0.034 |  accuracy = 0.268 | 
val_loss (train batch) = 2.286 |  logp_expert_action (train batch) = -2.286 |  action_margin (train batch) = -0.627 |  entropy (train batch) = 2.600 |  ang_sep (train batch) = 0.058 |  unique_bins (train batch) = 0.098 |  accuracy (train batch) = 0.377 | 
2026-02-05 21:53:51 - DEBUG - Patience left: 40
2026-02-05 21:53:52 - INFO - Validation check at train step 1100 
 val_loss = 3.854 |  logp_expert_action = -3.854 |  action_margin = -2.307 |  entropy = 2.663 |  ang_sep = 0.074 |  unique_bins = 0.097 |  accuracy = 0.179 | 
val_loss (train batch) = 2.222 |  logp_expert_action (train batch) = -2.222 |  action_margin (train batch) = -0.536 |  entropy (train batch) = 2.604 |  ang_sep (train batch) = 0.056 |  unique_bins (train batch) = 0.101 |  accuracy (train batch) = 0.378 | 
2026-02-05 21:53:52 - DEBUG - Patience left: 39
2026-02-05 21:53:53 - INFO - Validation check at train step 1110 
 val_loss = 3.568 |  logp_expert_action = -3.568 |  action_margin = -2.014 |  entropy = 2.644 |  ang_sep = 0.077 |  unique_bins = 0.035 |  accuracy = 0.162 | 
val_loss (train batch) = 2.245 |  logp_expert_action (train batch) = -2.245 |  action_margin (train batch) = -0.576 |  entropy (train batch) = 2.601 |  ang_sep (train batch) = 0.053 |  unique_bins (train batch) = 0.098 |  accuracy (train batch) = 0.371 | 
2026-02-05 21:53:53 - DEBUG - Patience left: 38
2026-02-05 21:53:54 - INFO - Validation check at train step 1120 
 val_loss = 3.859 |  logp_expert_action = -3.859 |  action_margin = -2.307 |  entropy = 2.657 |  ang_sep = 0.070 |  unique_bins = 0.100 |  accuracy = 0.220 | 
val_loss (train batch) = 2.216 |  logp_expert_action (train batch) = -2.216 |  action_margin (train batch) = -0.544 |  entropy (train batch) = 2.622 |  ang_sep (train batch) = 0.054 |  unique_bins (train batch) = 0.100 |  accuracy (train batch) = 0.348 | 
2026-02-05 21:53:54 - DEBUG - Patience left: 37
2026-02-05 21:53:54 - INFO - Validation check at train step 1130 
 val_loss = 3.535 |  logp_expert_action = -3.535 |  action_margin = -1.966 |  entropy = 2.662 |  ang_sep = 0.078 |  unique_bins = 0.035 |  accuracy = 0.183 | 
val_loss (train batch) = 2.234 |  logp_expert_action (train batch) = -2.234 |  action_margin (train batch) = -0.574 |  entropy (train batch) = 2.600 |  ang_sep (train batch) = 0.053 |  unique_bins (train batch) = 0.103 |  accuracy (train batch) = 0.358 | 
2026-02-05 21:53:54 - DEBUG - Patience left: 36
2026-02-05 21:53:56 - INFO - Validation check at train step 1140 
 val_loss = 3.876 |  logp_expert_action = -3.876 |  action_margin = -2.351 |  entropy = 2.618 |  ang_sep = 0.072 |  unique_bins = 0.095 |  accuracy = 0.197 | 
val_loss (train batch) = 2.208 |  logp_expert_action (train batch) = -2.208 |  action_margin (train batch) = -0.572 |  entropy (train batch) = 2.568 |  ang_sep (train batch) = 0.058 |  unique_bins (train batch) = 0.102 |  accuracy (train batch) = 0.341 | 
2026-02-05 21:53:56 - DEBUG - Patience left: 35
2026-02-05 21:53:56 - INFO - Validation check at train step 1150 
 val_loss = 3.489 |  logp_expert_action = -3.489 |  action_margin = -1.955 |  entropy = 2.586 |  ang_sep = 0.088 |  unique_bins = 0.036 |  accuracy = 0.232 | 
val_loss (train batch) = 2.203 |  logp_expert_action (train batch) = -2.203 |  action_margin (train batch) = -0.543 |  entropy (train batch) = 2.564 |  ang_sep (train batch) = 0.054 |  unique_bins (train batch) = 0.104 |  accuracy (train batch) = 0.390 | 
2026-02-05 21:53:56 - DEBUG - Patience left: 34
2026-02-05 21:53:57 - INFO - Validation check at train step 1160 
 val_loss = 3.869 |  logp_expert_action = -3.869 |  action_margin = -2.324 |  entropy = 2.605 |  ang_sep = 0.069 |  unique_bins = 0.099 |  accuracy = 0.220 | 
val_loss (train batch) = 2.100 |  logp_expert_action (train batch) = -2.100 |  action_margin (train batch) = -0.393 |  entropy (train batch) = 2.555 |  ang_sep (train batch) = 0.050 |  unique_bins (train batch) = 0.098 |  accuracy (train batch) = 0.417 | 
2026-02-05 21:53:57 - DEBUG - Patience left: 33
2026-02-05 21:53:57 - INFO - Validation check at train step 1170 
 val_loss = 3.499 |  logp_expert_action = -3.499 |  action_margin = -1.966 |  entropy = 2.599 |  ang_sep = 0.077 |  unique_bins = 0.035 |  accuracy = 0.254 | 
val_loss (train batch) = 2.205 |  logp_expert_action (train batch) = -2.205 |  action_margin (train batch) = -0.571 |  entropy (train batch) = 2.545 |  ang_sep (train batch) = 0.053 |  unique_bins (train batch) = 0.103 |  accuracy (train batch) = 0.367 | 
2026-02-05 21:53:57 - DEBUG - Patience left: 32
2026-02-05 21:53:59 - INFO - Validation check at train step 1180 
 val_loss = 3.879 |  logp_expert_action = -3.879 |  action_margin = -2.355 |  entropy = 2.581 |  ang_sep = 0.069 |  unique_bins = 0.101 |  accuracy = 0.218 | 
val_loss (train batch) = 2.139 |  logp_expert_action (train batch) = -2.139 |  action_margin (train batch) = -0.491 |  entropy (train batch) = 2.518 |  ang_sep (train batch) = 0.056 |  unique_bins (train batch) = 0.103 |  accuracy (train batch) = 0.381 | 
2026-02-05 21:53:59 - DEBUG - Patience left: 31
2026-02-05 21:53:59 - INFO - Validation check at train step 1190 
 val_loss = 3.659 |  logp_expert_action = -3.659 |  action_margin = -2.160 |  entropy = 2.562 |  ang_sep = 0.097 |  unique_bins = 0.034 |  accuracy = 0.169 | 
val_loss (train batch) = 2.148 |  logp_expert_action (train batch) = -2.148 |  action_margin (train batch) = -0.521 |  entropy (train batch) = 2.485 |  ang_sep (train batch) = 0.052 |  unique_bins (train batch) = 0.100 |  accuracy (train batch) = 0.393 | 
2026-02-05 21:53:59 - DEBUG - Patience left: 30
2026-02-05 21:54:00 - INFO - Validation check at train step 1200 
 val_loss = 3.876 |  logp_expert_action = -3.876 |  action_margin = -2.358 |  entropy = 2.581 |  ang_sep = 0.072 |  unique_bins = 0.102 |  accuracy = 0.207 | 
val_loss (train batch) = 2.185 |  logp_expert_action (train batch) = -2.185 |  action_margin (train batch) = -0.525 |  entropy (train batch) = 2.551 |  ang_sep (train batch) = 0.055 |  unique_bins (train batch) = 0.101 |  accuracy (train batch) = 0.393 | 
2026-02-05 21:54:00 - DEBUG - Patience left: 29
2026-02-05 21:54:00 - INFO - Validation check at train step 1210 
 val_loss = 3.493 |  logp_expert_action = -3.493 |  action_margin = -1.989 |  entropy = 2.573 |  ang_sep = 0.067 |  unique_bins = 0.036 |  accuracy = 0.254 | 
val_loss (train batch) = 2.133 |  logp_expert_action (train batch) = -2.133 |  action_margin (train batch) = -0.471 |  entropy (train batch) = 2.542 |  ang_sep (train batch) = 0.053 |  unique_bins (train batch) = 0.104 |  accuracy (train batch) = 0.390 | 
2026-02-05 21:54:00 - DEBUG - Patience left: 28
2026-02-05 21:54:02 - INFO - Validation check at train step 1220 
 val_loss = 3.934 |  logp_expert_action = -3.934 |  action_margin = -2.432 |  entropy = 2.546 |  ang_sep = 0.075 |  unique_bins = 0.098 |  accuracy = 0.198 | 
val_loss (train batch) = 2.119 |  logp_expert_action (train batch) = -2.119 |  action_margin (train batch) = -0.484 |  entropy (train batch) = 2.468 |  ang_sep (train batch) = 0.054 |  unique_bins (train batch) = 0.101 |  accuracy (train batch) = 0.409 | 
2026-02-05 21:54:02 - DEBUG - Patience left: 27
2026-02-05 21:54:02 - INFO - Validation check at train step 1230 
 val_loss = 3.458 |  logp_expert_action = -3.458 |  action_margin = -1.896 |  entropy = 2.560 |  ang_sep = 0.082 |  unique_bins = 0.035 |  accuracy = 0.232 | 
val_loss (train batch) = 2.141 |  logp_expert_action (train batch) = -2.141 |  action_margin (train batch) = -0.517 |  entropy (train batch) = 2.470 |  ang_sep (train batch) = 0.051 |  unique_bins (train batch) = 0.099 |  accuracy (train batch) = 0.394 | 
2026-02-05 21:54:02 - DEBUG - Patience left: 26
2026-02-05 21:54:04 - INFO - Validation check at train step 1240 
 val_loss = 3.924 |  logp_expert_action = -3.924 |  action_margin = -2.408 |  entropy = 2.574 |  ang_sep = 0.071 |  unique_bins = 0.101 |  accuracy = 0.210 | 
val_loss (train batch) = 2.089 |  logp_expert_action (train batch) = -2.089 |  action_margin (train batch) = -0.457 |  entropy (train batch) = 2.477 |  ang_sep (train batch) = 0.050 |  unique_bins (train batch) = 0.100 |  accuracy (train batch) = 0.416 | 
2026-02-05 21:54:04 - DEBUG - Patience left: 25
2026-02-05 21:54:04 - INFO - Validation check at train step 1250 
 val_loss = 3.616 |  logp_expert_action = -3.616 |  action_margin = -2.148 |  entropy = 2.467 |  ang_sep = 0.084 |  unique_bins = 0.035 |  accuracy = 0.190 | 
val_loss (train batch) = 2.108 |  logp_expert_action (train batch) = -2.108 |  action_margin (train batch) = -0.471 |  entropy (train batch) = 2.486 |  ang_sep (train batch) = 0.052 |  unique_bins (train batch) = 0.102 |  accuracy (train batch) = 0.413 | 
2026-02-05 21:54:04 - DEBUG - Patience left: 24
2026-02-05 21:54:05 - INFO - Validation check at train step 1260 
 val_loss = 3.945 |  logp_expert_action = -3.945 |  action_margin = -2.447 |  entropy = 2.521 |  ang_sep = 0.067 |  unique_bins = 0.097 |  accuracy = 0.223 | 
val_loss (train batch) = 2.051 |  logp_expert_action (train batch) = -2.051 |  action_margin (train batch) = -0.413 |  entropy (train batch) = 2.454 |  ang_sep (train batch) = 0.047 |  unique_bins (train batch) = 0.102 |  accuracy (train batch) = 0.416 | 
2026-02-05 21:54:05 - DEBUG - Patience left: 23
2026-02-05 21:54:05 - INFO - Validation check at train step 1270 
 val_loss = 3.518 |  logp_expert_action = -3.518 |  action_margin = -2.012 |  entropy = 2.515 |  ang_sep = 0.074 |  unique_bins = 0.036 |  accuracy = 0.197 | 
val_loss (train batch) = 2.118 |  logp_expert_action (train batch) = -2.118 |  action_margin (train batch) = -0.464 |  entropy (train batch) = 2.484 |  ang_sep (train batch) = 0.049 |  unique_bins (train batch) = 0.098 |  accuracy (train batch) = 0.417 | 
2026-02-05 21:54:05 - DEBUG - Patience left: 22
2026-02-05 21:54:07 - INFO - Validation check at train step 1280 
 val_loss = 3.873 |  logp_expert_action = -3.873 |  action_margin = -2.374 |  entropy = 2.517 |  ang_sep = 0.067 |  unique_bins = 0.102 |  accuracy = 0.228 | 
val_loss (train batch) = 2.053 |  logp_expert_action (train batch) = -2.053 |  action_margin (train batch) = -0.429 |  entropy (train batch) = 2.442 |  ang_sep (train batch) = 0.053 |  unique_bins (train batch) = 0.104 |  accuracy (train batch) = 0.438 | 
2026-02-05 21:54:07 - DEBUG - Patience left: 21
2026-02-05 21:54:07 - INFO - Validation check at train step 1290 
 val_loss = 3.520 |  logp_expert_action = -3.520 |  action_margin = -2.015 |  entropy = 2.492 |  ang_sep = 0.070 |  unique_bins = 0.037 |  accuracy = 0.239 | 
val_loss (train batch) = 2.046 |  logp_expert_action (train batch) = -2.046 |  action_margin (train batch) = -0.447 |  entropy (train batch) = 2.435 |  ang_sep (train batch) = 0.051 |  unique_bins (train batch) = 0.099 |  accuracy (train batch) = 0.407 | 
2026-02-05 21:54:07 - DEBUG - Patience left: 20
2026-02-05 21:54:09 - INFO - Validation check at train step 1300 
 val_loss = 3.886 |  logp_expert_action = -3.886 |  action_margin = -2.404 |  entropy = 2.491 |  ang_sep = 0.065 |  unique_bins = 0.101 |  accuracy = 0.233 | 
val_loss (train batch) = 1.998 |  logp_expert_action (train batch) = -1.998 |  action_margin (train batch) = -0.358 |  entropy (train batch) = 2.401 |  ang_sep (train batch) = 0.046 |  unique_bins (train batch) = 0.102 |  accuracy (train batch) = 0.450 | 
2026-02-05 21:54:09 - DEBUG - Patience left: 19
2026-02-05 21:54:09 - INFO - Validation check at train step 1310 
 val_loss = 3.545 |  logp_expert_action = -3.545 |  action_margin = -2.062 |  entropy = 2.482 |  ang_sep = 0.085 |  unique_bins = 0.036 |  accuracy = 0.254 | 
val_loss (train batch) = 1.999 |  logp_expert_action (train batch) = -1.999 |  action_margin (train batch) = -0.353 |  entropy (train batch) = 2.436 |  ang_sep (train batch) = 0.049 |  unique_bins (train batch) = 0.098 |  accuracy (train batch) = 0.436 | 
2026-02-05 21:54:09 - DEBUG - Patience left: 18
2026-02-05 21:54:10 - INFO - Validation check at train step 1320 
 val_loss = 3.913 |  logp_expert_action = -3.913 |  action_margin = -2.433 |  entropy = 2.486 |  ang_sep = 0.067 |  unique_bins = 0.105 |  accuracy = 0.235 | 
val_loss (train batch) = 2.028 |  logp_expert_action (train batch) = -2.028 |  action_margin (train batch) = -0.420 |  entropy (train batch) = 2.431 |  ang_sep (train batch) = 0.046 |  unique_bins (train batch) = 0.105 |  accuracy (train batch) = 0.411 | 
2026-02-05 21:54:10 - DEBUG - Patience left: 17
2026-02-05 21:54:10 - INFO - Validation check at train step 1330 
 val_loss = 3.564 |  logp_expert_action = -3.564 |  action_margin = -2.119 |  entropy = 2.450 |  ang_sep = 0.069 |  unique_bins = 0.035 |  accuracy = 0.254 | 
val_loss (train batch) = 1.954 |  logp_expert_action (train batch) = -1.954 |  action_margin (train batch) = -0.335 |  entropy (train batch) = 2.381 |  ang_sep (train batch) = 0.043 |  unique_bins (train batch) = 0.098 |  accuracy (train batch) = 0.442 | 
2026-02-05 21:54:10 - DEBUG - Patience left: 16
2026-02-05 21:54:12 - INFO - Validation check at train step 1340 
 val_loss = 3.932 |  logp_expert_action = -3.932 |  action_margin = -2.452 |  entropy = 2.480 |  ang_sep = 0.066 |  unique_bins = 0.102 |  accuracy = 0.243 | 
val_loss (train batch) = 2.025 |  logp_expert_action (train batch) = -2.025 |  action_margin (train batch) = -0.401 |  entropy (train batch) = 2.427 |  ang_sep (train batch) = 0.047 |  unique_bins (train batch) = 0.105 |  accuracy (train batch) = 0.428 | 
2026-02-05 21:54:12 - DEBUG - Patience left: 15
2026-02-05 21:54:12 - INFO - Validation check at train step 1350 
 val_loss = 3.542 |  logp_expert_action = -3.542 |  action_margin = -2.070 |  entropy = 2.473 |  ang_sep = 0.074 |  unique_bins = 0.036 |  accuracy = 0.261 | 
val_loss (train batch) = 2.056 |  logp_expert_action (train batch) = -2.056 |  action_margin (train batch) = -0.425 |  entropy (train batch) = 2.429 |  ang_sep (train batch) = 0.053 |  unique_bins (train batch) = 0.102 |  accuracy (train batch) = 0.432 | 
2026-02-05 21:54:12 - DEBUG - Patience left: 14
2026-02-05 21:54:13 - INFO - Validation check at train step 1360 
 val_loss = 3.899 |  logp_expert_action = -3.899 |  action_margin = -2.418 |  entropy = 2.464 |  ang_sep = 0.067 |  unique_bins = 0.102 |  accuracy = 0.251 | 
val_loss (train batch) = 2.031 |  logp_expert_action (train batch) = -2.031 |  action_margin (train batch) = -0.409 |  entropy (train batch) = 2.424 |  ang_sep (train batch) = 0.049 |  unique_bins (train batch) = 0.105 |  accuracy (train batch) = 0.438 | 
2026-02-05 21:54:13 - DEBUG - Patience left: 13
2026-02-05 21:54:13 - INFO - Validation check at train step 1370 
 val_loss = 3.508 |  logp_expert_action = -3.508 |  action_margin = -2.009 |  entropy = 2.432 |  ang_sep = 0.080 |  unique_bins = 0.036 |  accuracy = 0.268 | 
val_loss (train batch) = 1.942 |  logp_expert_action (train batch) = -1.942 |  action_margin (train batch) = -0.316 |  entropy (train batch) = 2.387 |  ang_sep (train batch) = 0.047 |  unique_bins (train batch) = 0.106 |  accuracy (train batch) = 0.434 | 
2026-02-05 21:54:13 - DEBUG - Patience left: 12
2026-02-05 21:54:15 - INFO - Validation check at train step 1380 
 val_loss = 3.946 |  logp_expert_action = -3.946 |  action_margin = -2.477 |  entropy = 2.446 |  ang_sep = 0.067 |  unique_bins = 0.104 |  accuracy = 0.234 | 
val_loss (train batch) = 1.966 |  logp_expert_action (train batch) = -1.966 |  action_margin (train batch) = -0.357 |  entropy (train batch) = 2.402 |  ang_sep (train batch) = 0.045 |  unique_bins (train batch) = 0.105 |  accuracy (train batch) = 0.438 | 
2026-02-05 21:54:15 - DEBUG - Patience left: 11
2026-02-05 21:54:15 - INFO - Validation check at train step 1390 
 val_loss = 3.525 |  logp_expert_action = -3.525 |  action_margin = -2.047 |  entropy = 2.441 |  ang_sep = 0.069 |  unique_bins = 0.038 |  accuracy = 0.282 | 
val_loss (train batch) = 1.916 |  logp_expert_action (train batch) = -1.916 |  action_margin (train batch) = -0.275 |  entropy (train batch) = 2.387 |  ang_sep (train batch) = 0.047 |  unique_bins (train batch) = 0.107 |  accuracy (train batch) = 0.475 | 
2026-02-05 21:54:15 - DEBUG - Patience left: 10
2026-02-05 21:54:16 - INFO - Validation check at train step 1400 
 val_loss = 4.001 |  logp_expert_action = -4.001 |  action_margin = -2.546 |  entropy = 2.437 |  ang_sep = 0.067 |  unique_bins = 0.102 |  accuracy = 0.229 | 
val_loss (train batch) = 1.897 |  logp_expert_action (train batch) = -1.897 |  action_margin (train batch) = -0.285 |  entropy (train batch) = 2.361 |  ang_sep (train batch) = 0.045 |  unique_bins (train batch) = 0.102 |  accuracy (train batch) = 0.457 | 
2026-02-05 21:54:16 - DEBUG - Patience left: 9
2026-02-05 21:54:17 - INFO - Validation check at train step 1410 
 val_loss = 3.521 |  logp_expert_action = -3.521 |  action_margin = -2.045 |  entropy = 2.444 |  ang_sep = 0.070 |  unique_bins = 0.036 |  accuracy = 0.246 | 
val_loss (train batch) = 1.883 |  logp_expert_action (train batch) = -1.883 |  action_margin (train batch) = -0.228 |  entropy (train batch) = 2.383 |  ang_sep (train batch) = 0.047 |  unique_bins (train batch) = 0.105 |  accuracy (train batch) = 0.472 | 
2026-02-05 21:54:17 - DEBUG - Patience left: 8
2026-02-05 21:54:18 - INFO - Validation check at train step 1420 
 val_loss = 3.951 |  logp_expert_action = -3.951 |  action_margin = -2.480 |  entropy = 2.431 |  ang_sep = 0.065 |  unique_bins = 0.104 |  accuracy = 0.228 | 
val_loss (train batch) = 1.980 |  logp_expert_action (train batch) = -1.980 |  action_margin (train batch) = -0.344 |  entropy (train batch) = 2.371 |  ang_sep (train batch) = 0.043 |  unique_bins (train batch) = 0.107 |  accuracy (train batch) = 0.441 | 
2026-02-05 21:54:18 - DEBUG - Patience left: 7
2026-02-05 21:54:18 - INFO - Validation check at train step 1430 
 val_loss = 3.512 |  logp_expert_action = -3.512 |  action_margin = -2.084 |  entropy = 2.413 |  ang_sep = 0.063 |  unique_bins = 0.037 |  accuracy = 0.282 | 
val_loss (train batch) = 1.920 |  logp_expert_action (train batch) = -1.920 |  action_margin (train batch) = -0.286 |  entropy (train batch) = 2.359 |  ang_sep (train batch) = 0.046 |  unique_bins (train batch) = 0.102 |  accuracy (train batch) = 0.449 | 
2026-02-05 21:54:18 - DEBUG - Patience left: 6
2026-02-05 21:54:19 - INFO - Validation check at train step 1440 
 val_loss = 3.981 |  logp_expert_action = -3.981 |  action_margin = -2.520 |  entropy = 2.419 |  ang_sep = 0.066 |  unique_bins = 0.105 |  accuracy = 0.245 | 
val_loss (train batch) = 1.980 |  logp_expert_action (train batch) = -1.980 |  action_margin (train batch) = -0.362 |  entropy (train batch) = 2.370 |  ang_sep (train batch) = 0.056 |  unique_bins (train batch) = 0.105 |  accuracy (train batch) = 0.432 | 
2026-02-05 21:54:19 - DEBUG - Patience left: 5
2026-02-05 21:54:20 - INFO - Validation check at train step 1450 
 val_loss = 3.564 |  logp_expert_action = -3.564 |  action_margin = -2.167 |  entropy = 2.398 |  ang_sep = 0.070 |  unique_bins = 0.034 |  accuracy = 0.211 | 
val_loss (train batch) = 1.956 |  logp_expert_action (train batch) = -1.956 |  action_margin (train batch) = -0.307 |  entropy (train batch) = 2.371 |  ang_sep (train batch) = 0.047 |  unique_bins (train batch) = 0.105 |  accuracy (train batch) = 0.457 | 
2026-02-05 21:54:20 - DEBUG - Patience left: 4
2026-02-05 21:54:21 - INFO - Validation check at train step 1460 
 val_loss = 3.992 |  logp_expert_action = -3.992 |  action_margin = -2.531 |  entropy = 2.423 |  ang_sep = 0.067 |  unique_bins = 0.104 |  accuracy = 0.235 | 
val_loss (train batch) = 1.876 |  logp_expert_action (train batch) = -1.876 |  action_margin (train batch) = -0.264 |  entropy (train batch) = 2.333 |  ang_sep (train batch) = 0.045 |  unique_bins (train batch) = 0.105 |  accuracy (train batch) = 0.458 | 
2026-02-05 21:54:21 - DEBUG - Patience left: 3
2026-02-05 21:54:21 - INFO - Validation check at train step 1470 
 val_loss = 3.524 |  logp_expert_action = -3.524 |  action_margin = -2.095 |  entropy = 2.397 |  ang_sep = 0.067 |  unique_bins = 0.036 |  accuracy = 0.239 | 
val_loss (train batch) = 1.848 |  logp_expert_action (train batch) = -1.848 |  action_margin (train batch) = -0.235 |  entropy (train batch) = 2.331 |  ang_sep (train batch) = 0.044 |  unique_bins (train batch) = 0.105 |  accuracy (train batch) = 0.463 | 
2026-02-05 21:54:21 - DEBUG - Patience left: 2
2026-02-05 21:54:23 - INFO - Validation check at train step 1480 
 val_loss = 3.939 |  logp_expert_action = -3.939 |  action_margin = -2.482 |  entropy = 2.393 |  ang_sep = 0.066 |  unique_bins = 0.102 |  accuracy = 0.240 | 
val_loss (train batch) = 1.875 |  logp_expert_action (train batch) = -1.875 |  action_margin (train batch) = -0.231 |  entropy (train batch) = 2.342 |  ang_sep (train batch) = 0.049 |  unique_bins (train batch) = 0.104 |  accuracy (train batch) = 0.473 | 
2026-02-05 21:54:23 - DEBUG - Patience left: 1
2026-02-05 21:54:23 - INFO - Validation check at train step 1490 
 val_loss = 3.503 |  logp_expert_action = -3.503 |  action_margin = -2.067 |  entropy = 2.387 |  ang_sep = 0.075 |  unique_bins = 0.036 |  accuracy = 0.275 | 
val_loss (train batch) = 1.886 |  logp_expert_action (train batch) = -1.886 |  action_margin (train batch) = -0.258 |  entropy (train batch) = 2.333 |  ang_sep (train batch) = 0.049 |  unique_bins (train batch) = 0.106 |  accuracy (train batch) = 0.460 | 
2026-02-05 21:54:23 - DEBUG - Patience left: 0
2026-02-05 21:54:23 - INFO - No patience left. Ending training.
2026-02-05 21:54:23 - INFO - Best val loss was 3.432 at epoch 100
2026-02-05 21:54:23 - INFO - Total train time = 127.0517225265503s on cuda
2026-02-05 21:54:23 - INFO - Training complete.
2026-02-05 21:54:23 - INFO - Plotting training loss curve...
