2026-01-12 20:51:16 - INFO - Saving results in ../experiment_results/bc-include-bin-features-all-data/
2026-01-12 20:51:16 - INFO - Experiment parameters:
2026-01-12 20:51:16 - INFO - seed: 10
2026-01-12 20:51:16 - INFO - fits_path: ../data/decam-exposures-20251211.fits
2026-01-12 20:51:16 - INFO - json_path: ../data/decam-exposures-20251211.json
2026-01-12 20:51:16 - INFO - parent_results_dir: ../experiment_results/
2026-01-12 20:51:16 - INFO - exp_name: bc-include-bin-features-all-data
2026-01-12 20:51:16 - INFO - binning_method: healpix
2026-01-12 20:51:16 - INFO - nside: 16
2026-01-12 20:51:16 - INFO - bin_space: radec
2026-01-12 20:51:16 - INFO - specific_years: None
2026-01-12 20:51:16 - INFO - specific_months: None
2026-01-12 20:51:16 - INFO - specific_days: None
2026-01-12 20:51:16 - INFO - include_bin_features: True
2026-01-12 20:51:16 - INFO - do_cyclical_norm: True
2026-01-12 20:51:16 - INFO - do_max_norm: True
2026-01-12 20:51:16 - INFO - do_inverse_airmass: True
2026-01-12 20:51:16 - INFO - num_epochs: 3.0
2026-01-12 20:51:16 - INFO - batch_size: 1024
2026-01-12 20:51:16 - INFO - num_workers: 4
2026-01-12 20:51:16 - INFO - lr: 0.0007
2026-01-12 20:51:16 - INFO - lr_scheduler: None
2026-01-12 20:51:16 - INFO - hidden_dim: 4096
2026-01-12 20:51:16 - INFO - eta_min: 1e-05
2026-01-12 20:51:16 - INFO - patience: 10
2026-01-12 20:51:16 - INFO - algorithm_name: behavior_cloning
2026-01-12 20:51:16 - INFO - loss_function: cross_entropy
2026-01-12 20:51:16 - INFO - tau: 0.005
2026-01-12 20:51:16 - INFO - gamma: 0.99
2026-01-12 20:51:16 - INFO - Loading raw data...
2026-01-12 20:51:16 - INFO - Processing raw data into OfflineDataset()...
