2026-01-13 18:19:23 - INFO - Saving results in ../experiment_results/ddqn-radec/
2026-01-13 18:19:23 - INFO - Experiment parameters:
2026-01-13 18:19:23 - INFO - seed: 10
2026-01-13 18:19:23 - INFO - fits_path: ../data/decam-exposures-20251211.fits
2026-01-13 18:19:23 - INFO - json_path: ../data/decam-exposures-20251211.json
2026-01-13 18:19:23 - INFO - parent_results_dir: ../experiment_results/
2026-01-13 18:19:23 - INFO - exp_name: ddqn-radec
2026-01-13 18:19:23 - INFO - binning_method: healpix
2026-01-13 18:19:23 - INFO - nside: 16
2026-01-13 18:19:23 - INFO - bin_space: radec
2026-01-13 18:19:23 - INFO - specific_years: [2018]
2026-01-13 18:19:23 - INFO - specific_months: [12]
2026-01-13 18:19:23 - INFO - specific_days: [1, 2, 3, 4, 5]
2026-01-13 18:19:23 - INFO - include_bin_features: False
2026-01-13 18:19:23 - INFO - do_cyclical_norm: True
2026-01-13 18:19:23 - INFO - do_max_norm: True
2026-01-13 18:19:23 - INFO - do_inverse_airmass: True
2026-01-13 18:19:23 - INFO - num_epochs: 10
2026-01-13 18:19:23 - INFO - batch_size: 1024
2026-01-13 18:19:23 - INFO - num_workers: 4
2026-01-13 18:19:23 - INFO - lr: 0.001
2026-01-13 18:19:23 - INFO - lr_scheduler: None
2026-01-13 18:19:23 - INFO - hidden_dim: 1024
2026-01-13 18:19:23 - INFO - eta_min: 1e-05
2026-01-13 18:19:23 - INFO - patience: 10
2026-01-13 18:19:23 - INFO - algorithm_name: ddqn
2026-01-13 18:19:23 - INFO - loss_function: mse
2026-01-13 18:19:23 - INFO - tau: 0.005
2026-01-13 18:19:23 - INFO - gamma: 0.99
2026-01-13 18:19:23 - INFO - Loading raw data...
2026-01-13 18:19:24 - INFO - Processing raw data into OfflineDataset()...
2026-01-13 18:19:37 - DEBUG - Offline dataset config: {'binning_method': 'healpix', 'nside': 16, 'bin_space': 'radec', 'include_default_features': True, 'include_bin_features': False, 'do_cyclical_norm': True, 'do_max_norm': True, 'do_inverse_airmass': True}
2026-01-13 18:19:37 - INFO - Initializing agent...
2026-01-13 18:19:37 - INFO - Starting training...
