2026-02-05 15:29:18 - INFO - Setting outdir /home/hurra/Projects/survey-ops/experiment_results/bc-azel-nside32-best
2026-02-05 15:29:18 - INFO - Saving results in /home/hurra/Projects/survey-ops/experiment_results/bc-azel-nside32-best
2026-02-05 15:29:18 - INFO - Loading raw data...
2026-02-05 15:29:18 - INFO - Loaded data from json
2026-02-05 15:29:18 - INFO - Processing raw data into OfflineDataset()...
2026-02-05 15:29:31 - INFO - Finished constructing train_dataset
2026-02-05 15:29:33 - INFO - Plotting S x A (state x action) space cornerplot (this will take some time...)
2026-02-05 15:29:43 - INFO - Corner plot saved
2026-02-05 15:29:44 - INFO - Initializing agent...
2026-02-05 15:29:44 - DEBUG - lr_scheduler is <torch.optim.lr_scheduler.CosineAnnealingLR object at 0x7f4b9b231d10>
2026-02-05 15:29:44 - INFO - Starting training...
2026-02-05 15:29:44 - INFO - Total number of training steps: 8000
2026-02-05 15:29:44 - INFO - Steps per epoch: 10
2026-02-05 15:29:44 - DEBUG - Total number of lr scheduler steps: 200
2026-02-05 15:29:44 - DEBUG - Number of transitions in dataset: 10494
2026-02-05 15:29:45 - INFO - Validation check at train step 0 
 val_loss = 8.575 |  logp_expert_action = -8.575 |  action_margin = -0.334 |  entropy = 8.709 |  ang_sep = 0.390 |  unique_bins = 0.002 |  accuracy = 0.005 | 
val_loss (train batch) = 8.476 |  logp_expert_action (train batch) = -8.476 |  action_margin (train batch) = -0.233 |  entropy (train batch) = 8.709 |  ang_sep (train batch) = 0.398 |  unique_bins (train batch) = 0.002 |  accuracy (train batch) = 0.021 | 
2026-02-05 15:29:45 - INFO - Improved model at step 0. New best val loss is 8.575 Saving weights.
2026-02-05 15:29:45 - INFO - Validation check at train step 10 
 val_loss = 7.187 |  logp_expert_action = -7.187 |  action_margin = -3.117 |  entropy = 5.963 |  ang_sep = 0.497 |  unique_bins = 0.000 |  accuracy = 0.000 | 
val_loss (train batch) = 6.574 |  logp_expert_action (train batch) = -6.574 |  action_margin (train batch) = -2.547 |  entropy (train batch) = 5.924 |  ang_sep (train batch) = 0.459 |  unique_bins (train batch) = 0.000 |  accuracy (train batch) = 0.005 | 
2026-02-05 15:29:45 - INFO - Improved model at step 10. New best val loss is 7.187 Saving weights.
2026-02-05 15:29:45 - INFO - Validation check at train step 20 
 val_loss = 6.347 |  logp_expert_action = -6.347 |  action_margin = -1.942 |  entropy = 6.482 |  ang_sep = 0.209 |  unique_bins = 0.002 |  accuracy = 0.019 | 
val_loss (train batch) = 6.152 |  logp_expert_action (train batch) = -6.152 |  action_margin (train batch) = -1.743 |  entropy (train batch) = 6.495 |  ang_sep (train batch) = 0.209 |  unique_bins (train batch) = 0.003 |  accuracy (train batch) = 0.030 | 
2026-02-05 15:29:45 - INFO - Improved model at step 20. New best val loss is 6.347 Saving weights.
2026-02-05 15:29:45 - INFO - Validation check at train step 30 
 val_loss = 6.232 |  logp_expert_action = -6.232 |  action_margin = -2.540 |  entropy = 5.974 |  ang_sep = 0.197 |  unique_bins = 0.005 |  accuracy = 0.021 | 
val_loss (train batch) = 5.636 |  logp_expert_action (train batch) = -5.636 |  action_margin (train batch) = -1.984 |  entropy (train batch) = 5.891 |  ang_sep (train batch) = 0.183 |  unique_bins (train batch) = 0.007 |  accuracy (train batch) = 0.042 | 
2026-02-05 15:29:45 - INFO - Improved model at step 30. New best val loss is 6.232 Saving weights.
2026-02-05 15:29:46 - INFO - Validation check at train step 40 
 val_loss = 5.773 |  logp_expert_action = -5.773 |  action_margin = -2.220 |  entropy = 5.577 |  ang_sep = 0.139 |  unique_bins = 0.014 |  accuracy = 0.040 | 
val_loss (train batch) = 5.259 |  logp_expert_action (train batch) = -5.259 |  action_margin (train batch) = -1.693 |  entropy (train batch) = 5.611 |  ang_sep (train batch) = 0.134 |  unique_bins (train batch) = 0.014 |  accuracy (train batch) = 0.071 | 
2026-02-05 15:29:46 - INFO - Improved model at step 40. New best val loss is 5.773 Saving weights.
2026-02-05 15:29:46 - INFO - Validation check at train step 50 
 val_loss = 5.806 |  logp_expert_action = -5.806 |  action_margin = -2.599 |  entropy = 5.332 |  ang_sep = 0.127 |  unique_bins = 0.010 |  accuracy = 0.035 | 
val_loss (train batch) = 5.006 |  logp_expert_action (train batch) = -5.006 |  action_margin (train batch) = -1.831 |  entropy (train batch) = 5.258 |  ang_sep (train batch) = 0.124 |  unique_bins (train batch) = 0.015 |  accuracy (train batch) = 0.071 | 
2026-02-05 15:29:46 - DEBUG - Patience left: 49
2026-02-05 15:29:46 - INFO - Validation check at train step 60 
 val_loss = 5.584 |  logp_expert_action = -5.584 |  action_margin = -2.526 |  entropy = 5.076 |  ang_sep = 0.126 |  unique_bins = 0.018 |  accuracy = 0.045 | 
val_loss (train batch) = 4.829 |  logp_expert_action (train batch) = -4.829 |  action_margin (train batch) = -1.798 |  entropy (train batch) = 5.072 |  ang_sep (train batch) = 0.129 |  unique_bins (train batch) = 0.017 |  accuracy (train batch) = 0.074 | 
2026-02-05 15:29:46 - INFO - Improved model at step 60. New best val loss is 5.584 Saving weights.
2026-02-05 15:29:46 - INFO - Validation check at train step 70 
 val_loss = 5.614 |  logp_expert_action = -5.614 |  action_margin = -2.667 |  entropy = 4.962 |  ang_sep = 0.115 |  unique_bins = 0.012 |  accuracy = 0.049 | 
val_loss (train batch) = 4.583 |  logp_expert_action (train batch) = -4.583 |  action_margin (train batch) = -1.656 |  entropy (train batch) = 4.905 |  ang_sep (train batch) = 0.108 |  unique_bins (train batch) = 0.021 |  accuracy (train batch) = 0.076 | 
2026-02-05 15:29:46 - DEBUG - Patience left: 49
2026-02-05 15:29:46 - INFO - Validation check at train step 80 
 val_loss = 5.460 |  logp_expert_action = -5.460 |  action_margin = -2.609 |  entropy = 4.810 |  ang_sep = 0.119 |  unique_bins = 0.024 |  accuracy = 0.061 | 
val_loss (train batch) = 4.366 |  logp_expert_action (train batch) = -4.366 |  action_margin (train batch) = -1.533 |  entropy (train batch) = 4.776 |  ang_sep (train batch) = 0.113 |  unique_bins (train batch) = 0.025 |  accuracy (train batch) = 0.096 | 
2026-02-05 15:29:46 - INFO - Improved model at step 80. New best val loss is 5.460 Saving weights.
2026-02-05 15:29:46 - INFO - Validation check at train step 90 
 val_loss = 5.491 |  logp_expert_action = -5.491 |  action_margin = -2.732 |  entropy = 4.687 |  ang_sep = 0.116 |  unique_bins = 0.014 |  accuracy = 0.035 | 
val_loss (train batch) = 4.364 |  logp_expert_action (train batch) = -4.364 |  action_margin (train batch) = -1.577 |  entropy (train batch) = 4.657 |  ang_sep (train batch) = 0.109 |  unique_bins (train batch) = 0.028 |  accuracy (train batch) = 0.105 | 
2026-02-05 15:29:46 - DEBUG - Patience left: 49
2026-02-05 15:29:47 - INFO - Validation check at train step 100 
 val_loss = 5.438 |  logp_expert_action = -5.438 |  action_margin = -2.767 |  entropy = 4.554 |  ang_sep = 0.105 |  unique_bins = 0.029 |  accuracy = 0.065 | 
val_loss (train batch) = 4.225 |  logp_expert_action (train batch) = -4.225 |  action_margin (train batch) = -1.551 |  entropy (train batch) = 4.539 |  ang_sep (train batch) = 0.107 |  unique_bins (train batch) = 0.031 |  accuracy (train batch) = 0.113 | 
2026-02-05 15:29:47 - INFO - Improved model at step 100. New best val loss is 5.438 Saving weights.
2026-02-05 15:29:47 - INFO - Validation check at train step 110 
 val_loss = 5.573 |  logp_expert_action = -5.573 |  action_margin = -2.980 |  entropy = 4.486 |  ang_sep = 0.101 |  unique_bins = 0.014 |  accuracy = 0.056 | 
val_loss (train batch) = 4.080 |  logp_expert_action (train batch) = -4.080 |  action_margin (train batch) = -1.450 |  entropy (train batch) = 4.461 |  ang_sep (train batch) = 0.093 |  unique_bins (train batch) = 0.032 |  accuracy (train batch) = 0.113 | 
2026-02-05 15:29:47 - DEBUG - Patience left: 49
2026-02-05 15:29:47 - INFO - Validation check at train step 120 
 val_loss = 5.431 |  logp_expert_action = -5.431 |  action_margin = -2.863 |  entropy = 4.389 |  ang_sep = 0.101 |  unique_bins = 0.034 |  accuracy = 0.075 | 
val_loss (train batch) = 4.034 |  logp_expert_action (train batch) = -4.034 |  action_margin (train batch) = -1.461 |  entropy (train batch) = 4.376 |  ang_sep (train batch) = 0.097 |  unique_bins (train batch) = 0.033 |  accuracy (train batch) = 0.127 | 
2026-02-05 15:29:47 - INFO - Improved model at step 120. New best val loss is 5.431 Saving weights.
2026-02-05 15:29:47 - INFO - Validation check at train step 130 
 val_loss = 5.594 |  logp_expert_action = -5.594 |  action_margin = -3.112 |  entropy = 4.298 |  ang_sep = 0.098 |  unique_bins = 0.016 |  accuracy = 0.049 | 
val_loss (train batch) = 4.035 |  logp_expert_action (train batch) = -4.035 |  action_margin (train batch) = -1.568 |  entropy (train batch) = 4.261 |  ang_sep (train batch) = 0.106 |  unique_bins (train batch) = 0.035 |  accuracy (train batch) = 0.137 | 
2026-02-05 15:29:47 - DEBUG - Patience left: 49
2026-02-05 15:29:47 - INFO - Validation check at train step 140 
 val_loss = 5.396 |  logp_expert_action = -5.396 |  action_margin = -2.957 |  entropy = 4.263 |  ang_sep = 0.106 |  unique_bins = 0.035 |  accuracy = 0.076 | 
val_loss (train batch) = 3.919 |  logp_expert_action (train batch) = -3.919 |  action_margin (train batch) = -1.472 |  entropy (train batch) = 4.253 |  ang_sep (train batch) = 0.096 |  unique_bins (train batch) = 0.036 |  accuracy (train batch) = 0.140 | 
2026-02-05 15:29:47 - INFO - Improved model at step 140. New best val loss is 5.396 Saving weights.
2026-02-05 15:29:47 - INFO - Validation check at train step 150 
 val_loss = 5.560 |  logp_expert_action = -5.560 |  action_margin = -3.184 |  entropy = 4.164 |  ang_sep = 0.093 |  unique_bins = 0.017 |  accuracy = 0.092 | 
val_loss (train batch) = 3.829 |  logp_expert_action (train batch) = -3.829 |  action_margin (train batch) = -1.399 |  entropy (train batch) = 4.167 |  ang_sep (train batch) = 0.098 |  unique_bins (train batch) = 0.045 |  accuracy (train batch) = 0.141 | 
2026-02-05 15:29:47 - DEBUG - Patience left: 49
2026-02-05 15:29:48 - INFO - Validation check at train step 160 
 val_loss = 5.463 |  logp_expert_action = -5.463 |  action_margin = -3.142 |  entropy = 4.071 |  ang_sep = 0.097 |  unique_bins = 0.038 |  accuracy = 0.089 | 
val_loss (train batch) = 3.661 |  logp_expert_action (train batch) = -3.661 |  action_margin (train batch) = -1.331 |  entropy (train batch) = 4.042 |  ang_sep (train batch) = 0.091 |  unique_bins (train batch) = 0.038 |  accuracy (train batch) = 0.140 | 
2026-02-05 15:29:48 - DEBUG - Patience left: 48
2026-02-05 15:29:48 - INFO - Validation check at train step 170 
 val_loss = 5.596 |  logp_expert_action = -5.596 |  action_margin = -3.301 |  entropy = 4.035 |  ang_sep = 0.091 |  unique_bins = 0.016 |  accuracy = 0.070 | 
val_loss (train batch) = 3.619 |  logp_expert_action (train batch) = -3.619 |  action_margin (train batch) = -1.318 |  entropy (train batch) = 3.986 |  ang_sep (train batch) = 0.083 |  unique_bins (train batch) = 0.041 |  accuracy (train batch) = 0.169 | 
2026-02-05 15:29:48 - DEBUG - Patience left: 47
2026-02-05 15:29:48 - INFO - Validation check at train step 180 
 val_loss = 5.504 |  logp_expert_action = -5.504 |  action_margin = -3.239 |  entropy = 3.978 |  ang_sep = 0.099 |  unique_bins = 0.044 |  accuracy = 0.076 | 
val_loss (train batch) = 3.623 |  logp_expert_action (train batch) = -3.623 |  action_margin (train batch) = -1.373 |  entropy (train batch) = 3.925 |  ang_sep (train batch) = 0.085 |  unique_bins (train batch) = 0.040 |  accuracy (train batch) = 0.160 | 
2026-02-05 15:29:48 - DEBUG - Patience left: 46
2026-02-05 15:29:48 - INFO - Validation check at train step 190 
 val_loss = 5.674 |  logp_expert_action = -5.674 |  action_margin = -3.472 |  entropy = 3.942 |  ang_sep = 0.095 |  unique_bins = 0.016 |  accuracy = 0.092 | 
val_loss (train batch) = 3.570 |  logp_expert_action (train batch) = -3.570 |  action_margin (train batch) = -1.339 |  entropy (train batch) = 3.885 |  ang_sep (train batch) = 0.094 |  unique_bins (train batch) = 0.046 |  accuracy (train batch) = 0.171 | 
2026-02-05 15:29:48 - DEBUG - Patience left: 45
2026-02-05 15:29:48 - INFO - Validation check at train step 200 
 val_loss = 5.532 |  logp_expert_action = -5.532 |  action_margin = -3.361 |  entropy = 3.858 |  ang_sep = 0.101 |  unique_bins = 0.046 |  accuracy = 0.075 | 
val_loss (train batch) = 3.458 |  logp_expert_action (train batch) = -3.458 |  action_margin (train batch) = -1.243 |  entropy (train batch) = 3.833 |  ang_sep (train batch) = 0.089 |  unique_bins (train batch) = 0.047 |  accuracy (train batch) = 0.183 | 
2026-02-05 15:29:48 - DEBUG - Patience left: 44
2026-02-05 15:29:48 - INFO - Validation check at train step 210 
 val_loss = 5.659 |  logp_expert_action = -5.659 |  action_margin = -3.479 |  entropy = 3.820 |  ang_sep = 0.091 |  unique_bins = 0.017 |  accuracy = 0.077 | 
val_loss (train batch) = 3.479 |  logp_expert_action (train batch) = -3.479 |  action_margin (train batch) = -1.282 |  entropy (train batch) = 3.802 |  ang_sep (train batch) = 0.083 |  unique_bins (train batch) = 0.048 |  accuracy (train batch) = 0.181 | 
2026-02-05 15:29:48 - DEBUG - Patience left: 43
2026-02-05 15:29:49 - INFO - Validation check at train step 220 
 val_loss = 5.572 |  logp_expert_action = -5.572 |  action_margin = -3.420 |  entropy = 3.799 |  ang_sep = 0.096 |  unique_bins = 0.047 |  accuracy = 0.082 | 
val_loss (train batch) = 3.501 |  logp_expert_action (train batch) = -3.501 |  action_margin (train batch) = -1.338 |  entropy (train batch) = 3.753 |  ang_sep (train batch) = 0.088 |  unique_bins (train batch) = 0.047 |  accuracy (train batch) = 0.166 | 
2026-02-05 15:29:49 - DEBUG - Patience left: 42
2026-02-05 15:29:49 - INFO - Validation check at train step 230 
 val_loss = 5.818 |  logp_expert_action = -5.818 |  action_margin = -3.782 |  entropy = 3.700 |  ang_sep = 0.089 |  unique_bins = 0.017 |  accuracy = 0.085 | 
val_loss (train batch) = 3.385 |  logp_expert_action (train batch) = -3.385 |  action_margin (train batch) = -1.258 |  entropy (train batch) = 3.704 |  ang_sep (train batch) = 0.084 |  unique_bins (train batch) = 0.048 |  accuracy (train batch) = 0.190 | 
2026-02-05 15:29:49 - DEBUG - Patience left: 41
2026-02-05 15:29:49 - INFO - Validation check at train step 240 
 val_loss = 5.634 |  logp_expert_action = -5.634 |  action_margin = -3.589 |  entropy = 3.689 |  ang_sep = 0.108 |  unique_bins = 0.048 |  accuracy = 0.079 | 
val_loss (train batch) = 3.343 |  logp_expert_action (train batch) = -3.343 |  action_margin (train batch) = -1.281 |  entropy (train batch) = 3.640 |  ang_sep (train batch) = 0.089 |  unique_bins (train batch) = 0.049 |  accuracy (train batch) = 0.184 | 
2026-02-05 15:29:49 - DEBUG - Patience left: 40
2026-02-05 15:29:49 - INFO - Validation check at train step 250 
 val_loss = 5.812 |  logp_expert_action = -5.812 |  action_margin = -3.692 |  entropy = 3.696 |  ang_sep = 0.099 |  unique_bins = 0.017 |  accuracy = 0.077 | 
val_loss (train batch) = 3.306 |  logp_expert_action (train batch) = -3.306 |  action_margin (train batch) = -1.213 |  entropy (train batch) = 3.633 |  ang_sep (train batch) = 0.080 |  unique_bins (train batch) = 0.053 |  accuracy (train batch) = 0.189 | 
2026-02-05 15:29:49 - DEBUG - Patience left: 39
2026-02-05 15:29:49 - INFO - Validation check at train step 260 
 val_loss = 5.641 |  logp_expert_action = -5.641 |  action_margin = -3.611 |  entropy = 3.602 |  ang_sep = 0.098 |  unique_bins = 0.051 |  accuracy = 0.092 | 
val_loss (train batch) = 3.305 |  logp_expert_action (train batch) = -3.305 |  action_margin (train batch) = -1.279 |  entropy (train batch) = 3.562 |  ang_sep (train batch) = 0.080 |  unique_bins (train batch) = 0.050 |  accuracy (train batch) = 0.177 | 
2026-02-05 15:29:49 - DEBUG - Patience left: 38
2026-02-05 15:29:49 - INFO - Validation check at train step 270 
 val_loss = 5.923 |  logp_expert_action = -5.923 |  action_margin = -3.980 |  entropy = 3.576 |  ang_sep = 0.093 |  unique_bins = 0.017 |  accuracy = 0.070 | 
val_loss (train batch) = 3.244 |  logp_expert_action (train batch) = -3.244 |  action_margin (train batch) = -1.218 |  entropy (train batch) = 3.542 |  ang_sep (train batch) = 0.090 |  unique_bins (train batch) = 0.054 |  accuracy (train batch) = 0.203 | 
2026-02-05 15:29:49 - DEBUG - Patience left: 37
2026-02-05 15:29:50 - INFO - Validation check at train step 280 
 val_loss = 5.733 |  logp_expert_action = -5.733 |  action_margin = -3.793 |  entropy = 3.519 |  ang_sep = 0.098 |  unique_bins = 0.051 |  accuracy = 0.087 | 
val_loss (train batch) = 3.114 |  logp_expert_action (train batch) = -3.114 |  action_margin (train batch) = -1.092 |  entropy (train batch) = 3.504 |  ang_sep (train batch) = 0.084 |  unique_bins (train batch) = 0.053 |  accuracy (train batch) = 0.210 | 
2026-02-05 15:29:50 - DEBUG - Patience left: 36
2026-02-05 15:29:50 - INFO - Validation check at train step 290 
 val_loss = 5.999 |  logp_expert_action = -5.999 |  action_margin = -4.036 |  entropy = 3.504 |  ang_sep = 0.092 |  unique_bins = 0.018 |  accuracy = 0.099 | 
val_loss (train batch) = 3.068 |  logp_expert_action (train batch) = -3.068 |  action_margin (train batch) = -1.057 |  entropy (train batch) = 3.446 |  ang_sep (train batch) = 0.091 |  unique_bins (train batch) = 0.053 |  accuracy (train batch) = 0.215 | 
2026-02-05 15:29:50 - DEBUG - Patience left: 35
2026-02-05 15:29:50 - INFO - Validation check at train step 300 
 val_loss = 5.746 |  logp_expert_action = -5.746 |  action_margin = -3.833 |  entropy = 3.450 |  ang_sep = 0.097 |  unique_bins = 0.053 |  accuracy = 0.089 | 
val_loss (train batch) = 3.089 |  logp_expert_action (train batch) = -3.089 |  action_margin (train batch) = -1.138 |  entropy (train batch) = 3.407 |  ang_sep (train batch) = 0.078 |  unique_bins (train batch) = 0.053 |  accuracy (train batch) = 0.204 | 
2026-02-05 15:29:50 - DEBUG - Patience left: 34
2026-02-05 15:29:50 - INFO - Validation check at train step 310 
 val_loss = 6.124 |  logp_expert_action = -6.124 |  action_margin = -4.198 |  entropy = 3.424 |  ang_sep = 0.092 |  unique_bins = 0.017 |  accuracy = 0.099 | 
val_loss (train batch) = 3.042 |  logp_expert_action (train batch) = -3.042 |  action_margin (train batch) = -1.074 |  entropy (train batch) = 3.369 |  ang_sep (train batch) = 0.083 |  unique_bins (train batch) = 0.057 |  accuracy (train batch) = 0.205 | 
2026-02-05 15:29:50 - DEBUG - Patience left: 33
2026-02-05 15:29:50 - INFO - Validation check at train step 320 
 val_loss = 5.852 |  logp_expert_action = -5.852 |  action_margin = -3.987 |  entropy = 3.378 |  ang_sep = 0.098 |  unique_bins = 0.055 |  accuracy = 0.099 | 
val_loss (train batch) = 3.114 |  logp_expert_action (train batch) = -3.114 |  action_margin (train batch) = -1.197 |  entropy (train batch) = 3.326 |  ang_sep (train batch) = 0.092 |  unique_bins (train batch) = 0.056 |  accuracy (train batch) = 0.216 | 
2026-02-05 15:29:50 - DEBUG - Patience left: 32
2026-02-05 15:29:50 - INFO - Validation check at train step 330 
 val_loss = 6.222 |  logp_expert_action = -6.222 |  action_margin = -4.345 |  entropy = 3.377 |  ang_sep = 0.083 |  unique_bins = 0.018 |  accuracy = 0.085 | 
val_loss (train batch) = 2.947 |  logp_expert_action (train batch) = -2.947 |  action_margin (train batch) = -1.022 |  entropy (train batch) = 3.315 |  ang_sep (train batch) = 0.072 |  unique_bins (train batch) = 0.058 |  accuracy (train batch) = 0.246 | 
2026-02-05 15:29:50 - DEBUG - Patience left: 31
2026-02-05 15:29:50 - INFO - Validation check at train step 340 
 val_loss = 5.892 |  logp_expert_action = -5.892 |  action_margin = -4.064 |  entropy = 3.319 |  ang_sep = 0.097 |  unique_bins = 0.056 |  accuracy = 0.098 | 
val_loss (train batch) = 2.986 |  logp_expert_action (train batch) = -2.986 |  action_margin (train batch) = -1.065 |  entropy (train batch) = 3.295 |  ang_sep (train batch) = 0.081 |  unique_bins (train batch) = 0.057 |  accuracy (train batch) = 0.234 | 
2026-02-05 15:29:51 - DEBUG - Patience left: 30
2026-02-05 15:29:51 - INFO - Validation check at train step 350 
 val_loss = 6.343 |  logp_expert_action = -6.343 |  action_margin = -4.545 |  entropy = 3.302 |  ang_sep = 0.088 |  unique_bins = 0.019 |  accuracy = 0.063 | 
val_loss (train batch) = 2.964 |  logp_expert_action (train batch) = -2.964 |  action_margin (train batch) = -1.076 |  entropy (train batch) = 3.267 |  ang_sep (train batch) = 0.077 |  unique_bins (train batch) = 0.058 |  accuracy (train batch) = 0.227 | 
2026-02-05 15:29:51 - DEBUG - Patience left: 29
2026-02-05 15:29:51 - INFO - Validation check at train step 360 
 val_loss = 5.929 |  logp_expert_action = -5.929 |  action_margin = -4.108 |  entropy = 3.295 |  ang_sep = 0.101 |  unique_bins = 0.055 |  accuracy = 0.090 | 
val_loss (train batch) = 2.902 |  logp_expert_action (train batch) = -2.902 |  action_margin (train batch) = -1.014 |  entropy (train batch) = 3.222 |  ang_sep (train batch) = 0.088 |  unique_bins (train batch) = 0.056 |  accuracy (train batch) = 0.247 | 
2026-02-05 15:29:51 - DEBUG - Patience left: 28
2026-02-05 15:29:51 - INFO - Validation check at train step 370 
 val_loss = 6.401 |  logp_expert_action = -6.401 |  action_margin = -4.648 |  entropy = 3.251 |  ang_sep = 0.101 |  unique_bins = 0.020 |  accuracy = 0.092 | 
val_loss (train batch) = 2.887 |  logp_expert_action (train batch) = -2.887 |  action_margin (train batch) = -1.010 |  entropy (train batch) = 3.219 |  ang_sep (train batch) = 0.072 |  unique_bins (train batch) = 0.059 |  accuracy (train batch) = 0.249 | 
2026-02-05 15:29:51 - DEBUG - Patience left: 27
2026-02-05 15:29:51 - INFO - Validation check at train step 380 
 val_loss = 5.975 |  logp_expert_action = -5.975 |  action_margin = -4.184 |  entropy = 3.245 |  ang_sep = 0.099 |  unique_bins = 0.057 |  accuracy = 0.099 | 
val_loss (train batch) = 2.831 |  logp_expert_action (train batch) = -2.831 |  action_margin (train batch) = -0.999 |  entropy (train batch) = 3.163 |  ang_sep (train batch) = 0.085 |  unique_bins (train batch) = 0.060 |  accuracy (train batch) = 0.242 | 
2026-02-05 15:29:51 - DEBUG - Patience left: 26
2026-02-05 15:29:51 - INFO - Validation check at train step 390 
 val_loss = 6.460 |  logp_expert_action = -6.460 |  action_margin = -4.714 |  entropy = 3.189 |  ang_sep = 0.076 |  unique_bins = 0.019 |  accuracy = 0.056 | 
val_loss (train batch) = 2.901 |  logp_expert_action (train batch) = -2.901 |  action_margin (train batch) = -1.114 |  entropy (train batch) = 3.133 |  ang_sep (train batch) = 0.081 |  unique_bins (train batch) = 0.060 |  accuracy (train batch) = 0.228 | 
2026-02-05 15:29:51 - DEBUG - Patience left: 25
2026-02-05 15:29:51 - INFO - Validation check at train step 400 
 val_loss = 6.010 |  logp_expert_action = -6.010 |  action_margin = -4.246 |  entropy = 3.190 |  ang_sep = 0.090 |  unique_bins = 0.062 |  accuracy = 0.096 | 
val_loss (train batch) = 2.868 |  logp_expert_action (train batch) = -2.868 |  action_margin (train batch) = -1.068 |  entropy (train batch) = 3.126 |  ang_sep (train batch) = 0.087 |  unique_bins (train batch) = 0.059 |  accuracy (train batch) = 0.221 | 
2026-02-05 15:29:51 - DEBUG - Patience left: 24
2026-02-05 15:29:52 - INFO - Validation check at train step 410 
 val_loss = 6.595 |  logp_expert_action = -6.595 |  action_margin = -4.849 |  entropy = 3.175 |  ang_sep = 0.096 |  unique_bins = 0.018 |  accuracy = 0.077 | 
val_loss (train batch) = 2.861 |  logp_expert_action (train batch) = -2.861 |  action_margin (train batch) = -1.021 |  entropy (train batch) = 3.123 |  ang_sep (train batch) = 0.081 |  unique_bins (train batch) = 0.063 |  accuracy (train batch) = 0.245 | 
2026-02-05 15:29:52 - DEBUG - Patience left: 23
2026-02-05 15:29:52 - INFO - Validation check at train step 420 
 val_loss = 6.090 |  logp_expert_action = -6.090 |  action_margin = -4.382 |  entropy = 3.128 |  ang_sep = 0.101 |  unique_bins = 0.064 |  accuracy = 0.080 | 
val_loss (train batch) = 2.765 |  logp_expert_action (train batch) = -2.765 |  action_margin (train batch) = -0.941 |  entropy (train batch) = 3.092 |  ang_sep (train batch) = 0.079 |  unique_bins (train batch) = 0.060 |  accuracy (train batch) = 0.266 | 
2026-02-05 15:29:52 - DEBUG - Patience left: 22
2026-02-05 15:29:52 - INFO - Validation check at train step 430 
 val_loss = 6.591 |  logp_expert_action = -6.591 |  action_margin = -4.878 |  entropy = 3.105 |  ang_sep = 0.106 |  unique_bins = 0.019 |  accuracy = 0.099 | 
val_loss (train batch) = 2.816 |  logp_expert_action (train batch) = -2.816 |  action_margin (train batch) = -1.019 |  entropy (train batch) = 3.072 |  ang_sep (train batch) = 0.084 |  unique_bins (train batch) = 0.061 |  accuracy (train batch) = 0.244 | 
2026-02-05 15:29:52 - DEBUG - Patience left: 21
2026-02-05 15:29:52 - INFO - Validation check at train step 440 
 val_loss = 6.174 |  logp_expert_action = -6.174 |  action_margin = -4.465 |  entropy = 3.097 |  ang_sep = 0.101 |  unique_bins = 0.060 |  accuracy = 0.096 | 
val_loss (train batch) = 2.717 |  logp_expert_action (train batch) = -2.717 |  action_margin (train batch) = -0.924 |  entropy (train batch) = 3.035 |  ang_sep (train batch) = 0.069 |  unique_bins (train batch) = 0.058 |  accuracy (train batch) = 0.252 | 
2026-02-05 15:29:52 - DEBUG - Patience left: 20
2026-02-05 15:29:52 - INFO - Validation check at train step 450 
 val_loss = 6.650 |  logp_expert_action = -6.650 |  action_margin = -4.951 |  entropy = 3.079 |  ang_sep = 0.080 |  unique_bins = 0.018 |  accuracy = 0.134 | 
val_loss (train batch) = 2.718 |  logp_expert_action (train batch) = -2.718 |  action_margin (train batch) = -0.952 |  entropy (train batch) = 2.986 |  ang_sep (train batch) = 0.065 |  unique_bins (train batch) = 0.059 |  accuracy (train batch) = 0.258 | 
2026-02-05 15:29:52 - DEBUG - Patience left: 19
2026-02-05 15:29:53 - INFO - Validation check at train step 460 
 val_loss = 6.207 |  logp_expert_action = -6.207 |  action_margin = -4.558 |  entropy = 3.015 |  ang_sep = 0.094 |  unique_bins = 0.060 |  accuracy = 0.096 | 
val_loss (train batch) = 2.654 |  logp_expert_action (train batch) = -2.654 |  action_margin (train batch) = -0.897 |  entropy (train batch) = 2.977 |  ang_sep (train batch) = 0.074 |  unique_bins (train batch) = 0.061 |  accuracy (train batch) = 0.265 | 
2026-02-05 15:29:53 - DEBUG - Patience left: 18
2026-02-05 15:29:53 - INFO - Validation check at train step 470 
 val_loss = 6.762 |  logp_expert_action = -6.762 |  action_margin = -5.115 |  entropy = 3.010 |  ang_sep = 0.084 |  unique_bins = 0.019 |  accuracy = 0.113 | 
val_loss (train batch) = 2.622 |  logp_expert_action (train batch) = -2.622 |  action_margin (train batch) = -0.820 |  entropy (train batch) = 3.026 |  ang_sep (train batch) = 0.070 |  unique_bins (train batch) = 0.064 |  accuracy (train batch) = 0.271 | 
2026-02-05 15:29:53 - DEBUG - Patience left: 17
2026-02-05 15:29:53 - INFO - Validation check at train step 480 
 val_loss = 6.294 |  logp_expert_action = -6.294 |  action_margin = -4.678 |  entropy = 2.985 |  ang_sep = 0.097 |  unique_bins = 0.065 |  accuracy = 0.086 | 
val_loss (train batch) = 2.712 |  logp_expert_action (train batch) = -2.712 |  action_margin (train batch) = -1.017 |  entropy (train batch) = 2.914 |  ang_sep (train batch) = 0.070 |  unique_bins (train batch) = 0.061 |  accuracy (train batch) = 0.265 | 
2026-02-05 15:29:53 - DEBUG - Patience left: 16
2026-02-05 15:29:53 - INFO - Validation check at train step 490 
 val_loss = 6.915 |  logp_expert_action = -6.915 |  action_margin = -5.356 |  entropy = 2.924 |  ang_sep = 0.088 |  unique_bins = 0.019 |  accuracy = 0.092 | 
val_loss (train batch) = 2.587 |  logp_expert_action (train batch) = -2.587 |  action_margin (train batch) = -0.842 |  entropy (train batch) = 2.928 |  ang_sep (train batch) = 0.071 |  unique_bins (train batch) = 0.062 |  accuracy (train batch) = 0.288 | 
2026-02-05 15:29:53 - DEBUG - Patience left: 15
2026-02-05 15:29:54 - INFO - Validation check at train step 500 
 val_loss = 6.346 |  logp_expert_action = -6.346 |  action_margin = -4.742 |  entropy = 2.961 |  ang_sep = 0.093 |  unique_bins = 0.064 |  accuracy = 0.087 | 
val_loss (train batch) = 2.690 |  logp_expert_action (train batch) = -2.690 |  action_margin (train batch) = -0.968 |  entropy (train batch) = 2.919 |  ang_sep (train batch) = 0.074 |  unique_bins (train batch) = 0.060 |  accuracy (train batch) = 0.250 | 
2026-02-05 15:29:54 - DEBUG - Patience left: 14
2026-02-05 15:29:54 - INFO - Validation check at train step 510 
 val_loss = 6.840 |  logp_expert_action = -6.840 |  action_margin = -5.213 |  entropy = 2.936 |  ang_sep = 0.101 |  unique_bins = 0.020 |  accuracy = 0.106 | 
val_loss (train batch) = 2.664 |  logp_expert_action (train batch) = -2.664 |  action_margin (train batch) = -0.939 |  entropy (train batch) = 2.918 |  ang_sep (train batch) = 0.067 |  unique_bins (train batch) = 0.065 |  accuracy (train batch) = 0.272 | 
2026-02-05 15:29:54 - DEBUG - Patience left: 13
2026-02-05 15:29:54 - INFO - Validation check at train step 520 
 val_loss = 6.387 |  logp_expert_action = -6.387 |  action_margin = -4.783 |  entropy = 2.914 |  ang_sep = 0.094 |  unique_bins = 0.062 |  accuracy = 0.103 | 
val_loss (train batch) = 2.590 |  logp_expert_action (train batch) = -2.590 |  action_margin (train batch) = -0.863 |  entropy (train batch) = 2.889 |  ang_sep (train batch) = 0.081 |  unique_bins (train batch) = 0.068 |  accuracy (train batch) = 0.288 | 
2026-02-05 15:29:54 - DEBUG - Patience left: 12
2026-02-05 15:29:54 - INFO - Validation check at train step 530 
 val_loss = 6.994 |  logp_expert_action = -6.994 |  action_margin = -5.417 |  entropy = 2.898 |  ang_sep = 0.083 |  unique_bins = 0.020 |  accuracy = 0.106 | 
val_loss (train batch) = 2.712 |  logp_expert_action (train batch) = -2.712 |  action_margin (train batch) = -0.980 |  entropy (train batch) = 2.884 |  ang_sep (train batch) = 0.074 |  unique_bins (train batch) = 0.065 |  accuracy (train batch) = 0.269 | 
2026-02-05 15:29:54 - DEBUG - Patience left: 11
2026-02-05 15:29:55 - INFO - Validation check at train step 540 
 val_loss = 6.428 |  logp_expert_action = -6.428 |  action_margin = -4.832 |  entropy = 2.895 |  ang_sep = 0.099 |  unique_bins = 0.064 |  accuracy = 0.103 | 
val_loss (train batch) = 2.560 |  logp_expert_action (train batch) = -2.560 |  action_margin (train batch) = -0.838 |  entropy (train batch) = 2.860 |  ang_sep (train batch) = 0.069 |  unique_bins (train batch) = 0.065 |  accuracy (train batch) = 0.290 | 
2026-02-05 15:29:55 - DEBUG - Patience left: 10
2026-02-05 15:29:55 - INFO - Validation check at train step 550 
 val_loss = 7.153 |  logp_expert_action = -7.153 |  action_margin = -5.637 |  entropy = 2.854 |  ang_sep = 0.112 |  unique_bins = 0.018 |  accuracy = 0.106 | 
val_loss (train batch) = 2.518 |  logp_expert_action (train batch) = -2.518 |  action_margin (train batch) = -0.822 |  entropy (train batch) = 2.832 |  ang_sep (train batch) = 0.079 |  unique_bins (train batch) = 0.065 |  accuracy (train batch) = 0.289 | 
2026-02-05 15:29:55 - DEBUG - Patience left: 9
2026-02-05 15:29:55 - INFO - Validation check at train step 560 
 val_loss = 6.476 |  logp_expert_action = -6.476 |  action_margin = -4.912 |  entropy = 2.870 |  ang_sep = 0.096 |  unique_bins = 0.064 |  accuracy = 0.093 | 
val_loss (train batch) = 2.499 |  logp_expert_action (train batch) = -2.499 |  action_margin (train batch) = -0.816 |  entropy (train batch) = 2.792 |  ang_sep (train batch) = 0.083 |  unique_bins (train batch) = 0.066 |  accuracy (train batch) = 0.289 | 
2026-02-05 15:29:55 - DEBUG - Patience left: 8
2026-02-05 15:29:55 - INFO - Validation check at train step 570 
 val_loss = 7.054 |  logp_expert_action = -7.054 |  action_margin = -5.536 |  entropy = 2.798 |  ang_sep = 0.116 |  unique_bins = 0.020 |  accuracy = 0.120 | 
val_loss (train batch) = 2.484 |  logp_expert_action (train batch) = -2.484 |  action_margin (train batch) = -0.801 |  entropy (train batch) = 2.789 |  ang_sep (train batch) = 0.071 |  unique_bins (train batch) = 0.065 |  accuracy (train batch) = 0.309 | 
2026-02-05 15:29:55 - DEBUG - Patience left: 7
2026-02-05 15:29:55 - INFO - Validation check at train step 580 
 val_loss = 6.563 |  logp_expert_action = -6.563 |  action_margin = -5.021 |  entropy = 2.801 |  ang_sep = 0.095 |  unique_bins = 0.064 |  accuracy = 0.110 | 
val_loss (train batch) = 2.441 |  logp_expert_action (train batch) = -2.441 |  action_margin (train batch) = -0.753 |  entropy (train batch) = 2.772 |  ang_sep (train batch) = 0.070 |  unique_bins (train batch) = 0.068 |  accuracy (train batch) = 0.309 | 
2026-02-05 15:29:55 - DEBUG - Patience left: 6
2026-02-05 15:29:55 - INFO - Validation check at train step 590 
 val_loss = 7.172 |  logp_expert_action = -7.172 |  action_margin = -5.610 |  entropy = 2.829 |  ang_sep = 0.095 |  unique_bins = 0.019 |  accuracy = 0.106 | 
val_loss (train batch) = 2.461 |  logp_expert_action (train batch) = -2.461 |  action_margin (train batch) = -0.789 |  entropy (train batch) = 2.761 |  ang_sep (train batch) = 0.082 |  unique_bins (train batch) = 0.066 |  accuracy (train batch) = 0.283 | 
2026-02-05 15:29:55 - DEBUG - Patience left: 5
2026-02-05 15:29:56 - INFO - Validation check at train step 600 
 val_loss = 6.590 |  logp_expert_action = -6.590 |  action_margin = -5.064 |  entropy = 2.783 |  ang_sep = 0.096 |  unique_bins = 0.065 |  accuracy = 0.107 | 
val_loss (train batch) = 2.405 |  logp_expert_action (train batch) = -2.405 |  action_margin (train batch) = -0.720 |  entropy (train batch) = 2.749 |  ang_sep (train batch) = 0.069 |  unique_bins (train batch) = 0.063 |  accuracy (train batch) = 0.317 | 
2026-02-05 15:29:56 - DEBUG - Patience left: 4
2026-02-05 15:29:56 - INFO - Validation check at train step 610 
 val_loss = 7.353 |  logp_expert_action = -7.353 |  action_margin = -5.811 |  entropy = 2.812 |  ang_sep = 0.092 |  unique_bins = 0.019 |  accuracy = 0.106 | 
val_loss (train batch) = 2.420 |  logp_expert_action (train batch) = -2.420 |  action_margin (train batch) = -0.745 |  entropy (train batch) = 2.759 |  ang_sep (train batch) = 0.069 |  unique_bins (train batch) = 0.067 |  accuracy (train batch) = 0.294 | 
2026-02-05 15:29:56 - DEBUG - Patience left: 3
2026-02-05 15:29:56 - INFO - Validation check at train step 620 
 val_loss = 6.622 |  logp_expert_action = -6.622 |  action_margin = -5.096 |  entropy = 2.774 |  ang_sep = 0.096 |  unique_bins = 0.068 |  accuracy = 0.098 | 
val_loss (train batch) = 2.432 |  logp_expert_action (train batch) = -2.432 |  action_margin (train batch) = -0.759 |  entropy (train batch) = 2.734 |  ang_sep (train batch) = 0.074 |  unique_bins (train batch) = 0.068 |  accuracy (train batch) = 0.296 | 
2026-02-05 15:29:56 - DEBUG - Patience left: 2
2026-02-05 15:29:56 - INFO - Validation check at train step 630 
 val_loss = 7.250 |  logp_expert_action = -7.250 |  action_margin = -5.759 |  entropy = 2.726 |  ang_sep = 0.085 |  unique_bins = 0.020 |  accuracy = 0.106 | 
val_loss (train batch) = 2.442 |  logp_expert_action (train batch) = -2.442 |  action_margin (train batch) = -0.816 |  entropy (train batch) = 2.707 |  ang_sep (train batch) = 0.069 |  unique_bins (train batch) = 0.065 |  accuracy (train batch) = 0.304 | 
2026-02-05 15:29:56 - DEBUG - Patience left: 1
2026-02-05 15:29:56 - INFO - Validation check at train step 640 
 val_loss = 6.693 |  logp_expert_action = -6.693 |  action_margin = -5.181 |  entropy = 2.741 |  ang_sep = 0.098 |  unique_bins = 0.067 |  accuracy = 0.112 | 
val_loss (train batch) = 2.413 |  logp_expert_action (train batch) = -2.413 |  action_margin (train batch) = -0.735 |  entropy (train batch) = 2.683 |  ang_sep (train batch) = 0.071 |  unique_bins (train batch) = 0.068 |  accuracy (train batch) = 0.308 | 
2026-02-05 15:29:56 - DEBUG - Patience left: 0
2026-02-05 15:29:56 - INFO - No patience left. Ending training.
2026-02-05 15:29:56 - INFO - Best val loss was 5.396 at epoch 15
2026-02-05 15:29:56 - INFO - Total train time = 12.207310199737549s on cuda
2026-02-05 15:29:56 - INFO - Training complete.
2026-02-05 15:29:56 - INFO - Plotting training loss curve...
