2026-02-05 15:13:09 - INFO - Setting outdir /home/hurra/Projects/survey-ops/experiment_results/bc-azel-best
2026-02-05 15:13:09 - INFO - Saving results in /home/hurra/Projects/survey-ops/experiment_results/bc-azel-best
2026-02-05 15:13:10 - INFO - Loading raw data...
2026-02-05 15:13:10 - INFO - Loaded data from json
2026-02-05 15:13:10 - INFO - Processing raw data into OfflineDataset()...
2026-02-05 15:13:23 - INFO - Finished constructing train_dataset
2026-02-05 15:13:23 - INFO - Plotting S x A (state x action) space cornerplot (this will take some time...)
2026-02-05 15:13:33 - INFO - Corner plot saved
2026-02-05 15:13:34 - INFO - Initializing agent...
2026-02-05 15:13:34 - DEBUG - lr_scheduler is <torch.optim.lr_scheduler.CosineAnnealingLR object at 0x744e68b83c90>
2026-02-05 15:13:34 - INFO - Starting training...
2026-02-05 15:13:34 - INFO - Total number of training steps: 8000
2026-02-05 15:13:34 - INFO - Steps per epoch: 10
2026-02-05 15:13:34 - DEBUG - Total number of lr scheduler steps: 100
2026-02-05 15:13:34 - DEBUG - Number of transitions in dataset: 10494
2026-02-05 15:13:35 - INFO - Validation check at train step 0 
 val_loss = 7.134 |  logp_expert_action = -7.134 |  action_margin = -0.242 |  entropy = 7.311 |  ang_sep = 0.346 |  unique_bins = 0.007 |  accuracy = 0.027 | 
val_loss (train batch) = 7.089 |  logp_expert_action (train batch) = -7.089 |  action_margin (train batch) = -0.197 |  entropy (train batch) = 7.311 |  ang_sep (train batch) = 0.374 |  unique_bins (train batch) = 0.007 |  accuracy (train batch) = 0.040 | 
2026-02-05 15:13:35 - INFO - Improved model at step 0. New best val loss is 7.134 Saving weights.
2026-02-05 15:13:35 - INFO - Validation check at train step 10 
 val_loss = 5.373 |  logp_expert_action = -5.373 |  action_margin = -1.870 |  entropy = 4.975 |  ang_sep = 0.329 |  unique_bins = 0.007 |  accuracy = 0.042 | 
val_loss (train batch) = 5.237 |  logp_expert_action (train batch) = -5.237 |  action_margin (train batch) = -1.779 |  entropy (train batch) = 4.948 |  ang_sep (train batch) = 0.299 |  unique_bins (train batch) = 0.009 |  accuracy (train batch) = 0.055 | 
2026-02-05 15:13:35 - INFO - Improved model at step 10. New best val loss is 5.373 Saving weights.
2026-02-05 15:13:35 - INFO - Validation check at train step 20 
 val_loss = 4.728 |  logp_expert_action = -4.728 |  action_margin = -1.783 |  entropy = 4.806 |  ang_sep = 0.201 |  unique_bins = 0.015 |  accuracy = 0.076 | 
val_loss (train batch) = 4.567 |  logp_expert_action (train batch) = -4.567 |  action_margin (train batch) = -1.633 |  entropy (train batch) = 4.790 |  ang_sep (train batch) = 0.196 |  unique_bins (train batch) = 0.016 |  accuracy (train batch) = 0.091 | 
2026-02-05 15:13:35 - INFO - Improved model at step 20. New best val loss is 4.728 Saving weights.
2026-02-05 15:13:35 - INFO - Validation check at train step 30 
 val_loss = 4.355 |  logp_expert_action = -4.355 |  action_margin = -1.501 |  entropy = 4.572 |  ang_sep = 0.166 |  unique_bins = 0.023 |  accuracy = 0.063 | 
val_loss (train batch) = 4.098 |  logp_expert_action (train batch) = -4.098 |  action_margin (train batch) = -1.336 |  entropy (train batch) = 4.461 |  ang_sep (train batch) = 0.158 |  unique_bins (train batch) = 0.030 |  accuracy (train batch) = 0.106 | 
2026-02-05 15:13:35 - INFO - Improved model at step 30. New best val loss is 4.355 Saving weights.
2026-02-05 15:13:35 - INFO - Validation check at train step 40 
 val_loss = 4.159 |  logp_expert_action = -4.159 |  action_margin = -1.739 |  entropy = 4.067 |  ang_sep = 0.131 |  unique_bins = 0.039 |  accuracy = 0.104 | 
val_loss (train batch) = 3.824 |  logp_expert_action (train batch) = -3.824 |  action_margin (train batch) = -1.418 |  entropy (train batch) = 4.042 |  ang_sep (train batch) = 0.123 |  unique_bins (train batch) = 0.039 |  accuracy (train batch) = 0.117 | 
2026-02-05 15:13:35 - INFO - Improved model at step 40. New best val loss is 4.159 Saving weights.
2026-02-05 15:13:35 - INFO - Validation check at train step 50 
 val_loss = 3.907 |  logp_expert_action = -3.907 |  action_margin = -1.458 |  entropy = 3.974 |  ang_sep = 0.099 |  unique_bins = 0.033 |  accuracy = 0.127 | 
val_loss (train batch) = 3.689 |  logp_expert_action (train batch) = -3.689 |  action_margin (train batch) = -1.260 |  entropy (train batch) = 3.946 |  ang_sep (train batch) = 0.120 |  unique_bins (train batch) = 0.050 |  accuracy (train batch) = 0.138 | 
2026-02-05 15:13:35 - INFO - Improved model at step 50. New best val loss is 3.907 Saving weights.
2026-02-05 15:13:35 - INFO - Validation check at train step 60 
 val_loss = 3.885 |  logp_expert_action = -3.885 |  action_margin = -1.584 |  entropy = 3.789 |  ang_sep = 0.108 |  unique_bins = 0.060 |  accuracy = 0.159 | 
val_loss (train batch) = 3.452 |  logp_expert_action (train batch) = -3.452 |  action_margin (train batch) = -1.149 |  entropy (train batch) = 3.781 |  ang_sep (train batch) = 0.103 |  unique_bins (train batch) = 0.064 |  accuracy (train batch) = 0.188 | 
2026-02-05 15:13:35 - INFO - Improved model at step 60. New best val loss is 3.885 Saving weights.
2026-02-05 15:13:35 - INFO - Validation check at train step 70 
 val_loss = 3.762 |  logp_expert_action = -3.762 |  action_margin = -1.579 |  entropy = 3.707 |  ang_sep = 0.098 |  unique_bins = 0.039 |  accuracy = 0.120 | 
val_loss (train batch) = 3.402 |  logp_expert_action (train batch) = -3.402 |  action_margin (train batch) = -1.188 |  entropy (train batch) = 3.642 |  ang_sep (train batch) = 0.105 |  unique_bins (train batch) = 0.062 |  accuracy (train batch) = 0.198 | 
2026-02-05 15:13:35 - INFO - Improved model at step 70. New best val loss is 3.762 Saving weights.
2026-02-05 15:13:36 - INFO - Validation check at train step 80 
 val_loss = 3.754 |  logp_expert_action = -3.754 |  action_margin = -1.643 |  entropy = 3.564 |  ang_sep = 0.103 |  unique_bins = 0.062 |  accuracy = 0.156 | 
val_loss (train batch) = 3.323 |  logp_expert_action (train batch) = -3.323 |  action_margin (train batch) = -1.199 |  entropy (train batch) = 3.570 |  ang_sep (train batch) = 0.100 |  unique_bins (train batch) = 0.065 |  accuracy (train batch) = 0.191 | 
2026-02-05 15:13:36 - INFO - Improved model at step 80. New best val loss is 3.754 Saving weights.
2026-02-05 15:13:36 - INFO - Validation check at train step 90 
 val_loss = 3.659 |  logp_expert_action = -3.659 |  action_margin = -1.576 |  entropy = 3.515 |  ang_sep = 0.093 |  unique_bins = 0.039 |  accuracy = 0.141 | 
val_loss (train batch) = 3.264 |  logp_expert_action (train batch) = -3.264 |  action_margin (train batch) = -1.167 |  entropy (train batch) = 3.470 |  ang_sep (train batch) = 0.092 |  unique_bins (train batch) = 0.073 |  accuracy (train batch) = 0.211 | 
2026-02-05 15:13:36 - INFO - Improved model at step 90. New best val loss is 3.659 Saving weights.
2026-02-05 15:13:36 - INFO - Validation check at train step 100 
 val_loss = 3.713 |  logp_expert_action = -3.713 |  action_margin = -1.724 |  entropy = 3.388 |  ang_sep = 0.102 |  unique_bins = 0.075 |  accuracy = 0.165 | 
val_loss (train batch) = 3.134 |  logp_expert_action (train batch) = -3.134 |  action_margin (train batch) = -1.099 |  entropy (train batch) = 3.387 |  ang_sep (train batch) = 0.090 |  unique_bins (train batch) = 0.078 |  accuracy (train batch) = 0.224 | 
2026-02-05 15:13:36 - DEBUG - Patience left: 99
2026-02-05 15:13:36 - INFO - Validation check at train step 110 
 val_loss = 3.569 |  logp_expert_action = -3.569 |  action_margin = -1.609 |  entropy = 3.380 |  ang_sep = 0.094 |  unique_bins = 0.041 |  accuracy = 0.169 | 
val_loss (train batch) = 3.170 |  logp_expert_action (train batch) = -3.170 |  action_margin (train batch) = -1.151 |  entropy (train batch) = 3.336 |  ang_sep (train batch) = 0.098 |  unique_bins (train batch) = 0.079 |  accuracy (train batch) = 0.231 | 
2026-02-05 15:13:36 - INFO - Improved model at step 110. New best val loss is 3.569 Saving weights.
2026-02-05 15:13:36 - INFO - Validation check at train step 120 
 val_loss = 3.590 |  logp_expert_action = -3.590 |  action_margin = -1.647 |  entropy = 3.263 |  ang_sep = 0.098 |  unique_bins = 0.080 |  accuracy = 0.220 | 
val_loss (train batch) = 3.026 |  logp_expert_action (train batch) = -3.026 |  action_margin (train batch) = -1.053 |  entropy (train batch) = 3.269 |  ang_sep (train batch) = 0.097 |  unique_bins (train batch) = 0.088 |  accuracy (train batch) = 0.231 | 
2026-02-05 15:13:36 - DEBUG - Patience left: 99
2026-02-05 15:13:36 - INFO - Validation check at train step 130 
 val_loss = 3.500 |  logp_expert_action = -3.500 |  action_margin = -1.579 |  entropy = 3.285 |  ang_sep = 0.089 |  unique_bins = 0.049 |  accuracy = 0.169 | 
val_loss (train batch) = 3.074 |  logp_expert_action (train batch) = -3.074 |  action_margin (train batch) = -1.111 |  entropy (train batch) = 3.256 |  ang_sep (train batch) = 0.100 |  unique_bins (train batch) = 0.089 |  accuracy (train batch) = 0.233 | 
2026-02-05 15:13:36 - INFO - Improved model at step 130. New best val loss is 3.500 Saving weights.
2026-02-05 15:13:37 - INFO - Validation check at train step 140 
 val_loss = 3.577 |  logp_expert_action = -3.577 |  action_margin = -1.696 |  entropy = 3.171 |  ang_sep = 0.098 |  unique_bins = 0.086 |  accuracy = 0.202 | 
val_loss (train batch) = 2.931 |  logp_expert_action (train batch) = -2.931 |  action_margin (train batch) = -1.029 |  entropy (train batch) = 3.157 |  ang_sep (train batch) = 0.086 |  unique_bins (train batch) = 0.089 |  accuracy (train batch) = 0.251 | 
2026-02-05 15:13:37 - DEBUG - Patience left: 99
2026-02-05 15:13:37 - INFO - Validation check at train step 150 
 val_loss = 3.436 |  logp_expert_action = -3.436 |  action_margin = -1.589 |  entropy = 3.162 |  ang_sep = 0.095 |  unique_bins = 0.047 |  accuracy = 0.218 | 
val_loss (train batch) = 2.841 |  logp_expert_action (train batch) = -2.841 |  action_margin (train batch) = -0.978 |  entropy (train batch) = 3.118 |  ang_sep (train batch) = 0.085 |  unique_bins (train batch) = 0.091 |  accuracy (train batch) = 0.267 | 
2026-02-05 15:13:37 - INFO - Improved model at step 150. New best val loss is 3.436 Saving weights.
2026-02-05 15:13:37 - INFO - Validation check at train step 160 
 val_loss = 3.573 |  logp_expert_action = -3.573 |  action_margin = -1.795 |  entropy = 3.056 |  ang_sep = 0.092 |  unique_bins = 0.088 |  accuracy = 0.208 | 
val_loss (train batch) = 2.822 |  logp_expert_action (train batch) = -2.822 |  action_margin (train batch) = -1.014 |  entropy (train batch) = 3.050 |  ang_sep (train batch) = 0.084 |  unique_bins (train batch) = 0.098 |  accuracy (train batch) = 0.269 | 
2026-02-05 15:13:37 - DEBUG - Patience left: 99
2026-02-05 15:13:37 - INFO - Validation check at train step 170 
 val_loss = 3.438 |  logp_expert_action = -3.438 |  action_margin = -1.695 |  entropy = 3.066 |  ang_sep = 0.089 |  unique_bins = 0.053 |  accuracy = 0.148 | 
val_loss (train batch) = 2.814 |  logp_expert_action (train batch) = -2.814 |  action_margin (train batch) = -0.988 |  entropy (train batch) = 3.010 |  ang_sep (train batch) = 0.098 |  unique_bins (train batch) = 0.097 |  accuracy (train batch) = 0.276 | 
2026-02-05 15:13:37 - DEBUG - Patience left: 98
2026-02-05 15:13:37 - INFO - Validation check at train step 180 
 val_loss = 3.509 |  logp_expert_action = -3.509 |  action_margin = -1.743 |  entropy = 2.997 |  ang_sep = 0.092 |  unique_bins = 0.095 |  accuracy = 0.221 | 
val_loss (train batch) = 2.706 |  logp_expert_action (train batch) = -2.706 |  action_margin (train batch) = -0.906 |  entropy (train batch) = 2.976 |  ang_sep (train batch) = 0.088 |  unique_bins (train batch) = 0.101 |  accuracy (train batch) = 0.283 | 
2026-02-05 15:13:37 - DEBUG - Patience left: 97
2026-02-05 15:13:37 - INFO - Validation check at train step 190 
 val_loss = 3.473 |  logp_expert_action = -3.473 |  action_margin = -1.765 |  entropy = 2.967 |  ang_sep = 0.088 |  unique_bins = 0.049 |  accuracy = 0.190 | 
val_loss (train batch) = 2.753 |  logp_expert_action (train batch) = -2.753 |  action_margin (train batch) = -1.005 |  entropy (train batch) = 2.902 |  ang_sep (train batch) = 0.085 |  unique_bins (train batch) = 0.097 |  accuracy (train batch) = 0.300 | 
2026-02-05 15:13:37 - DEBUG - Patience left: 96
2026-02-05 15:13:37 - INFO - Validation check at train step 200 
 val_loss = 3.454 |  logp_expert_action = -3.454 |  action_margin = -1.687 |  entropy = 2.965 |  ang_sep = 0.091 |  unique_bins = 0.114 |  accuracy = 0.237 | 
val_loss (train batch) = 2.744 |  logp_expert_action (train batch) = -2.744 |  action_margin (train batch) = -0.960 |  entropy (train batch) = 2.945 |  ang_sep (train batch) = 0.091 |  unique_bins (train batch) = 0.113 |  accuracy (train batch) = 0.298 | 
2026-02-05 15:13:37 - DEBUG - Patience left: 95
2026-02-05 15:13:37 - INFO - Validation check at train step 210 
 val_loss = 3.462 |  logp_expert_action = -3.462 |  action_margin = -1.756 |  entropy = 2.948 |  ang_sep = 0.090 |  unique_bins = 0.053 |  accuracy = 0.218 | 
val_loss (train batch) = 2.637 |  logp_expert_action (train batch) = -2.637 |  action_margin (train batch) = -0.858 |  entropy (train batch) = 2.892 |  ang_sep (train batch) = 0.076 |  unique_bins (train batch) = 0.113 |  accuracy (train batch) = 0.323 | 
2026-02-05 15:13:37 - DEBUG - Patience left: 94
2026-02-05 15:13:37 - INFO - Validation check at train step 220 
 val_loss = 3.458 |  logp_expert_action = -3.458 |  action_margin = -1.751 |  entropy = 2.874 |  ang_sep = 0.096 |  unique_bins = 0.108 |  accuracy = 0.228 | 
val_loss (train batch) = 2.612 |  logp_expert_action (train batch) = -2.612 |  action_margin (train batch) = -0.866 |  entropy (train batch) = 2.838 |  ang_sep (train batch) = 0.082 |  unique_bins (train batch) = 0.116 |  accuracy (train batch) = 0.316 | 
2026-02-05 15:13:37 - DEBUG - Patience left: 93
2026-02-05 15:13:37 - INFO - Validation check at train step 230 
 val_loss = 3.469 |  logp_expert_action = -3.469 |  action_margin = -1.770 |  entropy = 2.899 |  ang_sep = 0.082 |  unique_bins = 0.059 |  accuracy = 0.246 | 
val_loss (train batch) = 2.449 |  logp_expert_action (train batch) = -2.449 |  action_margin (train batch) = -0.709 |  entropy (train batch) = 2.835 |  ang_sep (train batch) = 0.072 |  unique_bins (train batch) = 0.125 |  accuracy (train batch) = 0.319 | 
2026-02-05 15:13:37 - DEBUG - Patience left: 92
2026-02-05 15:13:38 - INFO - Validation check at train step 240 
 val_loss = 3.452 |  logp_expert_action = -3.452 |  action_margin = -1.818 |  entropy = 2.752 |  ang_sep = 0.091 |  unique_bins = 0.118 |  accuracy = 0.240 | 
val_loss (train batch) = 2.579 |  logp_expert_action (train batch) = -2.579 |  action_margin (train batch) = -0.891 |  entropy (train batch) = 2.752 |  ang_sep (train batch) = 0.085 |  unique_bins (train batch) = 0.125 |  accuracy (train batch) = 0.327 | 
2026-02-05 15:13:38 - DEBUG - Patience left: 91
2026-02-05 15:13:38 - INFO - Validation check at train step 250 
 val_loss = 3.492 |  logp_expert_action = -3.492 |  action_margin = -1.866 |  entropy = 2.782 |  ang_sep = 0.099 |  unique_bins = 0.057 |  accuracy = 0.204 | 
val_loss (train batch) = 2.522 |  logp_expert_action (train batch) = -2.522 |  action_margin (train batch) = -0.861 |  entropy (train batch) = 2.746 |  ang_sep (train batch) = 0.086 |  unique_bins (train batch) = 0.114 |  accuracy (train batch) = 0.302 | 
2026-02-05 15:13:38 - DEBUG - Patience left: 90
2026-02-05 15:13:38 - INFO - Validation check at train step 260 
 val_loss = 3.459 |  logp_expert_action = -3.459 |  action_margin = -1.817 |  entropy = 2.761 |  ang_sep = 0.092 |  unique_bins = 0.114 |  accuracy = 0.251 | 
val_loss (train batch) = 2.496 |  logp_expert_action (train batch) = -2.496 |  action_margin (train batch) = -0.781 |  entropy (train batch) = 2.766 |  ang_sep (train batch) = 0.078 |  unique_bins (train batch) = 0.127 |  accuracy (train batch) = 0.360 | 
2026-02-05 15:13:38 - DEBUG - Patience left: 89
2026-02-05 15:13:38 - INFO - Validation check at train step 270 
 val_loss = 3.540 |  logp_expert_action = -3.540 |  action_margin = -1.961 |  entropy = 2.752 |  ang_sep = 0.093 |  unique_bins = 0.056 |  accuracy = 0.218 | 
val_loss (train batch) = 2.433 |  logp_expert_action (train batch) = -2.433 |  action_margin (train batch) = -0.792 |  entropy (train batch) = 2.687 |  ang_sep (train batch) = 0.082 |  unique_bins (train batch) = 0.122 |  accuracy (train batch) = 0.328 | 
2026-02-05 15:13:38 - DEBUG - Patience left: 88
2026-02-05 15:13:38 - INFO - Validation check at train step 280 
 val_loss = 3.474 |  logp_expert_action = -3.474 |  action_margin = -1.898 |  entropy = 2.684 |  ang_sep = 0.089 |  unique_bins = 0.110 |  accuracy = 0.237 | 
val_loss (train batch) = 2.382 |  logp_expert_action (train batch) = -2.382 |  action_margin (train batch) = -0.721 |  entropy (train batch) = 2.648 |  ang_sep (train batch) = 0.082 |  unique_bins (train batch) = 0.128 |  accuracy (train batch) = 0.368 | 
2026-02-05 15:13:38 - DEBUG - Patience left: 87
2026-02-05 15:13:38 - INFO - Validation check at train step 290 
 val_loss = 3.498 |  logp_expert_action = -3.498 |  action_margin = -1.943 |  entropy = 2.705 |  ang_sep = 0.082 |  unique_bins = 0.057 |  accuracy = 0.211 | 
val_loss (train batch) = 2.381 |  logp_expert_action (train batch) = -2.381 |  action_margin (train batch) = -0.772 |  entropy (train batch) = 2.591 |  ang_sep (train batch) = 0.077 |  unique_bins (train batch) = 0.130 |  accuracy (train batch) = 0.327 | 
2026-02-05 15:13:38 - DEBUG - Patience left: 86
2026-02-05 15:13:38 - INFO - Validation check at train step 300 
 val_loss = 3.419 |  logp_expert_action = -3.419 |  action_margin = -1.841 |  entropy = 2.646 |  ang_sep = 0.091 |  unique_bins = 0.118 |  accuracy = 0.271 | 
val_loss (train batch) = 2.364 |  logp_expert_action (train batch) = -2.364 |  action_margin (train batch) = -0.719 |  entropy (train batch) = 2.632 |  ang_sep (train batch) = 0.080 |  unique_bins (train batch) = 0.127 |  accuracy (train batch) = 0.349 | 
2026-02-05 15:13:38 - INFO - Improved model at step 300. New best val loss is 3.419 Saving weights.
2026-02-05 15:13:38 - INFO - Validation check at train step 310 
 val_loss = 3.501 |  logp_expert_action = -3.501 |  action_margin = -2.002 |  entropy = 2.664 |  ang_sep = 0.098 |  unique_bins = 0.054 |  accuracy = 0.197 | 
val_loss (train batch) = 2.420 |  logp_expert_action (train batch) = -2.420 |  action_margin (train batch) = -0.820 |  entropy (train batch) = 2.597 |  ang_sep (train batch) = 0.084 |  unique_bins (train batch) = 0.118 |  accuracy (train batch) = 0.346 | 
2026-02-05 15:13:38 - DEBUG - Patience left: 99
2026-02-05 15:13:38 - INFO - Validation check at train step 320 
 val_loss = 3.438 |  logp_expert_action = -3.438 |  action_margin = -1.850 |  entropy = 2.640 |  ang_sep = 0.089 |  unique_bins = 0.127 |  accuracy = 0.257 | 
val_loss (train batch) = 2.437 |  logp_expert_action (train batch) = -2.437 |  action_margin (train batch) = -0.807 |  entropy (train batch) = 2.620 |  ang_sep (train batch) = 0.091 |  unique_bins (train batch) = 0.127 |  accuracy (train batch) = 0.339 | 
2026-02-05 15:13:38 - DEBUG - Patience left: 98
2026-02-05 15:13:38 - INFO - Validation check at train step 330 
 val_loss = 3.555 |  logp_expert_action = -3.555 |  action_margin = -2.002 |  entropy = 2.650 |  ang_sep = 0.090 |  unique_bins = 0.054 |  accuracy = 0.254 | 
val_loss (train batch) = 2.227 |  logp_expert_action (train batch) = -2.227 |  action_margin (train batch) = -0.585 |  entropy (train batch) = 2.602 |  ang_sep (train batch) = 0.074 |  unique_bins (train batch) = 0.133 |  accuracy (train batch) = 0.393 | 
2026-02-05 15:13:38 - DEBUG - Patience left: 97
2026-02-05 15:13:39 - INFO - Validation check at train step 340 
 val_loss = 3.457 |  logp_expert_action = -3.457 |  action_margin = -1.915 |  entropy = 2.587 |  ang_sep = 0.087 |  unique_bins = 0.118 |  accuracy = 0.271 | 
val_loss (train batch) = 2.433 |  logp_expert_action (train batch) = -2.433 |  action_margin (train batch) = -0.822 |  entropy (train batch) = 2.626 |  ang_sep (train batch) = 0.081 |  unique_bins (train batch) = 0.131 |  accuracy (train batch) = 0.350 | 
2026-02-05 15:13:39 - DEBUG - Patience left: 96
2026-02-05 15:13:39 - INFO - Validation check at train step 350 
 val_loss = 3.595 |  logp_expert_action = -3.595 |  action_margin = -2.062 |  entropy = 2.622 |  ang_sep = 0.093 |  unique_bins = 0.061 |  accuracy = 0.197 | 
val_loss (train batch) = 2.235 |  logp_expert_action (train batch) = -2.235 |  action_margin (train batch) = -0.612 |  entropy (train batch) = 2.548 |  ang_sep (train batch) = 0.072 |  unique_bins (train batch) = 0.135 |  accuracy (train batch) = 0.379 | 
2026-02-05 15:13:39 - DEBUG - Patience left: 95
2026-02-05 15:13:39 - INFO - Validation check at train step 360 
 val_loss = 3.434 |  logp_expert_action = -3.434 |  action_margin = -1.898 |  entropy = 2.561 |  ang_sep = 0.087 |  unique_bins = 0.126 |  accuracy = 0.269 | 
val_loss (train batch) = 2.206 |  logp_expert_action (train batch) = -2.206 |  action_margin (train batch) = -0.611 |  entropy (train batch) = 2.518 |  ang_sep (train batch) = 0.075 |  unique_bins (train batch) = 0.121 |  accuracy (train batch) = 0.381 | 
2026-02-05 15:13:39 - DEBUG - Patience left: 94
2026-02-05 15:13:39 - INFO - Validation check at train step 370 
 val_loss = 3.531 |  logp_expert_action = -3.531 |  action_margin = -1.996 |  entropy = 2.565 |  ang_sep = 0.085 |  unique_bins = 0.061 |  accuracy = 0.232 | 
val_loss (train batch) = 2.319 |  logp_expert_action (train batch) = -2.319 |  action_margin (train batch) = -0.765 |  entropy (train batch) = 2.472 |  ang_sep (train batch) = 0.074 |  unique_bins (train batch) = 0.136 |  accuracy (train batch) = 0.382 | 
2026-02-05 15:13:39 - DEBUG - Patience left: 93
2026-02-05 15:13:39 - INFO - Validation check at train step 380 
 val_loss = 3.454 |  logp_expert_action = -3.454 |  action_margin = -1.940 |  entropy = 2.513 |  ang_sep = 0.091 |  unique_bins = 0.131 |  accuracy = 0.251 | 
val_loss (train batch) = 2.387 |  logp_expert_action (train batch) = -2.387 |  action_margin (train batch) = -0.823 |  entropy (train batch) = 2.468 |  ang_sep (train batch) = 0.077 |  unique_bins (train batch) = 0.140 |  accuracy (train batch) = 0.357 | 
2026-02-05 15:13:39 - DEBUG - Patience left: 92
2026-02-05 15:13:39 - INFO - Validation check at train step 390 
 val_loss = 3.625 |  logp_expert_action = -3.625 |  action_margin = -2.133 |  entropy = 2.516 |  ang_sep = 0.089 |  unique_bins = 0.055 |  accuracy = 0.254 | 
val_loss (train batch) = 2.319 |  logp_expert_action (train batch) = -2.319 |  action_margin (train batch) = -0.751 |  entropy (train batch) = 2.470 |  ang_sep (train batch) = 0.075 |  unique_bins (train batch) = 0.130 |  accuracy (train batch) = 0.374 | 
2026-02-05 15:13:39 - DEBUG - Patience left: 91
2026-02-05 15:13:39 - INFO - Validation check at train step 400 
 val_loss = 3.455 |  logp_expert_action = -3.455 |  action_margin = -1.929 |  entropy = 2.518 |  ang_sep = 0.088 |  unique_bins = 0.134 |  accuracy = 0.276 | 
val_loss (train batch) = 2.196 |  logp_expert_action (train batch) = -2.196 |  action_margin (train batch) = -0.630 |  entropy (train batch) = 2.463 |  ang_sep (train batch) = 0.070 |  unique_bins (train batch) = 0.136 |  accuracy (train batch) = 0.390 | 
2026-02-05 15:13:39 - DEBUG - Patience left: 90
2026-02-05 15:13:39 - INFO - Validation check at train step 410 
 val_loss = 3.560 |  logp_expert_action = -3.560 |  action_margin = -2.054 |  entropy = 2.499 |  ang_sep = 0.084 |  unique_bins = 0.057 |  accuracy = 0.225 | 
val_loss (train batch) = 2.243 |  logp_expert_action (train batch) = -2.243 |  action_margin (train batch) = -0.669 |  entropy (train batch) = 2.438 |  ang_sep (train batch) = 0.074 |  unique_bins (train batch) = 0.140 |  accuracy (train batch) = 0.399 | 
2026-02-05 15:13:39 - DEBUG - Patience left: 89
2026-02-05 15:13:39 - INFO - Validation check at train step 420 
 val_loss = 3.483 |  logp_expert_action = -3.483 |  action_margin = -1.984 |  entropy = 2.500 |  ang_sep = 0.090 |  unique_bins = 0.124 |  accuracy = 0.269 | 
val_loss (train batch) = 2.265 |  logp_expert_action (train batch) = -2.265 |  action_margin (train batch) = -0.692 |  entropy (train batch) = 2.499 |  ang_sep (train batch) = 0.080 |  unique_bins (train batch) = 0.140 |  accuracy (train batch) = 0.364 | 
2026-02-05 15:13:39 - DEBUG - Patience left: 88
2026-02-05 15:13:39 - INFO - Validation check at train step 430 
 val_loss = 3.546 |  logp_expert_action = -3.546 |  action_margin = -2.038 |  entropy = 2.505 |  ang_sep = 0.089 |  unique_bins = 0.060 |  accuracy = 0.261 | 
val_loss (train batch) = 2.197 |  logp_expert_action (train batch) = -2.197 |  action_margin (train batch) = -0.641 |  entropy (train batch) = 2.397 |  ang_sep (train batch) = 0.068 |  unique_bins (train batch) = 0.136 |  accuracy (train batch) = 0.398 | 
2026-02-05 15:13:39 - DEBUG - Patience left: 87
2026-02-05 15:13:40 - INFO - Validation check at train step 440 
 val_loss = 3.494 |  logp_expert_action = -3.494 |  action_margin = -2.008 |  entropy = 2.439 |  ang_sep = 0.088 |  unique_bins = 0.134 |  accuracy = 0.278 | 
val_loss (train batch) = 2.268 |  logp_expert_action (train batch) = -2.268 |  action_margin (train batch) = -0.705 |  entropy (train batch) = 2.443 |  ang_sep (train batch) = 0.074 |  unique_bins (train batch) = 0.136 |  accuracy (train batch) = 0.378 | 
2026-02-05 15:13:40 - DEBUG - Patience left: 86
2026-02-05 15:13:40 - INFO - Validation check at train step 450 
 val_loss = 3.627 |  logp_expert_action = -3.627 |  action_margin = -2.145 |  entropy = 2.484 |  ang_sep = 0.096 |  unique_bins = 0.059 |  accuracy = 0.246 | 
val_loss (train batch) = 2.215 |  logp_expert_action (train batch) = -2.215 |  action_margin (train batch) = -0.660 |  entropy (train batch) = 2.419 |  ang_sep (train batch) = 0.078 |  unique_bins (train batch) = 0.145 |  accuracy (train batch) = 0.394 | 
2026-02-05 15:13:40 - DEBUG - Patience left: 85
2026-02-05 15:13:40 - INFO - Validation check at train step 460 
 val_loss = 3.495 |  logp_expert_action = -3.495 |  action_margin = -2.003 |  entropy = 2.440 |  ang_sep = 0.090 |  unique_bins = 0.133 |  accuracy = 0.273 | 
val_loss (train batch) = 2.287 |  logp_expert_action (train batch) = -2.287 |  action_margin (train batch) = -0.742 |  entropy (train batch) = 2.428 |  ang_sep (train batch) = 0.084 |  unique_bins (train batch) = 0.136 |  accuracy (train batch) = 0.359 | 
2026-02-05 15:13:40 - DEBUG - Patience left: 84
2026-02-05 15:13:40 - INFO - Validation check at train step 470 
 val_loss = 3.664 |  logp_expert_action = -3.664 |  action_margin = -2.176 |  entropy = 2.443 |  ang_sep = 0.097 |  unique_bins = 0.055 |  accuracy = 0.261 | 
val_loss (train batch) = 2.199 |  logp_expert_action (train batch) = -2.199 |  action_margin (train batch) = -0.675 |  entropy (train batch) = 2.354 |  ang_sep (train batch) = 0.071 |  unique_bins (train batch) = 0.142 |  accuracy (train batch) = 0.387 | 
2026-02-05 15:13:40 - DEBUG - Patience left: 83
2026-02-05 15:13:40 - INFO - Validation check at train step 480 
 val_loss = 3.489 |  logp_expert_action = -3.489 |  action_margin = -2.017 |  entropy = 2.430 |  ang_sep = 0.088 |  unique_bins = 0.134 |  accuracy = 0.291 | 
val_loss (train batch) = 2.095 |  logp_expert_action (train batch) = -2.095 |  action_margin (train batch) = -0.535 |  entropy (train batch) = 2.397 |  ang_sep (train batch) = 0.072 |  unique_bins (train batch) = 0.138 |  accuracy (train batch) = 0.409 | 
2026-02-05 15:13:40 - DEBUG - Patience left: 82
2026-02-05 15:13:40 - INFO - Validation check at train step 490 
 val_loss = 3.649 |  logp_expert_action = -3.649 |  action_margin = -2.177 |  entropy = 2.427 |  ang_sep = 0.072 |  unique_bins = 0.061 |  accuracy = 0.254 | 
val_loss (train batch) = 2.119 |  logp_expert_action (train batch) = -2.119 |  action_margin (train batch) = -0.572 |  entropy (train batch) = 2.390 |  ang_sep (train batch) = 0.070 |  unique_bins (train batch) = 0.145 |  accuracy (train batch) = 0.394 | 
2026-02-05 15:13:40 - DEBUG - Patience left: 81
2026-02-05 15:13:40 - INFO - Validation check at train step 500 
 val_loss = 3.504 |  logp_expert_action = -3.504 |  action_margin = -2.055 |  entropy = 2.396 |  ang_sep = 0.087 |  unique_bins = 0.138 |  accuracy = 0.276 | 
val_loss (train batch) = 2.088 |  logp_expert_action (train batch) = -2.088 |  action_margin (train batch) = -0.547 |  entropy (train batch) = 2.359 |  ang_sep (train batch) = 0.062 |  unique_bins (train batch) = 0.150 |  accuracy (train batch) = 0.404 | 
2026-02-05 15:13:40 - DEBUG - Patience left: 80
2026-02-05 15:13:40 - INFO - Validation check at train step 510 
 val_loss = 3.675 |  logp_expert_action = -3.675 |  action_margin = -2.200 |  entropy = 2.419 |  ang_sep = 0.086 |  unique_bins = 0.060 |  accuracy = 0.246 | 
val_loss (train batch) = 2.031 |  logp_expert_action (train batch) = -2.031 |  action_margin (train batch) = -0.480 |  entropy (train batch) = 2.362 |  ang_sep (train batch) = 0.074 |  unique_bins (train batch) = 0.139 |  accuracy (train batch) = 0.427 | 
2026-02-05 15:13:40 - DEBUG - Patience left: 79
2026-02-05 15:13:40 - INFO - Validation check at train step 520 
 val_loss = 3.489 |  logp_expert_action = -3.489 |  action_margin = -2.071 |  entropy = 2.341 |  ang_sep = 0.090 |  unique_bins = 0.136 |  accuracy = 0.282 | 
val_loss (train batch) = 2.234 |  logp_expert_action (train batch) = -2.234 |  action_margin (train batch) = -0.765 |  entropy (train batch) = 2.338 |  ang_sep (train batch) = 0.085 |  unique_bins (train batch) = 0.150 |  accuracy (train batch) = 0.376 | 
2026-02-05 15:13:40 - DEBUG - Patience left: 78
2026-02-05 15:13:40 - INFO - Validation check at train step 530 
 val_loss = 3.678 |  logp_expert_action = -3.678 |  action_margin = -2.268 |  entropy = 2.395 |  ang_sep = 0.083 |  unique_bins = 0.064 |  accuracy = 0.275 | 
val_loss (train batch) = 2.092 |  logp_expert_action (train batch) = -2.092 |  action_margin (train batch) = -0.542 |  entropy (train batch) = 2.360 |  ang_sep (train batch) = 0.075 |  unique_bins (train batch) = 0.146 |  accuracy (train batch) = 0.424 | 
2026-02-05 15:13:40 - DEBUG - Patience left: 77
2026-02-05 15:13:40 - INFO - Validation check at train step 540 
 val_loss = 3.533 |  logp_expert_action = -3.533 |  action_margin = -2.104 |  entropy = 2.352 |  ang_sep = 0.088 |  unique_bins = 0.141 |  accuracy = 0.288 | 
val_loss (train batch) = 2.201 |  logp_expert_action (train batch) = -2.201 |  action_margin (train batch) = -0.702 |  entropy (train batch) = 2.319 |  ang_sep (train batch) = 0.083 |  unique_bins (train batch) = 0.150 |  accuracy (train batch) = 0.392 | 
2026-02-05 15:13:40 - DEBUG - Patience left: 76
2026-02-05 15:13:41 - INFO - Validation check at train step 550 
 val_loss = 3.768 |  logp_expert_action = -3.768 |  action_margin = -2.354 |  entropy = 2.380 |  ang_sep = 0.091 |  unique_bins = 0.059 |  accuracy = 0.261 | 
val_loss (train batch) = 2.061 |  logp_expert_action (train batch) = -2.061 |  action_margin (train batch) = -0.513 |  entropy (train batch) = 2.325 |  ang_sep (train batch) = 0.068 |  unique_bins (train batch) = 0.154 |  accuracy (train batch) = 0.426 | 
2026-02-05 15:13:41 - DEBUG - Patience left: 75
2026-02-05 15:13:41 - INFO - Validation check at train step 560 
 val_loss = 3.537 |  logp_expert_action = -3.537 |  action_margin = -2.093 |  entropy = 2.341 |  ang_sep = 0.089 |  unique_bins = 0.134 |  accuracy = 0.296 | 
val_loss (train batch) = 2.059 |  logp_expert_action (train batch) = -2.059 |  action_margin (train batch) = -0.537 |  entropy (train batch) = 2.284 |  ang_sep (train batch) = 0.073 |  unique_bins (train batch) = 0.144 |  accuracy (train batch) = 0.433 | 
2026-02-05 15:13:41 - DEBUG - Patience left: 74
2026-02-05 15:13:41 - INFO - Validation check at train step 570 
 val_loss = 3.679 |  logp_expert_action = -3.679 |  action_margin = -2.250 |  entropy = 2.390 |  ang_sep = 0.084 |  unique_bins = 0.059 |  accuracy = 0.261 | 
val_loss (train batch) = 2.094 |  logp_expert_action (train batch) = -2.094 |  action_margin (train batch) = -0.577 |  entropy (train batch) = 2.308 |  ang_sep (train batch) = 0.068 |  unique_bins (train batch) = 0.150 |  accuracy (train batch) = 0.389 | 
2026-02-05 15:13:41 - DEBUG - Patience left: 73
2026-02-05 15:13:41 - INFO - Validation check at train step 580 
 val_loss = 3.530 |  logp_expert_action = -3.530 |  action_margin = -2.101 |  entropy = 2.314 |  ang_sep = 0.087 |  unique_bins = 0.144 |  accuracy = 0.306 | 
val_loss (train batch) = 2.069 |  logp_expert_action (train batch) = -2.069 |  action_margin (train batch) = -0.558 |  entropy (train batch) = 2.304 |  ang_sep (train batch) = 0.066 |  unique_bins (train batch) = 0.145 |  accuracy (train batch) = 0.408 | 
2026-02-05 15:13:41 - DEBUG - Patience left: 72
2026-02-05 15:13:41 - INFO - Validation check at train step 590 
 val_loss = 3.729 |  logp_expert_action = -3.729 |  action_margin = -2.341 |  entropy = 2.327 |  ang_sep = 0.086 |  unique_bins = 0.060 |  accuracy = 0.254 | 
val_loss (train batch) = 2.099 |  logp_expert_action (train batch) = -2.099 |  action_margin (train batch) = -0.603 |  entropy (train batch) = 2.305 |  ang_sep (train batch) = 0.075 |  unique_bins (train batch) = 0.142 |  accuracy (train batch) = 0.389 | 
2026-02-05 15:13:41 - DEBUG - Patience left: 71
2026-02-05 15:13:41 - INFO - Validation check at train step 600 
 val_loss = 3.563 |  logp_expert_action = -3.563 |  action_margin = -2.143 |  entropy = 2.293 |  ang_sep = 0.088 |  unique_bins = 0.141 |  accuracy = 0.293 | 
val_loss (train batch) = 2.037 |  logp_expert_action (train batch) = -2.037 |  action_margin (train batch) = -0.521 |  entropy (train batch) = 2.261 |  ang_sep (train batch) = 0.065 |  unique_bins (train batch) = 0.148 |  accuracy (train batch) = 0.423 | 
2026-02-05 15:13:41 - DEBUG - Patience left: 70
2026-02-05 15:13:41 - INFO - Validation check at train step 610 
 val_loss = 3.744 |  logp_expert_action = -3.744 |  action_margin = -2.365 |  entropy = 2.340 |  ang_sep = 0.095 |  unique_bins = 0.061 |  accuracy = 0.282 | 
val_loss (train batch) = 2.040 |  logp_expert_action (train batch) = -2.040 |  action_margin (train batch) = -0.555 |  entropy (train batch) = 2.260 |  ang_sep (train batch) = 0.067 |  unique_bins (train batch) = 0.152 |  accuracy (train batch) = 0.405 | 
2026-02-05 15:13:41 - DEBUG - Patience left: 69
2026-02-05 15:13:41 - INFO - Validation check at train step 620 
 val_loss = 3.556 |  logp_expert_action = -3.556 |  action_margin = -2.131 |  entropy = 2.284 |  ang_sep = 0.085 |  unique_bins = 0.148 |  accuracy = 0.294 | 
val_loss (train batch) = 2.026 |  logp_expert_action (train batch) = -2.026 |  action_margin (train batch) = -0.532 |  entropy (train batch) = 2.237 |  ang_sep (train batch) = 0.072 |  unique_bins (train batch) = 0.153 |  accuracy (train batch) = 0.412 | 
2026-02-05 15:13:41 - DEBUG - Patience left: 68
2026-02-05 15:13:41 - INFO - Validation check at train step 630 
 val_loss = 3.726 |  logp_expert_action = -3.726 |  action_margin = -2.340 |  entropy = 2.341 |  ang_sep = 0.087 |  unique_bins = 0.059 |  accuracy = 0.261 | 
val_loss (train batch) = 1.987 |  logp_expert_action (train batch) = -1.987 |  action_margin (train batch) = -0.474 |  entropy (train batch) = 2.270 |  ang_sep (train batch) = 0.073 |  unique_bins (train batch) = 0.155 |  accuracy (train batch) = 0.420 | 
2026-02-05 15:13:41 - DEBUG - Patience left: 67
2026-02-05 15:13:41 - INFO - Validation check at train step 640 
 val_loss = 3.545 |  logp_expert_action = -3.545 |  action_margin = -2.105 |  entropy = 2.299 |  ang_sep = 0.082 |  unique_bins = 0.144 |  accuracy = 0.315 | 
val_loss (train batch) = 1.990 |  logp_expert_action (train batch) = -1.990 |  action_margin (train batch) = -0.470 |  entropy (train batch) = 2.272 |  ang_sep (train batch) = 0.069 |  unique_bins (train batch) = 0.153 |  accuracy (train batch) = 0.426 | 
2026-02-05 15:13:41 - DEBUG - Patience left: 66
2026-02-05 15:13:41 - INFO - Validation check at train step 650 
 val_loss = 3.801 |  logp_expert_action = -3.801 |  action_margin = -2.422 |  entropy = 2.325 |  ang_sep = 0.083 |  unique_bins = 0.062 |  accuracy = 0.296 | 
val_loss (train batch) = 1.991 |  logp_expert_action (train batch) = -1.991 |  action_margin (train batch) = -0.457 |  entropy (train batch) = 2.260 |  ang_sep (train batch) = 0.069 |  unique_bins (train batch) = 0.154 |  accuracy (train batch) = 0.444 | 
2026-02-05 15:13:41 - DEBUG - Patience left: 65
2026-02-05 15:13:42 - INFO - Validation check at train step 660 
 val_loss = 3.563 |  logp_expert_action = -3.563 |  action_margin = -2.152 |  entropy = 2.281 |  ang_sep = 0.086 |  unique_bins = 0.141 |  accuracy = 0.297 | 
val_loss (train batch) = 1.957 |  logp_expert_action (train batch) = -1.957 |  action_margin (train batch) = -0.446 |  entropy (train batch) = 2.258 |  ang_sep (train batch) = 0.074 |  unique_bins (train batch) = 0.151 |  accuracy (train batch) = 0.428 | 
2026-02-05 15:13:42 - DEBUG - Patience left: 64
2026-02-05 15:13:42 - INFO - Validation check at train step 670 
 val_loss = 3.818 |  logp_expert_action = -3.818 |  action_margin = -2.427 |  entropy = 2.329 |  ang_sep = 0.089 |  unique_bins = 0.061 |  accuracy = 0.261 | 
val_loss (train batch) = 2.006 |  logp_expert_action (train batch) = -2.006 |  action_margin (train batch) = -0.500 |  entropy (train batch) = 2.260 |  ang_sep (train batch) = 0.067 |  unique_bins (train batch) = 0.150 |  accuracy (train batch) = 0.426 | 
2026-02-05 15:13:42 - DEBUG - Patience left: 63
2026-02-05 15:13:42 - INFO - Validation check at train step 680 
 val_loss = 3.568 |  logp_expert_action = -3.568 |  action_margin = -2.154 |  entropy = 2.276 |  ang_sep = 0.084 |  unique_bins = 0.143 |  accuracy = 0.312 | 
val_loss (train batch) = 1.923 |  logp_expert_action (train batch) = -1.923 |  action_margin (train batch) = -0.436 |  entropy (train batch) = 2.235 |  ang_sep (train batch) = 0.076 |  unique_bins (train batch) = 0.146 |  accuracy (train batch) = 0.415 | 
2026-02-05 15:13:42 - DEBUG - Patience left: 62
2026-02-05 15:13:42 - INFO - Validation check at train step 690 
 val_loss = 3.844 |  logp_expert_action = -3.844 |  action_margin = -2.455 |  entropy = 2.301 |  ang_sep = 0.088 |  unique_bins = 0.059 |  accuracy = 0.268 | 
val_loss (train batch) = 1.916 |  logp_expert_action (train batch) = -1.916 |  action_margin (train batch) = -0.393 |  entropy (train batch) = 2.248 |  ang_sep (train batch) = 0.066 |  unique_bins (train batch) = 0.153 |  accuracy (train batch) = 0.438 | 
2026-02-05 15:13:42 - DEBUG - Patience left: 61
2026-02-05 15:13:42 - INFO - Validation check at train step 700 
 val_loss = 3.567 |  logp_expert_action = -3.567 |  action_margin = -2.159 |  entropy = 2.250 |  ang_sep = 0.083 |  unique_bins = 0.144 |  accuracy = 0.310 | 
val_loss (train batch) = 1.965 |  logp_expert_action (train batch) = -1.965 |  action_margin (train batch) = -0.506 |  entropy (train batch) = 2.229 |  ang_sep (train batch) = 0.073 |  unique_bins (train batch) = 0.148 |  accuracy (train batch) = 0.420 | 
2026-02-05 15:13:42 - DEBUG - Patience left: 60
2026-02-05 15:13:42 - INFO - Validation check at train step 710 
 val_loss = 3.791 |  logp_expert_action = -3.791 |  action_margin = -2.422 |  entropy = 2.302 |  ang_sep = 0.090 |  unique_bins = 0.060 |  accuracy = 0.268 | 
val_loss (train batch) = 1.973 |  logp_expert_action (train batch) = -1.973 |  action_margin (train batch) = -0.460 |  entropy (train batch) = 2.230 |  ang_sep (train batch) = 0.064 |  unique_bins (train batch) = 0.156 |  accuracy (train batch) = 0.461 | 
2026-02-05 15:13:42 - DEBUG - Patience left: 59
2026-02-05 15:13:42 - INFO - Validation check at train step 720 
 val_loss = 3.582 |  logp_expert_action = -3.582 |  action_margin = -2.169 |  entropy = 2.265 |  ang_sep = 0.084 |  unique_bins = 0.145 |  accuracy = 0.305 | 
val_loss (train batch) = 1.917 |  logp_expert_action (train batch) = -1.917 |  action_margin (train batch) = -0.413 |  entropy (train batch) = 2.222 |  ang_sep (train batch) = 0.068 |  unique_bins (train batch) = 0.153 |  accuracy (train batch) = 0.430 | 
2026-02-05 15:13:42 - DEBUG - Patience left: 58
2026-02-05 15:13:42 - INFO - Validation check at train step 730 
 val_loss = 3.829 |  logp_expert_action = -3.829 |  action_margin = -2.463 |  entropy = 2.286 |  ang_sep = 0.086 |  unique_bins = 0.061 |  accuracy = 0.268 | 
val_loss (train batch) = 2.036 |  logp_expert_action (train batch) = -2.036 |  action_margin (train batch) = -0.560 |  entropy (train batch) = 2.218 |  ang_sep (train batch) = 0.068 |  unique_bins (train batch) = 0.152 |  accuracy (train batch) = 0.407 | 
2026-02-05 15:13:42 - DEBUG - Patience left: 57
2026-02-05 15:13:42 - INFO - Validation check at train step 740 
 val_loss = 3.594 |  logp_expert_action = -3.594 |  action_margin = -2.172 |  entropy = 2.256 |  ang_sep = 0.083 |  unique_bins = 0.147 |  accuracy = 0.317 | 
val_loss (train batch) = 1.946 |  logp_expert_action (train batch) = -1.946 |  action_margin (train batch) = -0.464 |  entropy (train batch) = 2.219 |  ang_sep (train batch) = 0.071 |  unique_bins (train batch) = 0.152 |  accuracy (train batch) = 0.437 | 
2026-02-05 15:13:42 - DEBUG - Patience left: 56
2026-02-05 15:13:42 - INFO - Validation check at train step 750 
 val_loss = 3.825 |  logp_expert_action = -3.825 |  action_margin = -2.458 |  entropy = 2.288 |  ang_sep = 0.083 |  unique_bins = 0.059 |  accuracy = 0.254 | 
val_loss (train batch) = 1.959 |  logp_expert_action (train batch) = -1.959 |  action_margin (train batch) = -0.463 |  entropy (train batch) = 2.213 |  ang_sep (train batch) = 0.065 |  unique_bins (train batch) = 0.146 |  accuracy (train batch) = 0.423 | 
2026-02-05 15:13:42 - DEBUG - Patience left: 55
2026-02-05 15:13:43 - INFO - Validation check at train step 760 
 val_loss = 3.606 |  logp_expert_action = -3.606 |  action_margin = -2.200 |  entropy = 2.266 |  ang_sep = 0.080 |  unique_bins = 0.145 |  accuracy = 0.312 | 
val_loss (train batch) = 1.960 |  logp_expert_action (train batch) = -1.960 |  action_margin (train batch) = -0.464 |  entropy (train batch) = 2.249 |  ang_sep (train batch) = 0.072 |  unique_bins (train batch) = 0.159 |  accuracy (train batch) = 0.413 | 
2026-02-05 15:13:43 - DEBUG - Patience left: 54
2026-02-05 15:13:43 - INFO - Validation check at train step 770 
 val_loss = 3.866 |  logp_expert_action = -3.866 |  action_margin = -2.502 |  entropy = 2.289 |  ang_sep = 0.089 |  unique_bins = 0.062 |  accuracy = 0.261 | 
val_loss (train batch) = 1.954 |  logp_expert_action (train batch) = -1.954 |  action_margin (train batch) = -0.466 |  entropy (train batch) = 2.197 |  ang_sep (train batch) = 0.063 |  unique_bins (train batch) = 0.158 |  accuracy (train batch) = 0.439 | 
2026-02-05 15:13:43 - DEBUG - Patience left: 53
2026-02-05 15:13:43 - INFO - Validation check at train step 780 
 val_loss = 3.605 |  logp_expert_action = -3.605 |  action_margin = -2.211 |  entropy = 2.248 |  ang_sep = 0.082 |  unique_bins = 0.143 |  accuracy = 0.313 | 
val_loss (train batch) = 1.981 |  logp_expert_action (train batch) = -1.981 |  action_margin (train batch) = -0.495 |  entropy (train batch) = 2.219 |  ang_sep (train batch) = 0.064 |  unique_bins (train batch) = 0.149 |  accuracy (train batch) = 0.440 | 
2026-02-05 15:13:43 - DEBUG - Patience left: 52
2026-02-05 15:13:43 - INFO - Validation check at train step 790 
 val_loss = 3.839 |  logp_expert_action = -3.839 |  action_margin = -2.480 |  entropy = 2.277 |  ang_sep = 0.088 |  unique_bins = 0.061 |  accuracy = 0.289 | 
val_loss (train batch) = 1.981 |  logp_expert_action (train batch) = -1.981 |  action_margin (train batch) = -0.514 |  entropy (train batch) = 2.222 |  ang_sep (train batch) = 0.068 |  unique_bins (train batch) = 0.141 |  accuracy (train batch) = 0.419 | 
2026-02-05 15:13:43 - DEBUG - Patience left: 51
2026-02-05 15:13:44 - INFO - Validation check at train step 800 
 val_loss = 3.600 |  logp_expert_action = -3.600 |  action_margin = -2.180 |  entropy = 2.255 |  ang_sep = 0.085 |  unique_bins = 0.150 |  accuracy = 0.314 | 
val_loss (train batch) = 1.895 |  logp_expert_action (train batch) = -1.895 |  action_margin (train batch) = -0.389 |  entropy (train batch) = 2.189 |  ang_sep (train batch) = 0.059 |  unique_bins (train batch) = 0.155 |  accuracy (train batch) = 0.447 | 
2026-02-05 15:13:44 - DEBUG - Patience left: 50
2026-02-05 15:13:44 - INFO - Validation check at train step 810 
 val_loss = 3.828 |  logp_expert_action = -3.828 |  action_margin = -2.444 |  entropy = 2.278 |  ang_sep = 0.083 |  unique_bins = 0.060 |  accuracy = 0.303 | 
val_loss (train batch) = 1.957 |  logp_expert_action (train batch) = -1.957 |  action_margin (train batch) = -0.447 |  entropy (train batch) = 2.201 |  ang_sep (train batch) = 0.065 |  unique_bins (train batch) = 0.159 |  accuracy (train batch) = 0.451 | 
2026-02-05 15:13:44 - DEBUG - Patience left: 49
2026-02-05 15:13:44 - INFO - Validation check at train step 820 
 val_loss = 3.608 |  logp_expert_action = -3.608 |  action_margin = -2.192 |  entropy = 2.245 |  ang_sep = 0.082 |  unique_bins = 0.143 |  accuracy = 0.319 | 
val_loss (train batch) = 1.852 |  logp_expert_action (train batch) = -1.852 |  action_margin (train batch) = -0.323 |  entropy (train batch) = 2.203 |  ang_sep (train batch) = 0.062 |  unique_bins (train batch) = 0.152 |  accuracy (train batch) = 0.473 | 
2026-02-05 15:13:44 - DEBUG - Patience left: 48
2026-02-05 15:13:44 - INFO - Validation check at train step 830 
 val_loss = 3.873 |  logp_expert_action = -3.873 |  action_margin = -2.495 |  entropy = 2.276 |  ang_sep = 0.090 |  unique_bins = 0.064 |  accuracy = 0.261 | 
val_loss (train batch) = 1.970 |  logp_expert_action (train batch) = -1.970 |  action_margin (train batch) = -0.486 |  entropy (train batch) = 2.204 |  ang_sep (train batch) = 0.077 |  unique_bins (train batch) = 0.154 |  accuracy (train batch) = 0.444 | 
2026-02-05 15:13:44 - DEBUG - Patience left: 47
2026-02-05 15:13:44 - INFO - Validation check at train step 840 
 val_loss = 3.608 |  logp_expert_action = -3.608 |  action_margin = -2.205 |  entropy = 2.225 |  ang_sep = 0.086 |  unique_bins = 0.148 |  accuracy = 0.312 | 
val_loss (train batch) = 1.831 |  logp_expert_action (train batch) = -1.831 |  action_margin (train batch) = -0.319 |  entropy (train batch) = 2.191 |  ang_sep (train batch) = 0.056 |  unique_bins (train batch) = 0.161 |  accuracy (train batch) = 0.472 | 
2026-02-05 15:13:44 - DEBUG - Patience left: 46
2026-02-05 15:13:44 - INFO - Validation check at train step 850 
 val_loss = 3.859 |  logp_expert_action = -3.859 |  action_margin = -2.466 |  entropy = 2.276 |  ang_sep = 0.081 |  unique_bins = 0.061 |  accuracy = 0.317 | 
val_loss (train batch) = 1.983 |  logp_expert_action (train batch) = -1.983 |  action_margin (train batch) = -0.489 |  entropy (train batch) = 2.217 |  ang_sep (train batch) = 0.062 |  unique_bins (train batch) = 0.154 |  accuracy (train batch) = 0.438 | 
2026-02-05 15:13:44 - DEBUG - Patience left: 45
2026-02-05 15:13:44 - INFO - Validation check at train step 860 
 val_loss = 3.613 |  logp_expert_action = -3.613 |  action_margin = -2.214 |  entropy = 2.230 |  ang_sep = 0.085 |  unique_bins = 0.149 |  accuracy = 0.311 | 
val_loss (train batch) = 1.948 |  logp_expert_action (train batch) = -1.948 |  action_margin (train batch) = -0.475 |  entropy (train batch) = 2.216 |  ang_sep (train batch) = 0.065 |  unique_bins (train batch) = 0.160 |  accuracy (train batch) = 0.413 | 
2026-02-05 15:13:44 - DEBUG - Patience left: 44
2026-02-05 15:13:44 - INFO - Validation check at train step 870 
 val_loss = 3.873 |  logp_expert_action = -3.873 |  action_margin = -2.510 |  entropy = 2.262 |  ang_sep = 0.088 |  unique_bins = 0.062 |  accuracy = 0.275 | 
val_loss (train batch) = 1.965 |  logp_expert_action (train batch) = -1.965 |  action_margin (train batch) = -0.467 |  entropy (train batch) = 2.201 |  ang_sep (train batch) = 0.064 |  unique_bins (train batch) = 0.150 |  accuracy (train batch) = 0.452 | 
2026-02-05 15:13:44 - DEBUG - Patience left: 43
2026-02-05 15:13:44 - INFO - Validation check at train step 880 
 val_loss = 3.603 |  logp_expert_action = -3.603 |  action_margin = -2.200 |  entropy = 2.231 |  ang_sep = 0.082 |  unique_bins = 0.153 |  accuracy = 0.327 | 
val_loss (train batch) = 1.850 |  logp_expert_action (train batch) = -1.850 |  action_margin (train batch) = -0.344 |  entropy (train batch) = 2.188 |  ang_sep (train batch) = 0.059 |  unique_bins (train batch) = 0.162 |  accuracy (train batch) = 0.465 | 
2026-02-05 15:13:44 - DEBUG - Patience left: 42
2026-02-05 15:13:44 - INFO - Validation check at train step 890 
 val_loss = 3.889 |  logp_expert_action = -3.889 |  action_margin = -2.526 |  entropy = 2.271 |  ang_sep = 0.087 |  unique_bins = 0.061 |  accuracy = 0.282 | 
val_loss (train batch) = 1.878 |  logp_expert_action (train batch) = -1.878 |  action_margin (train batch) = -0.403 |  entropy (train batch) = 2.196 |  ang_sep (train batch) = 0.061 |  unique_bins (train batch) = 0.160 |  accuracy (train batch) = 0.449 | 
2026-02-05 15:13:44 - DEBUG - Patience left: 41
2026-02-05 15:13:45 - INFO - Validation check at train step 900 
 val_loss = 3.615 |  logp_expert_action = -3.615 |  action_margin = -2.210 |  entropy = 2.232 |  ang_sep = 0.081 |  unique_bins = 0.150 |  accuracy = 0.313 | 
val_loss (train batch) = 1.891 |  logp_expert_action (train batch) = -1.891 |  action_margin (train batch) = -0.409 |  entropy (train batch) = 2.184 |  ang_sep (train batch) = 0.068 |  unique_bins (train batch) = 0.161 |  accuracy (train batch) = 0.447 | 
2026-02-05 15:13:45 - DEBUG - Patience left: 40
2026-02-05 15:13:45 - INFO - Validation check at train step 910 
 val_loss = 3.872 |  logp_expert_action = -3.872 |  action_margin = -2.494 |  entropy = 2.276 |  ang_sep = 0.087 |  unique_bins = 0.062 |  accuracy = 0.261 | 
val_loss (train batch) = 1.885 |  logp_expert_action (train batch) = -1.885 |  action_margin (train batch) = -0.377 |  entropy (train batch) = 2.178 |  ang_sep (train batch) = 0.069 |  unique_bins (train batch) = 0.161 |  accuracy (train batch) = 0.461 | 
2026-02-05 15:13:45 - DEBUG - Patience left: 39
2026-02-05 15:13:45 - INFO - Validation check at train step 920 
 val_loss = 3.613 |  logp_expert_action = -3.613 |  action_margin = -2.210 |  entropy = 2.235 |  ang_sep = 0.083 |  unique_bins = 0.149 |  accuracy = 0.315 | 
val_loss (train batch) = 1.803 |  logp_expert_action (train batch) = -1.803 |  action_margin (train batch) = -0.278 |  entropy (train batch) = 2.199 |  ang_sep (train batch) = 0.059 |  unique_bins (train batch) = 0.154 |  accuracy (train batch) = 0.478 | 
2026-02-05 15:13:45 - DEBUG - Patience left: 38
2026-02-05 15:13:45 - INFO - Validation check at train step 930 
 val_loss = 3.861 |  logp_expert_action = -3.861 |  action_margin = -2.479 |  entropy = 2.284 |  ang_sep = 0.088 |  unique_bins = 0.061 |  accuracy = 0.289 | 
val_loss (train batch) = 1.853 |  logp_expert_action (train batch) = -1.853 |  action_margin (train batch) = -0.372 |  entropy (train batch) = 2.201 |  ang_sep (train batch) = 0.058 |  unique_bins (train batch) = 0.152 |  accuracy (train batch) = 0.446 | 
2026-02-05 15:13:45 - DEBUG - Patience left: 37
2026-02-05 15:13:45 - INFO - Validation check at train step 940 
 val_loss = 3.606 |  logp_expert_action = -3.606 |  action_margin = -2.201 |  entropy = 2.236 |  ang_sep = 0.082 |  unique_bins = 0.152 |  accuracy = 0.321 | 
val_loss (train batch) = 1.931 |  logp_expert_action (train batch) = -1.931 |  action_margin (train batch) = -0.449 |  entropy (train batch) = 2.219 |  ang_sep (train batch) = 0.068 |  unique_bins (train batch) = 0.154 |  accuracy (train batch) = 0.425 | 
2026-02-05 15:13:45 - DEBUG - Patience left: 36
2026-02-05 15:13:45 - INFO - Validation check at train step 950 
 val_loss = 3.861 |  logp_expert_action = -3.861 |  action_margin = -2.482 |  entropy = 2.280 |  ang_sep = 0.090 |  unique_bins = 0.062 |  accuracy = 0.275 | 
val_loss (train batch) = 1.895 |  logp_expert_action (train batch) = -1.895 |  action_margin (train batch) = -0.409 |  entropy (train batch) = 2.206 |  ang_sep (train batch) = 0.061 |  unique_bins (train batch) = 0.153 |  accuracy (train batch) = 0.437 | 
2026-02-05 15:13:45 - DEBUG - Patience left: 35
2026-02-05 15:13:45 - INFO - Validation check at train step 960 
 val_loss = 3.614 |  logp_expert_action = -3.614 |  action_margin = -2.212 |  entropy = 2.231 |  ang_sep = 0.083 |  unique_bins = 0.152 |  accuracy = 0.315 | 
val_loss (train batch) = 1.866 |  logp_expert_action (train batch) = -1.866 |  action_margin (train batch) = -0.383 |  entropy (train batch) = 2.194 |  ang_sep (train batch) = 0.064 |  unique_bins (train batch) = 0.161 |  accuracy (train batch) = 0.456 | 
2026-02-05 15:13:45 - DEBUG - Patience left: 34
2026-02-05 15:13:45 - INFO - Validation check at train step 970 
 val_loss = 3.864 |  logp_expert_action = -3.864 |  action_margin = -2.481 |  entropy = 2.274 |  ang_sep = 0.086 |  unique_bins = 0.062 |  accuracy = 0.289 | 
val_loss (train batch) = 1.926 |  logp_expert_action (train batch) = -1.926 |  action_margin (train batch) = -0.444 |  entropy (train batch) = 2.192 |  ang_sep (train batch) = 0.070 |  unique_bins (train batch) = 0.152 |  accuracy (train batch) = 0.433 | 
2026-02-05 15:13:45 - DEBUG - Patience left: 33
2026-02-05 15:13:45 - INFO - Validation check at train step 980 
 val_loss = 3.614 |  logp_expert_action = -3.614 |  action_margin = -2.209 |  entropy = 2.235 |  ang_sep = 0.083 |  unique_bins = 0.151 |  accuracy = 0.316 | 
val_loss (train batch) = 1.868 |  logp_expert_action (train batch) = -1.868 |  action_margin (train batch) = -0.343 |  entropy (train batch) = 2.208 |  ang_sep (train batch) = 0.058 |  unique_bins (train batch) = 0.158 |  accuracy (train batch) = 0.484 | 
2026-02-05 15:13:45 - DEBUG - Patience left: 32
2026-02-05 15:13:45 - INFO - Validation check at train step 990 
 val_loss = 3.869 |  logp_expert_action = -3.869 |  action_margin = -2.484 |  entropy = 2.274 |  ang_sep = 0.089 |  unique_bins = 0.062 |  accuracy = 0.289 | 
val_loss (train batch) = 1.926 |  logp_expert_action (train batch) = -1.926 |  action_margin (train batch) = -0.433 |  entropy (train batch) = 2.201 |  ang_sep (train batch) = 0.063 |  unique_bins (train batch) = 0.164 |  accuracy (train batch) = 0.439 | 
2026-02-05 15:13:45 - DEBUG - Patience left: 31
2026-02-05 15:13:46 - INFO - Validation check at train step 1000 
 val_loss = 3.610 |  logp_expert_action = -3.610 |  action_margin = -2.204 |  entropy = 2.234 |  ang_sep = 0.085 |  unique_bins = 0.151 |  accuracy = 0.318 | 
val_loss (train batch) = 1.899 |  logp_expert_action (train batch) = -1.899 |  action_margin (train batch) = -0.396 |  entropy (train batch) = 2.206 |  ang_sep (train batch) = 0.061 |  unique_bins (train batch) = 0.161 |  accuracy (train batch) = 0.448 | 
2026-02-05 15:13:46 - DEBUG - Patience left: 30
2026-02-05 15:13:46 - INFO - Validation check at train step 1010 
 val_loss = 3.863 |  logp_expert_action = -3.863 |  action_margin = -2.479 |  entropy = 2.275 |  ang_sep = 0.085 |  unique_bins = 0.062 |  accuracy = 0.282 | 
val_loss (train batch) = 1.830 |  logp_expert_action (train batch) = -1.830 |  action_margin (train batch) = -0.305 |  entropy (train batch) = 2.197 |  ang_sep (train batch) = 0.060 |  unique_bins (train batch) = 0.159 |  accuracy (train batch) = 0.470 | 
2026-02-05 15:13:46 - DEBUG - Patience left: 29
2026-02-05 15:13:46 - INFO - Validation check at train step 1020 
 val_loss = 3.610 |  logp_expert_action = -3.610 |  action_margin = -2.204 |  entropy = 2.235 |  ang_sep = 0.083 |  unique_bins = 0.150 |  accuracy = 0.322 | 
val_loss (train batch) = 1.809 |  logp_expert_action (train batch) = -1.809 |  action_margin (train batch) = -0.324 |  entropy (train batch) = 2.209 |  ang_sep (train batch) = 0.069 |  unique_bins (train batch) = 0.156 |  accuracy (train batch) = 0.442 | 
2026-02-05 15:13:46 - DEBUG - Patience left: 28
2026-02-05 15:13:46 - INFO - Validation check at train step 1030 
 val_loss = 3.861 |  logp_expert_action = -3.861 |  action_margin = -2.475 |  entropy = 2.276 |  ang_sep = 0.083 |  unique_bins = 0.062 |  accuracy = 0.289 | 
val_loss (train batch) = 1.915 |  logp_expert_action (train batch) = -1.915 |  action_margin (train batch) = -0.404 |  entropy (train batch) = 2.229 |  ang_sep (train batch) = 0.063 |  unique_bins (train batch) = 0.162 |  accuracy (train batch) = 0.468 | 
2026-02-05 15:13:46 - DEBUG - Patience left: 27
2026-02-05 15:13:46 - INFO - Validation check at train step 1040 
 val_loss = 3.609 |  logp_expert_action = -3.609 |  action_margin = -2.203 |  entropy = 2.234 |  ang_sep = 0.083 |  unique_bins = 0.150 |  accuracy = 0.328 | 
val_loss (train batch) = 1.821 |  logp_expert_action (train batch) = -1.821 |  action_margin (train batch) = -0.332 |  entropy (train batch) = 2.195 |  ang_sep (train batch) = 0.065 |  unique_bins (train batch) = 0.160 |  accuracy (train batch) = 0.450 | 
2026-02-05 15:13:46 - DEBUG - Patience left: 26
2026-02-05 15:13:46 - INFO - Validation check at train step 1050 
 val_loss = 3.862 |  logp_expert_action = -3.862 |  action_margin = -2.484 |  entropy = 2.273 |  ang_sep = 0.083 |  unique_bins = 0.062 |  accuracy = 0.289 | 
val_loss (train batch) = 1.898 |  logp_expert_action (train batch) = -1.898 |  action_margin (train batch) = -0.399 |  entropy (train batch) = 2.217 |  ang_sep (train batch) = 0.060 |  unique_bins (train batch) = 0.159 |  accuracy (train batch) = 0.445 | 
2026-02-05 15:13:46 - DEBUG - Patience left: 25
2026-02-05 15:13:46 - INFO - Validation check at train step 1060 
 val_loss = 3.610 |  logp_expert_action = -3.610 |  action_margin = -2.204 |  entropy = 2.231 |  ang_sep = 0.082 |  unique_bins = 0.150 |  accuracy = 0.326 | 
val_loss (train batch) = 1.849 |  logp_expert_action (train batch) = -1.849 |  action_margin (train batch) = -0.348 |  entropy (train batch) = 2.199 |  ang_sep (train batch) = 0.065 |  unique_bins (train batch) = 0.154 |  accuracy (train batch) = 0.456 | 
2026-02-05 15:13:46 - DEBUG - Patience left: 24
2026-02-05 15:13:46 - INFO - Validation check at train step 1070 
 val_loss = 3.865 |  logp_expert_action = -3.865 |  action_margin = -2.488 |  entropy = 2.269 |  ang_sep = 0.083 |  unique_bins = 0.063 |  accuracy = 0.296 | 
val_loss (train batch) = 1.967 |  logp_expert_action (train batch) = -1.967 |  action_margin (train batch) = -0.483 |  entropy (train batch) = 2.204 |  ang_sep (train batch) = 0.071 |  unique_bins (train batch) = 0.164 |  accuracy (train batch) = 0.429 | 
2026-02-05 15:13:46 - DEBUG - Patience left: 23
2026-02-05 15:13:46 - INFO - Validation check at train step 1080 
 val_loss = 3.613 |  logp_expert_action = -3.613 |  action_margin = -2.207 |  entropy = 2.232 |  ang_sep = 0.084 |  unique_bins = 0.150 |  accuracy = 0.318 | 
val_loss (train batch) = 1.929 |  logp_expert_action (train batch) = -1.929 |  action_margin (train batch) = -0.409 |  entropy (train batch) = 2.209 |  ang_sep (train batch) = 0.059 |  unique_bins (train batch) = 0.170 |  accuracy (train batch) = 0.464 | 
2026-02-05 15:13:46 - DEBUG - Patience left: 22
2026-02-05 15:13:46 - INFO - Validation check at train step 1090 
 val_loss = 3.864 |  logp_expert_action = -3.864 |  action_margin = -2.484 |  entropy = 2.269 |  ang_sep = 0.083 |  unique_bins = 0.063 |  accuracy = 0.296 | 
val_loss (train batch) = 1.952 |  logp_expert_action (train batch) = -1.952 |  action_margin (train batch) = -0.471 |  entropy (train batch) = 2.188 |  ang_sep (train batch) = 0.061 |  unique_bins (train batch) = 0.154 |  accuracy (train batch) = 0.440 | 
2026-02-05 15:13:46 - DEBUG - Patience left: 21
2026-02-05 15:13:47 - INFO - Validation check at train step 1100 
 val_loss = 3.613 |  logp_expert_action = -3.613 |  action_margin = -2.204 |  entropy = 2.237 |  ang_sep = 0.083 |  unique_bins = 0.150 |  accuracy = 0.321 | 
val_loss (train batch) = 1.853 |  logp_expert_action (train batch) = -1.853 |  action_margin (train batch) = -0.364 |  entropy (train batch) = 2.203 |  ang_sep (train batch) = 0.061 |  unique_bins (train batch) = 0.158 |  accuracy (train batch) = 0.464 | 
2026-02-05 15:13:47 - DEBUG - Patience left: 20
2026-02-05 15:13:47 - INFO - Validation check at train step 1110 
 val_loss = 3.867 |  logp_expert_action = -3.867 |  action_margin = -2.484 |  entropy = 2.270 |  ang_sep = 0.082 |  unique_bins = 0.062 |  accuracy = 0.317 | 
val_loss (train batch) = 1.897 |  logp_expert_action (train batch) = -1.897 |  action_margin (train batch) = -0.421 |  entropy (train batch) = 2.196 |  ang_sep (train batch) = 0.064 |  unique_bins (train batch) = 0.163 |  accuracy (train batch) = 0.443 | 
2026-02-05 15:13:47 - DEBUG - Patience left: 19
2026-02-05 15:13:47 - INFO - Validation check at train step 1120 
 val_loss = 3.612 |  logp_expert_action = -3.612 |  action_margin = -2.204 |  entropy = 2.237 |  ang_sep = 0.084 |  unique_bins = 0.151 |  accuracy = 0.324 | 
val_loss (train batch) = 1.796 |  logp_expert_action (train batch) = -1.796 |  action_margin (train batch) = -0.314 |  entropy (train batch) = 2.182 |  ang_sep (train batch) = 0.062 |  unique_bins (train batch) = 0.157 |  accuracy (train batch) = 0.451 | 
2026-02-05 15:13:47 - DEBUG - Patience left: 18
2026-02-05 15:13:47 - INFO - Validation check at train step 1130 
 val_loss = 3.865 |  logp_expert_action = -3.865 |  action_margin = -2.484 |  entropy = 2.271 |  ang_sep = 0.087 |  unique_bins = 0.062 |  accuracy = 0.296 | 
val_loss (train batch) = 1.913 |  logp_expert_action (train batch) = -1.913 |  action_margin (train batch) = -0.407 |  entropy (train batch) = 2.207 |  ang_sep (train batch) = 0.062 |  unique_bins (train batch) = 0.157 |  accuracy (train batch) = 0.465 | 
2026-02-05 15:13:47 - DEBUG - Patience left: 17
2026-02-05 15:13:47 - INFO - Validation check at train step 1140 
 val_loss = 3.613 |  logp_expert_action = -3.613 |  action_margin = -2.205 |  entropy = 2.234 |  ang_sep = 0.083 |  unique_bins = 0.152 |  accuracy = 0.328 | 
val_loss (train batch) = 1.851 |  logp_expert_action (train batch) = -1.851 |  action_margin (train batch) = -0.366 |  entropy (train batch) = 2.180 |  ang_sep (train batch) = 0.062 |  unique_bins (train batch) = 0.158 |  accuracy (train batch) = 0.446 | 
2026-02-05 15:13:47 - DEBUG - Patience left: 16
2026-02-05 15:13:47 - INFO - Validation check at train step 1150 
 val_loss = 3.870 |  logp_expert_action = -3.870 |  action_margin = -2.496 |  entropy = 2.266 |  ang_sep = 0.084 |  unique_bins = 0.062 |  accuracy = 0.282 | 
val_loss (train batch) = 1.875 |  logp_expert_action (train batch) = -1.875 |  action_margin (train batch) = -0.397 |  entropy (train batch) = 2.202 |  ang_sep (train batch) = 0.064 |  unique_bins (train batch) = 0.158 |  accuracy (train batch) = 0.438 | 
2026-02-05 15:13:47 - DEBUG - Patience left: 15
2026-02-05 15:13:47 - INFO - Validation check at train step 1160 
 val_loss = 3.613 |  logp_expert_action = -3.613 |  action_margin = -2.207 |  entropy = 2.232 |  ang_sep = 0.083 |  unique_bins = 0.152 |  accuracy = 0.332 | 
val_loss (train batch) = 1.813 |  logp_expert_action (train batch) = -1.813 |  action_margin (train batch) = -0.293 |  entropy (train batch) = 2.207 |  ang_sep (train batch) = 0.069 |  unique_bins (train batch) = 0.162 |  accuracy (train batch) = 0.465 | 
2026-02-05 15:13:47 - DEBUG - Patience left: 14
2026-02-05 15:13:47 - INFO - Validation check at train step 1170 
 val_loss = 3.870 |  logp_expert_action = -3.870 |  action_margin = -2.497 |  entropy = 2.266 |  ang_sep = 0.083 |  unique_bins = 0.062 |  accuracy = 0.289 | 
val_loss (train batch) = 1.934 |  logp_expert_action (train batch) = -1.934 |  action_margin (train batch) = -0.454 |  entropy (train batch) = 2.217 |  ang_sep (train batch) = 0.065 |  unique_bins (train batch) = 0.152 |  accuracy (train batch) = 0.425 | 
2026-02-05 15:13:47 - DEBUG - Patience left: 13
2026-02-05 15:13:47 - INFO - Validation check at train step 1180 
 val_loss = 3.615 |  logp_expert_action = -3.615 |  action_margin = -2.209 |  entropy = 2.232 |  ang_sep = 0.082 |  unique_bins = 0.151 |  accuracy = 0.327 | 
val_loss (train batch) = 1.868 |  logp_expert_action (train batch) = -1.868 |  action_margin (train batch) = -0.370 |  entropy (train batch) = 2.200 |  ang_sep (train batch) = 0.063 |  unique_bins (train batch) = 0.152 |  accuracy (train batch) = 0.452 | 
2026-02-05 15:13:47 - DEBUG - Patience left: 12
2026-02-05 15:13:47 - INFO - Validation check at train step 1190 
 val_loss = 3.871 |  logp_expert_action = -3.871 |  action_margin = -2.493 |  entropy = 2.272 |  ang_sep = 0.083 |  unique_bins = 0.062 |  accuracy = 0.289 | 
val_loss (train batch) = 1.828 |  logp_expert_action (train batch) = -1.828 |  action_margin (train batch) = -0.329 |  entropy (train batch) = 2.196 |  ang_sep (train batch) = 0.060 |  unique_bins (train batch) = 0.160 |  accuracy (train batch) = 0.456 | 
2026-02-05 15:13:47 - DEBUG - Patience left: 11
2026-02-05 15:13:48 - INFO - Validation check at train step 1200 
 val_loss = 3.618 |  logp_expert_action = -3.618 |  action_margin = -2.209 |  entropy = 2.234 |  ang_sep = 0.083 |  unique_bins = 0.150 |  accuracy = 0.324 | 
val_loss (train batch) = 1.885 |  logp_expert_action (train batch) = -1.885 |  action_margin (train batch) = -0.410 |  entropy (train batch) = 2.190 |  ang_sep (train batch) = 0.069 |  unique_bins (train batch) = 0.156 |  accuracy (train batch) = 0.433 | 
2026-02-05 15:13:48 - DEBUG - Patience left: 10
2026-02-05 15:13:48 - INFO - Validation check at train step 1210 
 val_loss = 3.873 |  logp_expert_action = -3.873 |  action_margin = -2.496 |  entropy = 2.272 |  ang_sep = 0.083 |  unique_bins = 0.061 |  accuracy = 0.268 | 
val_loss (train batch) = 1.869 |  logp_expert_action (train batch) = -1.869 |  action_margin (train batch) = -0.374 |  entropy (train batch) = 2.224 |  ang_sep (train batch) = 0.064 |  unique_bins (train batch) = 0.154 |  accuracy (train batch) = 0.441 | 
2026-02-05 15:13:48 - DEBUG - Patience left: 9
2026-02-05 15:13:48 - INFO - Validation check at train step 1220 
 val_loss = 3.619 |  logp_expert_action = -3.619 |  action_margin = -2.213 |  entropy = 2.231 |  ang_sep = 0.082 |  unique_bins = 0.149 |  accuracy = 0.327 | 
val_loss (train batch) = 1.864 |  logp_expert_action (train batch) = -1.864 |  action_margin (train batch) = -0.361 |  entropy (train batch) = 2.192 |  ang_sep (train batch) = 0.063 |  unique_bins (train batch) = 0.154 |  accuracy (train batch) = 0.478 | 
2026-02-05 15:13:48 - DEBUG - Patience left: 8
2026-02-05 15:13:48 - INFO - Validation check at train step 1230 
 val_loss = 3.868 |  logp_expert_action = -3.868 |  action_margin = -2.493 |  entropy = 2.271 |  ang_sep = 0.082 |  unique_bins = 0.062 |  accuracy = 0.289 | 
val_loss (train batch) = 1.925 |  logp_expert_action (train batch) = -1.925 |  action_margin (train batch) = -0.419 |  entropy (train batch) = 2.208 |  ang_sep (train batch) = 0.067 |  unique_bins (train batch) = 0.157 |  accuracy (train batch) = 0.456 | 
2026-02-05 15:13:48 - DEBUG - Patience left: 7
2026-02-05 15:13:48 - INFO - Validation check at train step 1240 
 val_loss = 3.619 |  logp_expert_action = -3.619 |  action_margin = -2.216 |  entropy = 2.228 |  ang_sep = 0.082 |  unique_bins = 0.150 |  accuracy = 0.324 | 
val_loss (train batch) = 1.893 |  logp_expert_action (train batch) = -1.893 |  action_margin (train batch) = -0.411 |  entropy (train batch) = 2.202 |  ang_sep (train batch) = 0.064 |  unique_bins (train batch) = 0.159 |  accuracy (train batch) = 0.454 | 
2026-02-05 15:13:48 - DEBUG - Patience left: 6
2026-02-05 15:13:48 - INFO - Validation check at train step 1250 
 val_loss = 3.870 |  logp_expert_action = -3.870 |  action_margin = -2.498 |  entropy = 2.267 |  ang_sep = 0.083 |  unique_bins = 0.062 |  accuracy = 0.282 | 
val_loss (train batch) = 1.903 |  logp_expert_action (train batch) = -1.903 |  action_margin (train batch) = -0.400 |  entropy (train batch) = 2.193 |  ang_sep (train batch) = 0.066 |  unique_bins (train batch) = 0.162 |  accuracy (train batch) = 0.438 | 
2026-02-05 15:13:48 - DEBUG - Patience left: 5
2026-02-05 15:13:48 - INFO - Validation check at train step 1260 
 val_loss = 3.619 |  logp_expert_action = -3.619 |  action_margin = -2.215 |  entropy = 2.229 |  ang_sep = 0.082 |  unique_bins = 0.150 |  accuracy = 0.330 | 
val_loss (train batch) = 1.867 |  logp_expert_action (train batch) = -1.867 |  action_margin (train batch) = -0.386 |  entropy (train batch) = 2.202 |  ang_sep (train batch) = 0.069 |  unique_bins (train batch) = 0.160 |  accuracy (train batch) = 0.451 | 
2026-02-05 15:13:48 - DEBUG - Patience left: 4
2026-02-05 15:13:48 - INFO - Validation check at train step 1270 
 val_loss = 3.873 |  logp_expert_action = -3.873 |  action_margin = -2.502 |  entropy = 2.263 |  ang_sep = 0.081 |  unique_bins = 0.061 |  accuracy = 0.289 | 
val_loss (train batch) = 1.850 |  logp_expert_action (train batch) = -1.850 |  action_margin (train batch) = -0.353 |  entropy (train batch) = 2.194 |  ang_sep (train batch) = 0.061 |  unique_bins (train batch) = 0.158 |  accuracy (train batch) = 0.473 | 
2026-02-05 15:13:48 - DEBUG - Patience left: 3
2026-02-05 15:13:48 - INFO - Validation check at train step 1280 
 val_loss = 3.620 |  logp_expert_action = -3.620 |  action_margin = -2.215 |  entropy = 2.228 |  ang_sep = 0.082 |  unique_bins = 0.148 |  accuracy = 0.329 | 
val_loss (train batch) = 1.947 |  logp_expert_action (train batch) = -1.947 |  action_margin (train batch) = -0.466 |  entropy (train batch) = 2.212 |  ang_sep (train batch) = 0.062 |  unique_bins (train batch) = 0.157 |  accuracy (train batch) = 0.435 | 
2026-02-05 15:13:48 - DEBUG - Patience left: 2
2026-02-05 15:13:48 - INFO - Validation check at train step 1290 
 val_loss = 3.874 |  logp_expert_action = -3.874 |  action_margin = -2.505 |  entropy = 2.266 |  ang_sep = 0.083 |  unique_bins = 0.063 |  accuracy = 0.289 | 
val_loss (train batch) = 1.843 |  logp_expert_action (train batch) = -1.843 |  action_margin (train batch) = -0.308 |  entropy (train batch) = 2.190 |  ang_sep (train batch) = 0.063 |  unique_bins (train batch) = 0.152 |  accuracy (train batch) = 0.482 | 
2026-02-05 15:13:48 - DEBUG - Patience left: 1
2026-02-05 15:13:49 - INFO - Validation check at train step 1300 
 val_loss = 3.620 |  logp_expert_action = -3.620 |  action_margin = -2.216 |  entropy = 2.229 |  ang_sep = 0.082 |  unique_bins = 0.149 |  accuracy = 0.327 | 
val_loss (train batch) = 1.880 |  logp_expert_action (train batch) = -1.880 |  action_margin (train batch) = -0.387 |  entropy (train batch) = 2.199 |  ang_sep (train batch) = 0.061 |  unique_bins (train batch) = 0.154 |  accuracy (train batch) = 0.462 | 
2026-02-05 15:13:49 - DEBUG - Patience left: 0
2026-02-05 15:13:49 - INFO - No patience left. Ending training.
2026-02-05 15:13:49 - INFO - Best val loss was 3.419 at epoch 31
2026-02-05 15:13:49 - INFO - Total train time = 14.225110292434692s on cuda
2026-02-05 15:13:49 - INFO - Training complete.
2026-02-05 15:13:49 - INFO - Plotting training loss curve...
