2026-02-03 17:07:56 - INFO - Setting outdir /home/rachel/Projects/survey-ops/experiment_results/bc-radec-grid-feats-num_visit_hists
2026-02-03 17:07:56 - INFO - Saving results in /home/rachel/Projects/survey-ops/experiment_results/bc-radec-grid-feats-num_visit_hists
2026-02-03 17:07:56 - INFO - Loading raw data...
2026-02-03 17:07:57 - INFO - Loaded data from json
2026-02-03 17:07:57 - INFO - Processing raw data into OfflineDataset()...
2026-02-03 17:08:20 - INFO - Performing inverse airmass normalization
2026-02-03 17:08:20 - INFO - Performing max normalziation
2026-02-03 17:08:20 - DEBUG - (First need to get mask to mask out all state features which do not use this normalization)
2026-02-03 17:08:20 - DEBUG - (Then divide by max val for each feature)
2026-02-03 17:08:20 - INFO - Finished constructing train_dataset
2026-02-03 17:08:21 - INFO - Plotting S x A (state x action) space cornerplot (this will take some time...)
2026-02-03 17:08:41 - INFO - Corner plot saved
2026-02-03 17:08:42 - INFO - Initializing agent...
2026-02-03 17:08:43 - INFO - Starting training...
2026-02-03 17:08:43 - INFO - Total number of training steps: 300
2026-02-03 17:08:43 - INFO - Steps per epoch: 1
2026-02-03 17:08:43 - DEBUG - Total number of lr scheduler steps: None
2026-02-03 17:08:43 - DEBUG - Number of transitions in dataset: 367
2026-02-03 17:08:46 - INFO - Validation check at train step 0 
 val_loss = 14.494 |  logp_expert_action = -14.494 |  action_margin = -13.674 |  entropy = 1.436 |  accuracy = 0.024 | 
val_loss (train batch) = 11.250 |  logp_expert_action (train batch) = -11.250 |  action_margin (train batch) = -10.393 |  entropy (train batch) = 1.452 |  accuracy (train batch) = 0.035 | 
2026-02-03 17:08:46 - INFO - Improved model at step 0. New best val loss is 14.494 Saving weights.
2026-02-03 17:08:47 - INFO - Validation check at train step 1 
 val_loss = 15.025 |  logp_expert_action = -15.025 |  action_margin = -14.097 |  entropy = 1.998 |  accuracy = 0.049 | 
val_loss (train batch) = 10.748 |  logp_expert_action (train batch) = -10.748 |  action_margin (train batch) = -9.845 |  entropy (train batch) = 1.986 |  accuracy (train batch) = 0.012 | 
2026-02-03 17:08:47 - DEBUG - Patience left: 49
2026-02-03 17:08:49 - INFO - Validation check at train step 2 
 val_loss = 16.845 |  logp_expert_action = -16.845 |  action_margin = -15.891 |  entropy = 2.054 |  accuracy = 0.024 | 
val_loss (train batch) = 11.492 |  logp_expert_action (train batch) = -11.492 |  action_margin (train batch) = -10.517 |  entropy (train batch) = 2.077 |  accuracy (train batch) = 0.026 | 
2026-02-03 17:08:49 - DEBUG - Patience left: 48
2026-02-03 17:08:50 - INFO - Validation check at train step 3 
 val_loss = 16.589 |  logp_expert_action = -16.589 |  action_margin = -15.123 |  entropy = 2.823 |  accuracy = 0.024 | 
val_loss (train batch) = 10.081 |  logp_expert_action (train batch) = -10.081 |  action_margin (train batch) = -8.588 |  entropy (train batch) = 2.816 |  accuracy (train batch) = 0.027 | 
2026-02-03 17:08:50 - DEBUG - Patience left: 47
2026-02-03 17:08:52 - INFO - Validation check at train step 4 
 val_loss = 16.296 |  logp_expert_action = -16.296 |  action_margin = -14.519 |  entropy = 3.091 |  accuracy = 0.000 | 
val_loss (train batch) = 9.301 |  logp_expert_action (train batch) = -9.301 |  action_margin (train batch) = -7.520 |  entropy (train batch) = 3.092 |  accuracy (train batch) = 0.041 | 
2026-02-03 17:08:52 - DEBUG - Patience left: 46
2026-02-03 17:08:53 - INFO - Validation check at train step 5 
 val_loss = 15.559 |  logp_expert_action = -15.559 |  action_margin = -13.867 |  entropy = 3.125 |  accuracy = 0.049 | 
val_loss (train batch) = 9.186 |  logp_expert_action (train batch) = -9.186 |  action_margin (train batch) = -7.472 |  entropy (train batch) = 3.147 |  accuracy (train batch) = 0.037 | 
2026-02-03 17:08:53 - DEBUG - Patience left: 45
2026-02-03 17:08:55 - INFO - Validation check at train step 6 
 val_loss = 14.874 |  logp_expert_action = -14.874 |  action_margin = -12.892 |  entropy = 3.445 |  accuracy = 0.000 | 
val_loss (train batch) = 8.680 |  logp_expert_action (train batch) = -8.680 |  action_margin (train batch) = -6.675 |  entropy (train batch) = 3.446 |  accuracy (train batch) = 0.032 | 
2026-02-03 17:08:55 - DEBUG - Patience left: 44
2026-02-03 17:08:56 - INFO - Validation check at train step 7 
 val_loss = 13.248 |  logp_expert_action = -13.248 |  action_margin = -10.558 |  entropy = 3.966 |  accuracy = 0.000 | 
val_loss (train batch) = 7.759 |  logp_expert_action (train batch) = -7.759 |  action_margin (train batch) = -5.035 |  entropy (train batch) = 3.976 |  accuracy (train batch) = 0.044 | 
2026-02-03 17:08:56 - INFO - Improved model at step 7. New best val loss is 13.248 Saving weights.
2026-02-03 17:08:58 - INFO - Validation check at train step 8 
 val_loss = 11.519 |  logp_expert_action = -11.519 |  action_margin = -9.132 |  entropy = 4.000 |  accuracy = 0.000 | 
val_loss (train batch) = 7.602 |  logp_expert_action (train batch) = -7.602 |  action_margin (train batch) = -5.176 |  entropy (train batch) = 4.016 |  accuracy (train batch) = 0.031 | 
2026-02-03 17:08:58 - INFO - Improved model at step 8. New best val loss is 11.519 Saving weights.
2026-02-03 17:08:59 - INFO - Validation check at train step 9 
 val_loss = 9.705 |  logp_expert_action = -9.705 |  action_margin = -6.924 |  entropy = 4.159 |  accuracy = 0.000 | 
val_loss (train batch) = 6.229 |  logp_expert_action (train batch) = -6.229 |  action_margin (train batch) = -3.421 |  entropy (train batch) = 4.173 |  accuracy (train batch) = 0.023 | 
2026-02-03 17:08:59 - INFO - Improved model at step 9. New best val loss is 9.705 Saving weights.
2026-02-03 17:09:00 - INFO - Validation check at train step 10 
 val_loss = 8.371 |  logp_expert_action = -8.371 |  action_margin = -5.663 |  entropy = 4.254 |  accuracy = 0.000 | 
val_loss (train batch) = 5.367 |  logp_expert_action (train batch) = -5.367 |  action_margin (train batch) = -2.644 |  entropy (train batch) = 4.262 |  accuracy (train batch) = 0.044 | 
2026-02-03 17:09:00 - INFO - Improved model at step 10. New best val loss is 8.371 Saving weights.
2026-02-03 17:09:02 - INFO - Validation check at train step 11 
 val_loss = 7.401 |  logp_expert_action = -7.401 |  action_margin = -4.509 |  entropy = 4.484 |  accuracy = 0.024 | 
val_loss (train batch) = 5.037 |  logp_expert_action (train batch) = -5.037 |  action_margin (train batch) = -2.130 |  entropy (train batch) = 4.501 |  accuracy (train batch) = 0.064 | 
2026-02-03 17:09:02 - INFO - Improved model at step 11. New best val loss is 7.401 Saving weights.
2026-02-03 17:09:04 - INFO - Validation check at train step 12 
 val_loss = 6.808 |  logp_expert_action = -6.808 |  action_margin = -3.754 |  entropy = 4.788 |  accuracy = 0.024 | 
val_loss (train batch) = 4.802 |  logp_expert_action (train batch) = -4.802 |  action_margin (train batch) = -1.715 |  entropy (train batch) = 4.805 |  accuracy (train batch) = 0.023 | 
2026-02-03 17:09:04 - INFO - Improved model at step 12. New best val loss is 6.808 Saving weights.
2026-02-03 17:09:05 - INFO - Validation check at train step 13 
 val_loss = 6.476 |  logp_expert_action = -6.476 |  action_margin = -3.052 |  entropy = 5.008 |  accuracy = 0.024 | 
val_loss (train batch) = 4.646 |  logp_expert_action (train batch) = -4.646 |  action_margin (train batch) = -1.217 |  entropy (train batch) = 5.024 |  accuracy (train batch) = 0.037 | 
2026-02-03 17:09:05 - INFO - Improved model at step 13. New best val loss is 6.476 Saving weights.
2026-02-03 17:09:07 - INFO - Validation check at train step 14 
 val_loss = 6.317 |  logp_expert_action = -6.317 |  action_margin = -3.015 |  entropy = 5.044 |  accuracy = 0.000 | 
val_loss (train batch) = 4.509 |  logp_expert_action (train batch) = -4.509 |  action_margin (train batch) = -1.224 |  entropy (train batch) = 5.073 |  accuracy (train batch) = 0.017 | 
2026-02-03 17:09:07 - INFO - Improved model at step 14. New best val loss is 6.317 Saving weights.
2026-02-03 17:09:08 - INFO - Validation check at train step 15 
 val_loss = 6.277 |  logp_expert_action = -6.277 |  action_margin = -3.216 |  entropy = 4.875 |  accuracy = 0.000 | 
val_loss (train batch) = 4.411 |  logp_expert_action (train batch) = -4.411 |  action_margin (train batch) = -1.330 |  entropy (train batch) = 4.910 |  accuracy (train batch) = 0.029 | 
2026-02-03 17:09:08 - INFO - Improved model at step 15. New best val loss is 6.277 Saving weights.
2026-02-03 17:09:09 - INFO - Validation check at train step 16 
 val_loss = 6.294 |  logp_expert_action = -6.294 |  action_margin = -3.575 |  entropy = 4.603 |  accuracy = 0.024 | 
val_loss (train batch) = 4.360 |  logp_expert_action (train batch) = -4.360 |  action_margin (train batch) = -1.588 |  entropy (train batch) = 4.661 |  accuracy (train batch) = 0.064 | 
2026-02-03 17:09:09 - DEBUG - Patience left: 49
2026-02-03 17:09:11 - INFO - Validation check at train step 17 
 val_loss = 6.374 |  logp_expert_action = -6.374 |  action_margin = -3.853 |  entropy = 4.334 |  accuracy = 0.024 | 
val_loss (train batch) = 4.230 |  logp_expert_action (train batch) = -4.230 |  action_margin (train batch) = -1.655 |  entropy (train batch) = 4.396 |  accuracy (train batch) = 0.045 | 
2026-02-03 17:09:11 - DEBUG - Patience left: 48
2026-02-03 17:09:12 - INFO - Validation check at train step 18 
 val_loss = 6.454 |  logp_expert_action = -6.454 |  action_margin = -3.850 |  entropy = 4.182 |  accuracy = 0.024 | 
val_loss (train batch) = 4.112 |  logp_expert_action (train batch) = -4.112 |  action_margin (train batch) = -1.502 |  entropy (train batch) = 4.217 |  accuracy (train batch) = 0.073 | 
2026-02-03 17:09:12 - DEBUG - Patience left: 47
2026-02-03 17:09:14 - INFO - Validation check at train step 19 
 val_loss = 6.533 |  logp_expert_action = -6.533 |  action_margin = -3.848 |  entropy = 4.097 |  accuracy = 0.024 | 
val_loss (train batch) = 3.970 |  logp_expert_action (train batch) = -3.970 |  action_margin (train batch) = -1.257 |  entropy (train batch) = 4.140 |  accuracy (train batch) = 0.057 | 
2026-02-03 17:09:14 - DEBUG - Patience left: 46
2026-02-03 17:09:15 - INFO - Validation check at train step 20 
 val_loss = 6.656 |  logp_expert_action = -6.656 |  action_margin = -3.882 |  entropy = 4.021 |  accuracy = 0.024 | 
val_loss (train batch) = 3.891 |  logp_expert_action (train batch) = -3.891 |  action_margin (train batch) = -1.095 |  entropy (train batch) = 4.071 |  accuracy (train batch) = 0.075 | 
2026-02-03 17:09:15 - DEBUG - Patience left: 45
2026-02-03 17:09:16 - INFO - Validation check at train step 21 
 val_loss = 6.811 |  logp_expert_action = -6.811 |  action_margin = -4.181 |  entropy = 3.931 |  accuracy = 0.024 | 
val_loss (train batch) = 3.912 |  logp_expert_action (train batch) = -3.912 |  action_margin (train batch) = -1.265 |  entropy (train batch) = 3.965 |  accuracy (train batch) = 0.067 | 
2026-02-03 17:09:16 - DEBUG - Patience left: 44
2026-02-03 17:09:18 - INFO - Validation check at train step 22 
 val_loss = 6.961 |  logp_expert_action = -6.961 |  action_margin = -4.411 |  entropy = 3.849 |  accuracy = 0.049 | 
val_loss (train batch) = 3.882 |  logp_expert_action (train batch) = -3.882 |  action_margin (train batch) = -1.312 |  entropy (train batch) = 3.889 |  accuracy (train batch) = 0.068 | 
2026-02-03 17:09:18 - DEBUG - Patience left: 43
2026-02-03 17:09:19 - INFO - Validation check at train step 23 
 val_loss = 7.091 |  logp_expert_action = -7.091 |  action_margin = -4.544 |  entropy = 3.830 |  accuracy = 0.073 | 
val_loss (train batch) = 3.874 |  logp_expert_action (train batch) = -3.874 |  action_margin (train batch) = -1.326 |  entropy (train batch) = 3.846 |  accuracy (train batch) = 0.084 | 
2026-02-03 17:09:19 - DEBUG - Patience left: 42
2026-02-03 17:09:20 - INFO - Validation check at train step 24 
 val_loss = 7.240 |  logp_expert_action = -7.240 |  action_margin = -4.621 |  entropy = 3.843 |  accuracy = 0.146 | 
val_loss (train batch) = 3.743 |  logp_expert_action (train batch) = -3.743 |  action_margin (train batch) = -1.104 |  entropy (train batch) = 3.860 |  accuracy (train batch) = 0.101 | 
2026-02-03 17:09:20 - DEBUG - Patience left: 41
2026-02-03 17:09:21 - INFO - Validation check at train step 25 
 val_loss = 7.440 |  logp_expert_action = -7.440 |  action_margin = -4.780 |  entropy = 3.857 |  accuracy = 0.073 | 
val_loss (train batch) = 3.739 |  logp_expert_action (train batch) = -3.739 |  action_margin (train batch) = -1.067 |  entropy (train batch) = 3.879 |  accuracy (train batch) = 0.071 | 
2026-02-03 17:09:21 - DEBUG - Patience left: 40
2026-02-03 17:09:23 - INFO - Validation check at train step 26 
 val_loss = 7.637 |  logp_expert_action = -7.637 |  action_margin = -4.924 |  entropy = 3.837 |  accuracy = 0.000 | 
val_loss (train batch) = 3.639 |  logp_expert_action (train batch) = -3.639 |  action_margin (train batch) = -0.924 |  entropy (train batch) = 3.848 |  accuracy (train batch) = 0.083 | 
2026-02-03 17:09:23 - DEBUG - Patience left: 39
2026-02-03 17:09:24 - INFO - Validation check at train step 27 
 val_loss = 7.850 |  logp_expert_action = -7.850 |  action_margin = -5.321 |  entropy = 3.766 |  accuracy = 0.000 | 
val_loss (train batch) = 3.568 |  logp_expert_action (train batch) = -3.568 |  action_margin (train batch) = -1.016 |  entropy (train batch) = 3.783 |  accuracy (train batch) = 0.109 | 
2026-02-03 17:09:24 - DEBUG - Patience left: 38
2026-02-03 17:09:26 - INFO - Validation check at train step 28 
 val_loss = 8.018 |  logp_expert_action = -8.018 |  action_margin = -5.745 |  entropy = 3.693 |  accuracy = 0.000 | 
val_loss (train batch) = 3.587 |  logp_expert_action (train batch) = -3.587 |  action_margin (train batch) = -1.244 |  entropy (train batch) = 3.715 |  accuracy (train batch) = 0.084 | 
2026-02-03 17:09:26 - DEBUG - Patience left: 37
2026-02-03 17:09:27 - INFO - Validation check at train step 29 
 val_loss = 8.174 |  logp_expert_action = -8.174 |  action_margin = -5.869 |  entropy = 3.687 |  accuracy = 0.000 | 
val_loss (train batch) = 3.584 |  logp_expert_action (train batch) = -3.584 |  action_margin (train batch) = -1.192 |  entropy (train batch) = 3.705 |  accuracy (train batch) = 0.110 | 
2026-02-03 17:09:27 - DEBUG - Patience left: 36
2026-02-03 17:09:28 - INFO - Validation check at train step 30 
 val_loss = 8.324 |  logp_expert_action = -8.324 |  action_margin = -5.819 |  entropy = 3.706 |  accuracy = 0.000 | 
val_loss (train batch) = 3.523 |  logp_expert_action (train batch) = -3.523 |  action_margin (train batch) = -1.012 |  entropy (train batch) = 3.715 |  accuracy (train batch) = 0.104 | 
2026-02-03 17:09:28 - DEBUG - Patience left: 35
2026-02-03 17:09:30 - INFO - Validation check at train step 31 
 val_loss = 8.448 |  logp_expert_action = -8.448 |  action_margin = -5.902 |  entropy = 3.699 |  accuracy = 0.024 | 
val_loss (train batch) = 3.471 |  logp_expert_action (train batch) = -3.471 |  action_margin (train batch) = -0.955 |  entropy (train batch) = 3.688 |  accuracy (train batch) = 0.075 | 
2026-02-03 17:09:30 - DEBUG - Patience left: 34
2026-02-03 17:09:31 - INFO - Validation check at train step 32 
 val_loss = 8.603 |  logp_expert_action = -8.603 |  action_margin = -6.120 |  entropy = 3.661 |  accuracy = 0.049 | 
val_loss (train batch) = 3.449 |  logp_expert_action (train batch) = -3.449 |  action_margin (train batch) = -1.000 |  entropy (train batch) = 3.658 |  accuracy (train batch) = 0.094 | 
2026-02-03 17:09:31 - DEBUG - Patience left: 33
2026-02-03 17:09:32 - INFO - Validation check at train step 33 
 val_loss = 8.752 |  logp_expert_action = -8.752 |  action_margin = -6.319 |  entropy = 3.614 |  accuracy = 0.024 | 
val_loss (train batch) = 3.410 |  logp_expert_action (train batch) = -3.410 |  action_margin (train batch) = -1.003 |  entropy (train batch) = 3.612 |  accuracy (train batch) = 0.072 | 
2026-02-03 17:09:32 - DEBUG - Patience left: 32
2026-02-03 17:09:34 - INFO - Validation check at train step 34 
 val_loss = 8.901 |  logp_expert_action = -8.901 |  action_margin = -6.427 |  entropy = 3.585 |  accuracy = 0.049 | 
val_loss (train batch) = 3.390 |  logp_expert_action (train batch) = -3.390 |  action_margin (train batch) = -0.924 |  entropy (train batch) = 3.602 |  accuracy (train batch) = 0.104 | 
2026-02-03 17:09:34 - DEBUG - Patience left: 31
2026-02-03 17:09:35 - INFO - Validation check at train step 35 
 val_loss = 9.063 |  logp_expert_action = -9.063 |  action_margin = -6.671 |  entropy = 3.547 |  accuracy = 0.049 | 
val_loss (train batch) = 3.308 |  logp_expert_action (train batch) = -3.308 |  action_margin (train batch) = -0.896 |  entropy (train batch) = 3.559 |  accuracy (train batch) = 0.163 | 
2026-02-03 17:09:35 - DEBUG - Patience left: 30
2026-02-03 17:09:36 - INFO - Validation check at train step 36 
 val_loss = 9.188 |  logp_expert_action = -9.188 |  action_margin = -6.910 |  entropy = 3.500 |  accuracy = 0.049 | 
val_loss (train batch) = 3.317 |  logp_expert_action (train batch) = -3.317 |  action_margin (train batch) = -1.022 |  entropy (train batch) = 3.508 |  accuracy (train batch) = 0.112 | 
2026-02-03 17:09:36 - DEBUG - Patience left: 29
2026-02-03 17:09:38 - INFO - Validation check at train step 37 
 val_loss = 9.261 |  logp_expert_action = -9.261 |  action_margin = -6.986 |  entropy = 3.466 |  accuracy = 0.073 | 
val_loss (train batch) = 3.264 |  logp_expert_action (train batch) = -3.264 |  action_margin (train batch) = -0.961 |  entropy (train batch) = 3.470 |  accuracy (train batch) = 0.142 | 
2026-02-03 17:09:38 - DEBUG - Patience left: 28
2026-02-03 17:09:39 - INFO - Validation check at train step 38 
 val_loss = 9.348 |  logp_expert_action = -9.348 |  action_margin = -7.051 |  entropy = 3.440 |  accuracy = 0.073 | 
val_loss (train batch) = 3.238 |  logp_expert_action (train batch) = -3.238 |  action_margin (train batch) = -0.905 |  entropy (train batch) = 3.441 |  accuracy (train batch) = 0.133 | 
2026-02-03 17:09:39 - DEBUG - Patience left: 27
2026-02-03 17:09:40 - INFO - Validation check at train step 39 
 val_loss = 9.516 |  logp_expert_action = -9.516 |  action_margin = -7.234 |  entropy = 3.405 |  accuracy = 0.024 | 
val_loss (train batch) = 3.232 |  logp_expert_action (train batch) = -3.232 |  action_margin (train batch) = -0.898 |  entropy (train batch) = 3.426 |  accuracy (train batch) = 0.140 | 
2026-02-03 17:09:40 - DEBUG - Patience left: 26
2026-02-03 17:09:42 - INFO - Validation check at train step 40 
 val_loss = 9.685 |  logp_expert_action = -9.685 |  action_margin = -7.494 |  entropy = 3.362 |  accuracy = 0.024 | 
val_loss (train batch) = 3.201 |  logp_expert_action (train batch) = -3.201 |  action_margin (train batch) = -0.983 |  entropy (train batch) = 3.368 |  accuracy (train batch) = 0.126 | 
2026-02-03 17:09:42 - DEBUG - Patience left: 25
2026-02-03 17:09:43 - INFO - Validation check at train step 41 
 val_loss = 9.838 |  logp_expert_action = -9.838 |  action_margin = -7.671 |  entropy = 3.332 |  accuracy = 0.049 | 
val_loss (train batch) = 3.196 |  logp_expert_action (train batch) = -3.196 |  action_margin (train batch) = -0.994 |  entropy (train batch) = 3.352 |  accuracy (train batch) = 0.153 | 
2026-02-03 17:09:43 - DEBUG - Patience left: 24
2026-02-03 17:09:45 - INFO - Validation check at train step 42 
 val_loss = 10.061 |  logp_expert_action = -10.061 |  action_margin = -7.887 |  entropy = 3.309 |  accuracy = 0.049 | 
val_loss (train batch) = 3.148 |  logp_expert_action (train batch) = -3.148 |  action_margin (train batch) = -0.953 |  entropy (train batch) = 3.323 |  accuracy (train batch) = 0.174 | 
2026-02-03 17:09:45 - DEBUG - Patience left: 23
2026-02-03 17:09:46 - INFO - Validation check at train step 43 
 val_loss = 10.287 |  logp_expert_action = -10.287 |  action_margin = -8.139 |  entropy = 3.275 |  accuracy = 0.024 | 
val_loss (train batch) = 3.124 |  logp_expert_action (train batch) = -3.124 |  action_margin (train batch) = -0.957 |  entropy (train batch) = 3.285 |  accuracy (train batch) = 0.172 | 
2026-02-03 17:09:46 - DEBUG - Patience left: 22
2026-02-03 17:09:47 - INFO - Validation check at train step 44 
 val_loss = 10.459 |  logp_expert_action = -10.459 |  action_margin = -8.287 |  entropy = 3.278 |  accuracy = 0.049 | 
val_loss (train batch) = 3.130 |  logp_expert_action (train batch) = -3.130 |  action_margin (train batch) = -0.969 |  entropy (train batch) = 3.271 |  accuracy (train batch) = 0.122 | 
2026-02-03 17:09:47 - DEBUG - Patience left: 21
2026-02-03 17:09:49 - INFO - Validation check at train step 45 
 val_loss = 10.536 |  logp_expert_action = -10.536 |  action_margin = -8.325 |  entropy = 3.292 |  accuracy = 0.073 | 
val_loss (train batch) = 3.078 |  logp_expert_action (train batch) = -3.078 |  action_margin (train batch) = -0.843 |  entropy (train batch) = 3.298 |  accuracy (train batch) = 0.183 | 
2026-02-03 17:09:49 - DEBUG - Patience left: 20
2026-02-03 17:09:50 - INFO - Validation check at train step 46 
 val_loss = 10.553 |  logp_expert_action = -10.553 |  action_margin = -8.299 |  entropy = 3.292 |  accuracy = 0.073 | 
val_loss (train batch) = 3.046 |  logp_expert_action (train batch) = -3.046 |  action_margin (train batch) = -0.782 |  entropy (train batch) = 3.303 |  accuracy (train batch) = 0.163 | 
2026-02-03 17:09:50 - DEBUG - Patience left: 19
2026-02-03 17:09:51 - INFO - Validation check at train step 47 
 val_loss = 10.534 |  logp_expert_action = -10.534 |  action_margin = -8.330 |  entropy = 3.276 |  accuracy = 0.073 | 
val_loss (train batch) = 3.030 |  logp_expert_action (train batch) = -3.030 |  action_margin (train batch) = -0.813 |  entropy (train batch) = 3.278 |  accuracy (train batch) = 0.156 | 
2026-02-03 17:09:51 - DEBUG - Patience left: 18
2026-02-03 17:09:53 - INFO - Validation check at train step 48 
 val_loss = 10.577 |  logp_expert_action = -10.577 |  action_margin = -8.461 |  entropy = 3.243 |  accuracy = 0.049 | 
val_loss (train batch) = 3.003 |  logp_expert_action (train batch) = -3.003 |  action_margin (train batch) = -0.831 |  entropy (train batch) = 3.264 |  accuracy (train batch) = 0.170 | 
2026-02-03 17:09:53 - DEBUG - Patience left: 17
2026-02-03 17:09:54 - INFO - Validation check at train step 49 
 val_loss = 10.700 |  logp_expert_action = -10.700 |  action_margin = -8.572 |  entropy = 3.232 |  accuracy = 0.000 | 
val_loss (train batch) = 3.018 |  logp_expert_action (train batch) = -3.018 |  action_margin (train batch) = -0.813 |  entropy (train batch) = 3.261 |  accuracy (train batch) = 0.172 | 
2026-02-03 17:09:54 - DEBUG - Patience left: 16
2026-02-03 17:09:55 - INFO - Validation check at train step 50 
 val_loss = 10.908 |  logp_expert_action = -10.908 |  action_margin = -8.814 |  entropy = 3.200 |  accuracy = 0.049 | 
val_loss (train batch) = 2.977 |  logp_expert_action (train batch) = -2.977 |  action_margin (train batch) = -0.846 |  entropy (train batch) = 3.228 |  accuracy (train batch) = 0.188 | 
2026-02-03 17:09:55 - DEBUG - Patience left: 15
2026-02-03 17:09:57 - INFO - Validation check at train step 51 
 val_loss = 10.985 |  logp_expert_action = -10.985 |  action_margin = -8.942 |  entropy = 3.166 |  accuracy = 0.049 | 
val_loss (train batch) = 2.982 |  logp_expert_action (train batch) = -2.982 |  action_margin (train batch) = -0.879 |  entropy (train batch) = 3.187 |  accuracy (train batch) = 0.199 | 
2026-02-03 17:09:57 - DEBUG - Patience left: 14
2026-02-03 17:09:58 - INFO - Validation check at train step 52 
 val_loss = 11.078 |  logp_expert_action = -11.078 |  action_margin = -9.020 |  entropy = 3.151 |  accuracy = 0.073 | 
val_loss (train batch) = 2.996 |  logp_expert_action (train batch) = -2.996 |  action_margin (train batch) = -0.850 |  entropy (train batch) = 3.195 |  accuracy (train batch) = 0.191 | 
2026-02-03 17:09:58 - DEBUG - Patience left: 13
2026-02-03 17:09:59 - INFO - Validation check at train step 53 
 val_loss = 11.097 |  logp_expert_action = -11.097 |  action_margin = -9.057 |  entropy = 3.123 |  accuracy = 0.098 | 
val_loss (train batch) = 2.883 |  logp_expert_action (train batch) = -2.883 |  action_margin (train batch) = -0.806 |  entropy (train batch) = 3.133 |  accuracy (train batch) = 0.242 | 
2026-02-03 17:09:59 - DEBUG - Patience left: 12
2026-02-03 17:10:01 - INFO - Validation check at train step 54 
 val_loss = 11.165 |  logp_expert_action = -11.165 |  action_margin = -9.178 |  entropy = 3.106 |  accuracy = 0.049 | 
val_loss (train batch) = 2.873 |  logp_expert_action (train batch) = -2.873 |  action_margin (train batch) = -0.803 |  entropy (train batch) = 3.130 |  accuracy (train batch) = 0.219 | 
2026-02-03 17:10:01 - DEBUG - Patience left: 11
2026-02-03 17:10:02 - INFO - Validation check at train step 55 
 val_loss = 11.327 |  logp_expert_action = -11.327 |  action_margin = -9.375 |  entropy = 3.085 |  accuracy = 0.049 | 
val_loss (train batch) = 2.834 |  logp_expert_action (train batch) = -2.834 |  action_margin (train batch) = -0.781 |  entropy (train batch) = 3.115 |  accuracy (train batch) = 0.237 | 
2026-02-03 17:10:02 - DEBUG - Patience left: 10
2026-02-03 17:10:04 - INFO - Validation check at train step 56 
 val_loss = 11.500 |  logp_expert_action = -11.500 |  action_margin = -9.587 |  entropy = 3.063 |  accuracy = 0.122 | 
val_loss (train batch) = 2.823 |  logp_expert_action (train batch) = -2.823 |  action_margin (train batch) = -0.866 |  entropy (train batch) = 3.081 |  accuracy (train batch) = 0.213 | 
2026-02-03 17:10:04 - DEBUG - Patience left: 9
2026-02-03 17:10:05 - INFO - Validation check at train step 57 
 val_loss = 11.561 |  logp_expert_action = -11.561 |  action_margin = -9.654 |  entropy = 3.046 |  accuracy = 0.122 | 
val_loss (train batch) = 2.857 |  logp_expert_action (train batch) = -2.857 |  action_margin (train batch) = -0.924 |  entropy (train batch) = 3.062 |  accuracy (train batch) = 0.177 | 
2026-02-03 17:10:05 - DEBUG - Patience left: 8
2026-02-03 17:10:06 - INFO - Validation check at train step 58 
 val_loss = 11.557 |  logp_expert_action = -11.557 |  action_margin = -9.581 |  entropy = 3.044 |  accuracy = 0.146 | 
val_loss (train batch) = 2.826 |  logp_expert_action (train batch) = -2.826 |  action_margin (train batch) = -0.822 |  entropy (train batch) = 3.061 |  accuracy (train batch) = 0.202 | 
2026-02-03 17:10:06 - DEBUG - Patience left: 7
2026-02-03 17:10:08 - INFO - Validation check at train step 59 
 val_loss = 11.589 |  logp_expert_action = -11.589 |  action_margin = -9.574 |  entropy = 3.061 |  accuracy = 0.122 | 
val_loss (train batch) = 2.775 |  logp_expert_action (train batch) = -2.775 |  action_margin (train batch) = -0.732 |  entropy (train batch) = 3.070 |  accuracy (train batch) = 0.199 | 
2026-02-03 17:10:08 - DEBUG - Patience left: 6
2026-02-03 17:10:09 - INFO - Validation check at train step 60 
 val_loss = 11.670 |  logp_expert_action = -11.670 |  action_margin = -9.644 |  entropy = 3.058 |  accuracy = 0.049 | 
val_loss (train batch) = 2.758 |  logp_expert_action (train batch) = -2.758 |  action_margin (train batch) = -0.691 |  entropy (train batch) = 3.055 |  accuracy (train batch) = 0.236 | 
2026-02-03 17:10:09 - DEBUG - Patience left: 5
2026-02-03 17:10:10 - INFO - Validation check at train step 61 
 val_loss = 11.782 |  logp_expert_action = -11.782 |  action_margin = -9.774 |  entropy = 3.042 |  accuracy = 0.049 | 
val_loss (train batch) = 2.711 |  logp_expert_action (train batch) = -2.711 |  action_margin (train batch) = -0.653 |  entropy (train batch) = 3.043 |  accuracy (train batch) = 0.259 | 
2026-02-03 17:10:10 - DEBUG - Patience left: 4
2026-02-03 17:10:12 - INFO - Validation check at train step 62 
 val_loss = 11.903 |  logp_expert_action = -11.903 |  action_margin = -9.964 |  entropy = 2.967 |  accuracy = 0.098 | 
val_loss (train batch) = 2.692 |  logp_expert_action (train batch) = -2.692 |  action_margin (train batch) = -0.698 |  entropy (train batch) = 3.006 |  accuracy (train batch) = 0.242 | 
2026-02-03 17:10:12 - DEBUG - Patience left: 3
2026-02-03 17:10:13 - INFO - Validation check at train step 63 
 val_loss = 11.856 |  logp_expert_action = -11.856 |  action_margin = -9.974 |  entropy = 2.945 |  accuracy = 0.122 | 
val_loss (train batch) = 2.674 |  logp_expert_action (train batch) = -2.674 |  action_margin (train batch) = -0.760 |  entropy (train batch) = 2.939 |  accuracy (train batch) = 0.268 | 
2026-02-03 17:10:13 - DEBUG - Patience left: 2
2026-02-03 17:10:14 - INFO - Validation check at train step 64 
 val_loss = 11.852 |  logp_expert_action = -11.852 |  action_margin = -9.901 |  entropy = 2.968 |  accuracy = 0.122 | 
val_loss (train batch) = 2.672 |  logp_expert_action (train batch) = -2.672 |  action_margin (train batch) = -0.661 |  entropy (train batch) = 2.989 |  accuracy (train batch) = 0.271 | 
2026-02-03 17:10:14 - DEBUG - Patience left: 1
2026-02-03 17:10:16 - INFO - Validation check at train step 65 
 val_loss = 11.987 |  logp_expert_action = -11.987 |  action_margin = -10.084 |  entropy = 2.951 |  accuracy = 0.073 | 
val_loss (train batch) = 2.677 |  logp_expert_action (train batch) = -2.677 |  action_margin (train batch) = -0.691 |  entropy (train batch) = 2.953 |  accuracy (train batch) = 0.292 | 
2026-02-03 17:10:16 - DEBUG - Patience left: 0
2026-02-03 17:10:16 - INFO - No patience left. Ending training.
2026-02-03 17:10:16 - INFO - Best val loss was 6.277 at epoch 16
2026-02-03 17:10:16 - INFO - Total train time = 93.06400275230408s on cpu
2026-02-03 17:10:16 - INFO - Training complete.
2026-02-03 17:10:16 - INFO - Plotting training loss curve...
