2026-01-13 11:22:59 - INFO - Saving results in ../experiment_results/radec-space-include-bin-features/
2026-01-13 11:22:59 - INFO - Experiment parameters:
2026-01-13 11:22:59 - INFO - seed: 10
2026-01-13 11:22:59 - INFO - fits_path: ../data/decam-exposures-20251211.fits
2026-01-13 11:22:59 - INFO - json_path: ../data/decam-exposures-20251211.json
2026-01-13 11:22:59 - INFO - parent_results_dir: ../experiment_results/
2026-01-13 11:22:59 - INFO - exp_name: radec-space-include-bin-features
2026-01-13 11:22:59 - INFO - binning_method: healpix
2026-01-13 11:22:59 - INFO - nside: 16
2026-01-13 11:22:59 - INFO - bin_space: radec
2026-01-13 11:22:59 - INFO - specific_years: [2018]
2026-01-13 11:22:59 - INFO - specific_months: [12]
2026-01-13 11:22:59 - INFO - specific_days: None
2026-01-13 11:22:59 - INFO - include_bin_features: False
2026-01-13 11:22:59 - INFO - do_cyclical_norm: True
2026-01-13 11:22:59 - INFO - do_max_norm: True
2026-01-13 11:22:59 - INFO - do_inverse_airmass: True
2026-01-13 11:22:59 - INFO - num_epochs: 10
2026-01-13 11:22:59 - INFO - batch_size: 1024
2026-01-13 11:22:59 - INFO - num_workers: 4
2026-01-13 11:22:59 - INFO - lr: 0.001
2026-01-13 11:22:59 - INFO - lr_scheduler: cosine_annealing
2026-01-13 11:22:59 - INFO - hidden_dim: 1024
2026-01-13 11:22:59 - INFO - eta_min: 1e-05
2026-01-13 11:22:59 - INFO - patience: 10
2026-01-13 11:22:59 - INFO - algorithm_name: behavior_cloning
2026-01-13 11:22:59 - INFO - loss_function: cross_entropy
2026-01-13 11:22:59 - INFO - tau: 0.005
2026-01-13 11:22:59 - INFO - gamma: 0.99
2026-01-13 11:22:59 - INFO - Loading raw data...
2026-01-13 11:23:00 - INFO - Processing raw data into OfflineDataset()...
2026-01-13 11:23:06 - DEBUG - Offline dataset config: {'binning_method': 'healpix', 'nside': 16, 'bin_space': 'radec', 'include_default_features': True, 'include_bin_features': False, 'do_cyclical_norm': True, 'do_max_norm': True, 'do_inverse_airmass': True}
2026-01-13 11:23:06 - INFO - Initializing agent...
2026-01-13 11:23:07 - INFO - Starting training...
2026-01-13 12:04:33 - INFO - Total train time = 2486.2650949954987s on cpu
2026-01-13 12:04:33 - INFO - Training complete.
2026-01-13 12:04:33 - INFO - Plotting training loss curve...
